[0.219s] Invoking command in '/home/jw/jw/dgtr_ws/build/turtlebot3_navigation2': CMAKE_PREFIX_PATH=/opt/ros/humble /usr/bin/cmake /home/jw/jw/dgtr_ws/src/turtlebot3/turtlebot3_navigation2 -DAMENT_CMAKE_SYMLINK_INSTALL=1 -DCMAKE_INSTALL_PREFIX=/home/jw/jw/dgtr_ws/install/turtlebot3_navigation2
[0.267s] -- The C compiler identification is GNU 11.3.0
[0.322s] -- The CXX compiler identification is GNU 11.3.0
[0.330s] -- Detecting C compiler ABI info
[0.395s] -- Detecting C compiler ABI info - done
[0.406s] -- Check for working C compiler: /usr/bin/cc - skipped
[0.406s] -- Detecting C compile features
[0.407s] -- Detecting C compile features - done
[0.410s] -- Detecting CXX compiler ABI info
[0.482s] -- Detecting CXX compiler ABI info - done
[0.494s] -- Check for working CXX compiler: /usr/bin/c++ - skipped
[0.495s] -- Detecting CXX compile features
[0.495s] -- Detecting CXX compile features - done
[0.497s] -- Found ament_cmake: 1.3.3 (/opt/ros/humble/share/ament_cmake/cmake)
[0.685s] -- Found Python3: /usr/bin/python3.10 (found version "3.10.6") found components: Interpreter 
[0.757s] -- Override CMake install command with custom implementation using symlinks instead of copying resources
[0.861s] -- Configuring done
[0.863s] -- Generating done
[0.865s] -- Build files have been written to: /home/jw/jw/dgtr_ws/build/turtlebot3_navigation2
[0.871s] Invoked command in '/home/jw/jw/dgtr_ws/build/turtlebot3_navigation2' returned '0': CMAKE_PREFIX_PATH=/opt/ros/humble /usr/bin/cmake /home/jw/jw/dgtr_ws/src/turtlebot3/turtlebot3_navigation2 -DAMENT_CMAKE_SYMLINK_INSTALL=1 -DCMAKE_INSTALL_PREFIX=/home/jw/jw/dgtr_ws/install/turtlebot3_navigation2
[0.871s] Invoking command in '/home/jw/jw/dgtr_ws/build/turtlebot3_navigation2': CMAKE_PREFIX_PATH=/opt/ros/humble /usr/bin/cmake --build /home/jw/jw/dgtr_ws/build/turtlebot3_navigation2 -- -j8 -l8
[0.904s] Invoked command in '/home/jw/jw/dgtr_ws/build/turtlebot3_navigation2' returned '0': CMAKE_PREFIX_PATH=/opt/ros/humble /usr/bin/cmake --build /home/jw/jw/dgtr_ws/build/turtlebot3_navigation2 -- -j8 -l8
[0.925s] Invoking command in '/home/jw/jw/dgtr_ws/build/turtlebot3_navigation2': CMAKE_PREFIX_PATH=/opt/ros/humble /usr/bin/cmake --install /home/jw/jw/dgtr_ws/build/turtlebot3_navigation2
[0.933s] -- Install configuration: ""
[0.933s] -- Execute custom install script
[0.933s] -- Symlinking: /home/jw/jw/dgtr_ws/install/turtlebot3_navigation2/share/turtlebot3_navigation2/launch/navigation2.launch.py
[0.941s] -- Symlinking: /home/jw/jw/dgtr_ws/install/turtlebot3_navigation2/share/turtlebot3_navigation2/map/map.pgm
[0.949s] -- Symlinking: /home/jw/jw/dgtr_ws/install/turtlebot3_navigation2/share/turtlebot3_navigation2/map/map.yaml
[0.957s] -- Symlinking: /home/jw/jw/dgtr_ws/install/turtlebot3_navigation2/share/turtlebot3_navigation2/param/burger.yaml
[0.964s] -- Symlinking: /home/jw/jw/dgtr_ws/install/turtlebot3_navigation2/share/turtlebot3_navigation2/param/waffle.yaml
[0.972s] -- Symlinking: /home/jw/jw/dgtr_ws/install/turtlebot3_navigation2/share/turtlebot3_navigation2/param/waffle_pi.yaml
[0.979s] -- Symlinking: /home/jw/jw/dgtr_ws/install/turtlebot3_navigation2/share/turtlebot3_navigation2/rviz/tb3_navigation2.rviz
[0.990s] -- Symlinking: /home/jw/jw/dgtr_ws/install/turtlebot3_navigation2/share/ament_index/resource_index/package_run_dependencies/turtlebot3_navigation2
[0.996s] -- Symlinking: /home/jw/jw/dgtr_ws/install/turtlebot3_navigation2/share/ament_index/resource_index/parent_prefix_path/turtlebot3_navigation2
[1.002s] -- Symlinking: /home/jw/jw/dgtr_ws/install/turtlebot3_navigation2/share/turtlebot3_navigation2/environment/ament_prefix_path.sh
[1.009s] -- Symlinking: /home/jw/jw/dgtr_ws/install/turtlebot3_navigation2/share/turtlebot3_navigation2/environment/ament_prefix_path.dsv
[1.015s] -- Symlinking: /home/jw/jw/dgtr_ws/install/turtlebot3_navigation2/share/turtlebot3_navigation2/environment/path.sh
[1.022s] -- Symlinking: /home/jw/jw/dgtr_ws/install/turtlebot3_navigation2/share/turtlebot3_navigation2/environment/path.dsv
[1.030s] -- Symlinking: /home/jw/jw/dgtr_ws/install/turtlebot3_navigation2/share/turtlebot3_navigation2/local_setup.bash
[1.038s] -- Symlinking: /home/jw/jw/dgtr_ws/install/turtlebot3_navigation2/share/turtlebot3_navigation2/local_setup.sh
[1.045s] -- Symlinking: /home/jw/jw/dgtr_ws/install/turtlebot3_navigation2/share/turtlebot3_navigation2/local_setup.zsh
[1.053s] -- Symlinking: /home/jw/jw/dgtr_ws/install/turtlebot3_navigation2/share/turtlebot3_navigation2/local_setup.dsv
[1.060s] -- Symlinking: /home/jw/jw/dgtr_ws/install/turtlebot3_navigation2/share/turtlebot3_navigation2/package.dsv
[1.067s] -- Symlinking: /home/jw/jw/dgtr_ws/install/turtlebot3_navigation2/share/ament_index/resource_index/packages/turtlebot3_navigation2
[1.075s] -- Symlinking: /home/jw/jw/dgtr_ws/install/turtlebot3_navigation2/share/turtlebot3_navigation2/cmake/turtlebot3_navigation2Config.cmake
[1.091s] -- Symlinking: /home/jw/jw/dgtr_ws/install/turtlebot3_navigation2/share/turtlebot3_navigation2/cmake/turtlebot3_navigation2Config-version.cmake
[1.095s] -- Symlinking: /home/jw/jw/dgtr_ws/install/turtlebot3_navigation2/share/turtlebot3_navigation2/package.xml
[1.111s] Invoked command in '/home/jw/jw/dgtr_ws/build/turtlebot3_navigation2' returned '0': CMAKE_PREFIX_PATH=/opt/ros/humble /usr/bin/cmake --install /home/jw/jw/dgtr_ws/build/turtlebot3_navigation2
