[0.336s] Invoking command in '/home/jw/jw/dgtr_ws/build/turtlebot3_navigation2': CMAKE_PREFIX_PATH=${CMAKE_PREFIX_PATH}:/home/jw/jw/dgtr_ws/install/turtlebot3_teleop:/home/jw/jw/dgtr_ws/install/turtlebot3_example:/opt/ros/humble /usr/bin/cmake --build /home/jw/jw/dgtr_ws/build/turtlebot3_navigation2 -- -j8 -l8
[0.932s] Invoked command in '/home/jw/jw/dgtr_ws/build/turtlebot3_navigation2' returned '0': CMAKE_PREFIX_PATH=${CMAKE_PREFIX_PATH}:/home/jw/jw/dgtr_ws/install/turtlebot3_teleop:/home/jw/jw/dgtr_ws/install/turtlebot3_example:/opt/ros/humble /usr/bin/cmake --build /home/jw/jw/dgtr_ws/build/turtlebot3_navigation2 -- -j8 -l8
[1.180s] Invoking command in '/home/jw/jw/dgtr_ws/build/turtlebot3_navigation2': CMAKE_PREFIX_PATH=${CMAKE_PREFIX_PATH}:/home/jw/jw/dgtr_ws/install/turtlebot3_teleop:/home/jw/jw/dgtr_ws/install/turtlebot3_example:/opt/ros/humble /usr/bin/cmake --install /home/jw/jw/dgtr_ws/build/turtlebot3_navigation2
[1.217s] -- Install configuration: ""
[1.217s] -- Execute custom install script
[1.217s] -- Up-to-date symlink: /home/jw/jw/dgtr_ws/install/turtlebot3_navigation2/share/turtlebot3_navigation2/launch/custom_nav.launch.py
[1.217s] -- Up-to-date symlink: /home/jw/jw/dgtr_ws/install/turtlebot3_navigation2/share/turtlebot3_navigation2/launch/navigation2.launch.py
[1.217s] -- Up-to-date symlink: /home/jw/jw/dgtr_ws/install/turtlebot3_navigation2/share/turtlebot3_navigation2/map/custom_map.pgm
[1.217s] -- Up-to-date symlink: /home/jw/jw/dgtr_ws/install/turtlebot3_navigation2/share/turtlebot3_navigation2/map/custom_map.yaml
[1.217s] -- Symlinking: /home/jw/jw/dgtr_ws/install/turtlebot3_navigation2/share/turtlebot3_navigation2/map/map.pgm
[1.224s] -- Symlinking: /home/jw/jw/dgtr_ws/install/turtlebot3_navigation2/share/turtlebot3_navigation2/map/map.yaml
[1.254s] -- Up-to-date symlink: /home/jw/jw/dgtr_ws/install/turtlebot3_navigation2/share/turtlebot3_navigation2/param/burger.yaml
[1.254s] -- Up-to-date symlink: /home/jw/jw/dgtr_ws/install/turtlebot3_navigation2/share/turtlebot3_navigation2/param/waffle.yaml
[1.254s] -- Up-to-date symlink: /home/jw/jw/dgtr_ws/install/turtlebot3_navigation2/share/turtlebot3_navigation2/param/waffle_pi.yaml
[1.254s] -- Up-to-date symlink: /home/jw/jw/dgtr_ws/install/turtlebot3_navigation2/share/turtlebot3_navigation2/rviz/tb3_navigation2.rviz
[1.254s] -- Up-to-date symlink: /home/jw/jw/dgtr_ws/install/turtlebot3_navigation2/share/ament_index/resource_index/package_run_dependencies/turtlebot3_navigation2
[1.254s] -- Up-to-date symlink: /home/jw/jw/dgtr_ws/install/turtlebot3_navigation2/share/ament_index/resource_index/parent_prefix_path/turtlebot3_navigation2
[1.254s] -- Up-to-date symlink: /home/jw/jw/dgtr_ws/install/turtlebot3_navigation2/share/turtlebot3_navigation2/environment/ament_prefix_path.sh
[1.254s] -- Up-to-date symlink: /home/jw/jw/dgtr_ws/install/turtlebot3_navigation2/share/turtlebot3_navigation2/environment/ament_prefix_path.dsv
[1.254s] -- Up-to-date symlink: /home/jw/jw/dgtr_ws/install/turtlebot3_navigation2/share/turtlebot3_navigation2/environment/path.sh
[1.254s] -- Up-to-date symlink: /home/jw/jw/dgtr_ws/install/turtlebot3_navigation2/share/turtlebot3_navigation2/environment/path.dsv
[1.254s] -- Up-to-date symlink: /home/jw/jw/dgtr_ws/install/turtlebot3_navigation2/share/turtlebot3_navigation2/local_setup.bash
[1.254s] -- Up-to-date symlink: /home/jw/jw/dgtr_ws/install/turtlebot3_navigation2/share/turtlebot3_navigation2/local_setup.sh
[1.254s] -- Up-to-date symlink: /home/jw/jw/dgtr_ws/install/turtlebot3_navigation2/share/turtlebot3_navigation2/local_setup.zsh
[1.255s] -- Up-to-date symlink: /home/jw/jw/dgtr_ws/install/turtlebot3_navigation2/share/turtlebot3_navigation2/local_setup.dsv
[1.255s] -- Symlinking: /home/jw/jw/dgtr_ws/install/turtlebot3_navigation2/share/turtlebot3_navigation2/package.dsv
[1.291s] -- Up-to-date symlink: /home/jw/jw/dgtr_ws/install/turtlebot3_navigation2/share/ament_index/resource_index/packages/turtlebot3_navigation2
[1.291s] -- Up-to-date symlink: /home/jw/jw/dgtr_ws/install/turtlebot3_navigation2/share/turtlebot3_navigation2/cmake/turtlebot3_navigation2Config.cmake
[1.291s] -- Up-to-date symlink: /home/jw/jw/dgtr_ws/install/turtlebot3_navigation2/share/turtlebot3_navigation2/cmake/turtlebot3_navigation2Config-version.cmake
[1.291s] -- Up-to-date symlink: /home/jw/jw/dgtr_ws/install/turtlebot3_navigation2/share/turtlebot3_navigation2/package.xml
[1.296s] Invoked command in '/home/jw/jw/dgtr_ws/build/turtlebot3_navigation2' returned '0': CMAKE_PREFIX_PATH=${CMAKE_PREFIX_PATH}:/home/jw/jw/dgtr_ws/install/turtlebot3_teleop:/home/jw/jw/dgtr_ws/install/turtlebot3_example:/opt/ros/humble /usr/bin/cmake --install /home/jw/jw/dgtr_ws/build/turtlebot3_navigation2
