[0.045s] Invoking command in '/home/jw/jw/dgtr_ws/build/turtlebot3_node': CMAKE_PREFIX_PATH=${CMAKE_PREFIX_PATH}:/home/jw/jw/dgtr_ws/install/turtlebot3_teleop:/home/jw/jw/dgtr_ws/install/turtlebot3_example:/opt/ros/humble /usr/bin/cmake --build /home/jw/jw/dgtr_ws/build/turtlebot3_node -- -j8 -l8
[0.270s] [ 85%] Built target turtlebot3_node_lib
[0.271s] [100%] Built target turtlebot3_ros
[0.500s] Invoked command in '/home/jw/jw/dgtr_ws/build/turtlebot3_node' returned '0': CMAKE_PREFIX_PATH=${CMAKE_PREFIX_PATH}:/home/jw/jw/dgtr_ws/install/turtlebot3_teleop:/home/jw/jw/dgtr_ws/install/turtlebot3_example:/opt/ros/humble /usr/bin/cmake --build /home/jw/jw/dgtr_ws/build/turtlebot3_node -- -j8 -l8
[0.576s] Invoking command in '/home/jw/jw/dgtr_ws/build/turtlebot3_node': CMAKE_PREFIX_PATH=${CMAKE_PREFIX_PATH}:/home/jw/jw/dgtr_ws/install/turtlebot3_teleop:/home/jw/jw/dgtr_ws/install/turtlebot3_example:/opt/ros/humble /usr/bin/cmake --install /home/jw/jw/dgtr_ws/build/turtlebot3_node
[0.603s] -- Install configuration: ""
[0.603s] -- Execute custom install script
[0.603s] -- Up-to-date symlink: /home/jw/jw/dgtr_ws/install/turtlebot3_node/share/turtlebot3_node/param/burger.yaml
[0.603s] -- Up-to-date symlink: /home/jw/jw/dgtr_ws/install/turtlebot3_node/share/turtlebot3_node/param/waffle.yaml
[0.603s] -- Up-to-date symlink: /home/jw/jw/dgtr_ws/install/turtlebot3_node/share/turtlebot3_node/param/waffle_pi.yaml
[0.604s] -- Up-to-date symlink: /home/jw/jw/dgtr_ws/install/turtlebot3_node/lib/turtlebot3_node/turtlebot3_ros
[0.604s] -- Up-to-date symlink: /home/jw/jw/dgtr_ws/install/turtlebot3_node/share/ament_index/resource_index/package_run_dependencies/turtlebot3_node
[0.604s] -- Up-to-date symlink: /home/jw/jw/dgtr_ws/install/turtlebot3_node/share/ament_index/resource_index/parent_prefix_path/turtlebot3_node
[0.605s] -- Up-to-date symlink: /home/jw/jw/dgtr_ws/install/turtlebot3_node/share/turtlebot3_node/environment/ament_prefix_path.sh
[0.605s] -- Up-to-date symlink: /home/jw/jw/dgtr_ws/install/turtlebot3_node/share/turtlebot3_node/environment/ament_prefix_path.dsv
[0.605s] -- Up-to-date symlink: /home/jw/jw/dgtr_ws/install/turtlebot3_node/share/turtlebot3_node/environment/path.sh
[0.606s] -- Up-to-date symlink: /home/jw/jw/dgtr_ws/install/turtlebot3_node/share/turtlebot3_node/environment/path.dsv
[0.606s] -- Up-to-date symlink: /home/jw/jw/dgtr_ws/install/turtlebot3_node/share/turtlebot3_node/local_setup.bash
[0.607s] -- Up-to-date symlink: /home/jw/jw/dgtr_ws/install/turtlebot3_node/share/turtlebot3_node/local_setup.sh
[0.607s] -- Up-to-date symlink: /home/jw/jw/dgtr_ws/install/turtlebot3_node/share/turtlebot3_node/local_setup.zsh
[0.607s] -- Up-to-date symlink: /home/jw/jw/dgtr_ws/install/turtlebot3_node/share/turtlebot3_node/local_setup.dsv
[0.607s] -- Symlinking: /home/jw/jw/dgtr_ws/install/turtlebot3_node/share/turtlebot3_node/package.dsv
[0.610s] -- Up-to-date symlink: /home/jw/jw/dgtr_ws/install/turtlebot3_node/share/ament_index/resource_index/packages/turtlebot3_node
[0.610s] -- Up-to-date symlink: /home/jw/jw/dgtr_ws/install/turtlebot3_node/share/turtlebot3_node/cmake/ament_cmake_export_include_directories-extras.cmake
[0.611s] -- Up-to-date symlink: /home/jw/jw/dgtr_ws/install/turtlebot3_node/share/turtlebot3_node/cmake/turtlebot3_nodeConfig.cmake
[0.611s] -- Up-to-date symlink: /home/jw/jw/dgtr_ws/install/turtlebot3_node/share/turtlebot3_node/cmake/turtlebot3_nodeConfig-version.cmake
[0.611s] -- Up-to-date symlink: /home/jw/jw/dgtr_ws/install/turtlebot3_node/share/turtlebot3_node/package.xml
[0.641s] Invoked command in '/home/jw/jw/dgtr_ws/build/turtlebot3_node' returned '0': CMAKE_PREFIX_PATH=${CMAKE_PREFIX_PATH}:/home/jw/jw/dgtr_ws/install/turtlebot3_teleop:/home/jw/jw/dgtr_ws/install/turtlebot3_example:/opt/ros/humble /usr/bin/cmake --install /home/jw/jw/dgtr_ws/build/turtlebot3_node
