[0.035s] Invoking command in '/home/jw/jw/dgtr_ws/build/turtlebot3_description': CMAKE_PREFIX_PATH=/opt/ros/humble /usr/bin/cmake /home/jw/jw/dgtr_ws/src/turtlebot3/turtlebot3_description -DAMENT_CMAKE_SYMLINK_INSTALL=1 -DCMAKE_INSTALL_PREFIX=/home/jw/jw/dgtr_ws/install/turtlebot3_description
[0.243s] -- The C compiler identification is GNU 11.3.0
[0.243s] -- The CXX compiler identification is GNU 11.3.0
[0.243s] -- Detecting C compiler ABI info
[0.243s] -- Detecting C compiler ABI info - done
[0.247s] -- Check for working C compiler: /usr/bin/cc - skipped
[0.248s] -- Detecting C compile features
[0.248s] -- Detecting C compile features - done
[0.251s] -- Detecting CXX compiler ABI info
[0.343s] -- Detecting CXX compiler ABI info - done
[0.350s] -- Check for working CXX compiler: /usr/bin/c++ - skipped
[0.350s] -- Detecting CXX compile features
[0.351s] -- Detecting CXX compile features - done
[0.352s] -- Found ament_cmake: 1.3.3 (/opt/ros/humble/share/ament_cmake/cmake)
[0.526s] -- Found Python3: /usr/bin/python3.10 (found version "3.10.6") found components: Interpreter 
[0.593s] -- Override CMake install command with custom implementation using symlinks instead of copying resources
[0.623s] -- Found urdf: 2.6.0 (/opt/ros/humble/share/urdf/cmake)
[0.782s] -- Configuring done
[0.785s] -- Generating done
[0.786s] -- Build files have been written to: /home/jw/jw/dgtr_ws/build/turtlebot3_description
[0.806s] Invoked command in '/home/jw/jw/dgtr_ws/build/turtlebot3_description' returned '0': CMAKE_PREFIX_PATH=/opt/ros/humble /usr/bin/cmake /home/jw/jw/dgtr_ws/src/turtlebot3/turtlebot3_description -DAMENT_CMAKE_SYMLINK_INSTALL=1 -DCMAKE_INSTALL_PREFIX=/home/jw/jw/dgtr_ws/install/turtlebot3_description
[0.807s] Invoking command in '/home/jw/jw/dgtr_ws/build/turtlebot3_description': CMAKE_PREFIX_PATH=/opt/ros/humble /usr/bin/cmake --build /home/jw/jw/dgtr_ws/build/turtlebot3_description -- -j8 -l8
[0.847s] Invoked command in '/home/jw/jw/dgtr_ws/build/turtlebot3_description' returned '0': CMAKE_PREFIX_PATH=/opt/ros/humble /usr/bin/cmake --build /home/jw/jw/dgtr_ws/build/turtlebot3_description -- -j8 -l8
[0.868s] Invoking command in '/home/jw/jw/dgtr_ws/build/turtlebot3_description': CMAKE_PREFIX_PATH=/opt/ros/humble /usr/bin/cmake --install /home/jw/jw/dgtr_ws/build/turtlebot3_description
[0.875s] -- Install configuration: ""
[0.875s] -- Execute custom install script
[0.875s] -- Symlinking: /home/jw/jw/dgtr_ws/install/turtlebot3_description/share/turtlebot3_description/meshes/bases/burger_base.stl
[0.883s] -- Symlinking: /home/jw/jw/dgtr_ws/install/turtlebot3_description/share/turtlebot3_description/meshes/bases/waffle_base.stl
[0.891s] -- Symlinking: /home/jw/jw/dgtr_ws/install/turtlebot3_description/share/turtlebot3_description/meshes/bases/waffle_pi_base.stl
[0.901s] -- Symlinking: /home/jw/jw/dgtr_ws/install/turtlebot3_description/share/turtlebot3_description/meshes/sensors/astra.dae
[0.909s] -- Symlinking: /home/jw/jw/dgtr_ws/install/turtlebot3_description/share/turtlebot3_description/meshes/sensors/astra.jpg
[0.917s] -- Symlinking: /home/jw/jw/dgtr_ws/install/turtlebot3_description/share/turtlebot3_description/meshes/sensors/lds.stl
[0.925s] -- Symlinking: /home/jw/jw/dgtr_ws/install/turtlebot3_description/share/turtlebot3_description/meshes/sensors/r200.dae
[0.934s] -- Symlinking: /home/jw/jw/dgtr_ws/install/turtlebot3_description/share/turtlebot3_description/meshes/sensors/r200.jpg
[0.942s] -- Symlinking: /home/jw/jw/dgtr_ws/install/turtlebot3_description/share/turtlebot3_description/meshes/wheels/left_tire.stl
[0.950s] -- Symlinking: /home/jw/jw/dgtr_ws/install/turtlebot3_description/share/turtlebot3_description/meshes/wheels/right_tire.stl
[0.957s] -- Symlinking: /home/jw/jw/dgtr_ws/install/turtlebot3_description/share/turtlebot3_description/rviz/model.rviz
[0.965s] -- Symlinking: /home/jw/jw/dgtr_ws/install/turtlebot3_description/share/turtlebot3_description/urdf/common_properties.urdf
[0.973s] -- Symlinking: /home/jw/jw/dgtr_ws/install/turtlebot3_description/share/turtlebot3_description/urdf/turtlebot3_burger.urdf
[0.981s] -- Symlinking: /home/jw/jw/dgtr_ws/install/turtlebot3_description/share/turtlebot3_description/urdf/turtlebot3_waffle.urdf
[0.987s] -- Symlinking: /home/jw/jw/dgtr_ws/install/turtlebot3_description/share/turtlebot3_description/urdf/turtlebot3_waffle_pi.urdf
[0.995s] -- Symlinking: /home/jw/jw/dgtr_ws/install/turtlebot3_description/share/ament_index/resource_index/package_run_dependencies/turtlebot3_description
[1.003s] -- Symlinking: /home/jw/jw/dgtr_ws/install/turtlebot3_description/share/ament_index/resource_index/parent_prefix_path/turtlebot3_description
[1.014s] -- Symlinking: /home/jw/jw/dgtr_ws/install/turtlebot3_description/share/turtlebot3_description/environment/ament_prefix_path.sh
[1.020s] -- Symlinking: /home/jw/jw/dgtr_ws/install/turtlebot3_description/share/turtlebot3_description/environment/ament_prefix_path.dsv
[1.026s] -- Symlinking: /home/jw/jw/dgtr_ws/install/turtlebot3_description/share/turtlebot3_description/environment/path.sh
[1.033s] -- Symlinking: /home/jw/jw/dgtr_ws/install/turtlebot3_description/share/turtlebot3_description/environment/path.dsv
[1.040s] -- Symlinking: /home/jw/jw/dgtr_ws/install/turtlebot3_description/share/turtlebot3_description/local_setup.bash
[1.048s] -- Symlinking: /home/jw/jw/dgtr_ws/install/turtlebot3_description/share/turtlebot3_description/local_setup.sh
[1.055s] -- Symlinking: /home/jw/jw/dgtr_ws/install/turtlebot3_description/share/turtlebot3_description/local_setup.zsh
[1.061s] -- Symlinking: /home/jw/jw/dgtr_ws/install/turtlebot3_description/share/turtlebot3_description/local_setup.dsv
[1.069s] -- Symlinking: /home/jw/jw/dgtr_ws/install/turtlebot3_description/share/turtlebot3_description/package.dsv
[1.077s] -- Symlinking: /home/jw/jw/dgtr_ws/install/turtlebot3_description/share/ament_index/resource_index/packages/turtlebot3_description
[1.083s] -- Symlinking: /home/jw/jw/dgtr_ws/install/turtlebot3_description/share/turtlebot3_description/cmake/turtlebot3_descriptionConfig.cmake
[1.090s] -- Symlinking: /home/jw/jw/dgtr_ws/install/turtlebot3_description/share/turtlebot3_description/cmake/turtlebot3_descriptionConfig-version.cmake
[1.097s] -- Symlinking: /home/jw/jw/dgtr_ws/install/turtlebot3_description/share/turtlebot3_description/package.xml
[1.114s] Invoked command in '/home/jw/jw/dgtr_ws/build/turtlebot3_description' returned '0': CMAKE_PREFIX_PATH=/opt/ros/humble /usr/bin/cmake --install /home/jw/jw/dgtr_ws/build/turtlebot3_description
