[0.223s] Invoking command in '/home/jw/jw/dgtr_ws/build/turtlebot3_navigation2': CMAKE_PREFIX_PATH=/opt/ros/humble /usr/bin/cmake --build /home/jw/jw/dgtr_ws/build/turtlebot3_navigation2 -- -j8 -l8
[0.433s] Invoked command in '/home/jw/jw/dgtr_ws/build/turtlebot3_navigation2' returned '0': CMAKE_PREFIX_PATH=/opt/ros/humble /usr/bin/cmake --build /home/jw/jw/dgtr_ws/build/turtlebot3_navigation2 -- -j8 -l8
[0.461s] Invoking command in '/home/jw/jw/dgtr_ws/build/turtlebot3_navigation2': CMAKE_PREFIX_PATH=/opt/ros/humble /usr/bin/cmake --install /home/jw/jw/dgtr_ws/build/turtlebot3_navigation2
[0.467s] -- Install configuration: ""
[0.468s] -- Execute custom install script
[0.469s] -- Up-to-date symlink: /home/jw/jw/dgtr_ws/install/turtlebot3_navigation2/share/turtlebot3_navigation2/launch/navigation2.launch.py
[0.474s] -- Up-to-date symlink: /home/jw/jw/dgtr_ws/install/turtlebot3_navigation2/share/turtlebot3_navigation2/map/map.pgm
[0.474s] -- Up-to-date symlink: /home/jw/jw/dgtr_ws/install/turtlebot3_navigation2/share/turtlebot3_navigation2/map/map.yaml
[0.475s] -- Up-to-date symlink: /home/jw/jw/dgtr_ws/install/turtlebot3_navigation2/share/turtlebot3_navigation2/param/burger.yaml
[0.475s] -- Up-to-date symlink: /home/jw/jw/dgtr_ws/install/turtlebot3_navigation2/share/turtlebot3_navigation2/param/waffle.yaml
[0.475s] -- Up-to-date symlink: /home/jw/jw/dgtr_ws/install/turtlebot3_navigation2/share/turtlebot3_navigation2/param/waffle_pi.yaml
[0.476s] -- Up-to-date symlink: /home/jw/jw/dgtr_ws/install/turtlebot3_navigation2/share/turtlebot3_navigation2/rviz/tb3_navigation2.rviz
[0.476s] -- Up-to-date symlink: /home/jw/jw/dgtr_ws/install/turtlebot3_navigation2/share/ament_index/resource_index/package_run_dependencies/turtlebot3_navigation2
[0.476s] -- Up-to-date symlink: /home/jw/jw/dgtr_ws/install/turtlebot3_navigation2/share/ament_index/resource_index/parent_prefix_path/turtlebot3_navigation2
[0.477s] -- Up-to-date symlink: /home/jw/jw/dgtr_ws/install/turtlebot3_navigation2/share/turtlebot3_navigation2/environment/ament_prefix_path.sh
[0.477s] -- Up-to-date symlink: /home/jw/jw/dgtr_ws/install/turtlebot3_navigation2/share/turtlebot3_navigation2/environment/ament_prefix_path.dsv
[0.477s] -- Up-to-date symlink: /home/jw/jw/dgtr_ws/install/turtlebot3_navigation2/share/turtlebot3_navigation2/environment/path.sh
[0.477s] -- Up-to-date symlink: /home/jw/jw/dgtr_ws/install/turtlebot3_navigation2/share/turtlebot3_navigation2/environment/path.dsv
[0.477s] -- Up-to-date symlink: /home/jw/jw/dgtr_ws/install/turtlebot3_navigation2/share/turtlebot3_navigation2/local_setup.bash
[0.478s] -- Up-to-date symlink: /home/jw/jw/dgtr_ws/install/turtlebot3_navigation2/share/turtlebot3_navigation2/local_setup.sh
[0.478s] -- Up-to-date symlink: /home/jw/jw/dgtr_ws/install/turtlebot3_navigation2/share/turtlebot3_navigation2/local_setup.zsh
[0.479s] -- Up-to-date symlink: /home/jw/jw/dgtr_ws/install/turtlebot3_navigation2/share/turtlebot3_navigation2/local_setup.dsv
[0.479s] -- Symlinking: /home/jw/jw/dgtr_ws/install/turtlebot3_navigation2/share/turtlebot3_navigation2/package.dsv
[0.488s] -- Up-to-date symlink: /home/jw/jw/dgtr_ws/install/turtlebot3_navigation2/share/ament_index/resource_index/packages/turtlebot3_navigation2
[0.489s] -- Up-to-date symlink: /home/jw/jw/dgtr_ws/install/turtlebot3_navigation2/share/turtlebot3_navigation2/cmake/turtlebot3_navigation2Config.cmake
[0.489s] -- Up-to-date symlink: /home/jw/jw/dgtr_ws/install/turtlebot3_navigation2/share/turtlebot3_navigation2/cmake/turtlebot3_navigation2Config-version.cmake
[0.490s] -- Up-to-date symlink: /home/jw/jw/dgtr_ws/install/turtlebot3_navigation2/share/turtlebot3_navigation2/package.xml
[0.520s] Invoked command in '/home/jw/jw/dgtr_ws/build/turtlebot3_navigation2' returned '0': CMAKE_PREFIX_PATH=/opt/ros/humble /usr/bin/cmake --install /home/jw/jw/dgtr_ws/build/turtlebot3_navigation2
