[0.663s] Invoking command in '/home/jw/jw/dgtr_ws/build/turtlebot3_example': PYTHONPATH=/home/jw/jw/dgtr_ws/build/turtlebot3_example/prefix_override:/home/jw/jw/dgtr_ws/install/turtlebot3_example/lib/python3.10/site-packages:${PYTHONPATH} /usr/bin/python3 setup.py develop --editable --build-directory /home/jw/jw/dgtr_ws/build/turtlebot3_example/build --no-deps install_data
[0.834s] running develop
[0.834s] /usr/lib/python3/dist-packages/setuptools/command/easy_install.py:158: EasyInstallDeprecationWarning: easy_install command is deprecated. Use build and pip and other standards-based tools.
[0.834s]   warnings.warn(
[0.835s] /usr/lib/python3/dist-packages/setuptools/command/install.py:34: SetuptoolsDeprecationWarning: setup.py install is deprecated. Use build and pip and other standards-based tools.
[0.835s]   warnings.warn(
[0.877s] /usr/lib/python3/dist-packages/pkg_resources/__init__.py:116: PkgResourcesDeprecationWarning: 0.1.43ubuntu1 is an invalid version and will not be supported in a future release
[0.877s]   warnings.warn(
[0.877s] /usr/lib/python3/dist-packages/pkg_resources/__init__.py:116: PkgResourcesDeprecationWarning: 1.1build1 is an invalid version and will not be supported in a future release
[0.877s]   warnings.warn(
[0.944s] running egg_info
[0.944s] writing turtlebot3_example.egg-info/PKG-INFO
[0.945s] writing dependency_links to turtlebot3_example.egg-info/dependency_links.txt
[0.945s] writing entry points to turtlebot3_example.egg-info/entry_points.txt
[0.945s] writing requirements to turtlebot3_example.egg-info/requires.txt
[0.945s] writing top-level names to turtlebot3_example.egg-info/top_level.txt
[0.947s] reading manifest file 'turtlebot3_example.egg-info/SOURCES.txt'
[0.947s] writing manifest file 'turtlebot3_example.egg-info/SOURCES.txt'
[0.948s] running build_ext
[0.948s] Creating /home/jw/jw/dgtr_ws/install/turtlebot3_example/lib/python3.10/site-packages/turtlebot3-example.egg-link (link to .)
[0.949s] Installing turtlebot3_obstacle_detection script to /home/jw/jw/dgtr_ws/install/turtlebot3_example/lib/turtlebot3_example
[0.949s] Installing turtlebot3_patrol_client script to /home/jw/jw/dgtr_ws/install/turtlebot3_example/lib/turtlebot3_example
[0.949s] Installing turtlebot3_patrol_server script to /home/jw/jw/dgtr_ws/install/turtlebot3_example/lib/turtlebot3_example
[0.949s] Installing turtlebot3_position_control script to /home/jw/jw/dgtr_ws/install/turtlebot3_example/lib/turtlebot3_example
[0.949s] 
[0.949s] Installed /home/jw/jw/dgtr_ws/build/turtlebot3_example
[0.949s] running install_data
[0.971s] Invoked command in '/home/jw/jw/dgtr_ws/build/turtlebot3_example' returned '0': PYTHONPATH=/home/jw/jw/dgtr_ws/build/turtlebot3_example/prefix_override:/home/jw/jw/dgtr_ws/install/turtlebot3_example/lib/python3.10/site-packages:${PYTHONPATH} /usr/bin/python3 setup.py develop --editable --build-directory /home/jw/jw/dgtr_ws/build/turtlebot3_example/build --no-deps install_data
