[0.334s] Invoking command in '/home/jw/jw/dgtr_ws/build/turtlebot3_fake_node': CMAKE_PREFIX_PATH=${CMAKE_PREFIX_PATH}:/home/jw/jw/dgtr_ws/install/turtlebot3_teleop:/home/jw/jw/dgtr_ws/install/turtlebot3_example:/opt/ros/humble /usr/bin/cmake --build /home/jw/jw/dgtr_ws/build/turtlebot3_fake_node -- -j8 -l8
[0.459s] [ 50%] [32mBuilding CXX object CMakeFiles/turtlebot3_fake_node.dir/src/turtlebot3_fake_node.cpp.o[0m
[15.326s] [100%] [32m[1mLinking CXX executable turtlebot3_fake_node[0m
[16.101s] [100%] Built target turtlebot3_fake_node
[16.114s] Invoked command in '/home/jw/jw/dgtr_ws/build/turtlebot3_fake_node' returned '0': CMAKE_PREFIX_PATH=${CMAKE_PREFIX_PATH}:/home/jw/jw/dgtr_ws/install/turtlebot3_teleop:/home/jw/jw/dgtr_ws/install/turtlebot3_example:/opt/ros/humble /usr/bin/cmake --build /home/jw/jw/dgtr_ws/build/turtlebot3_fake_node -- -j8 -l8
[16.141s] Invoking command in '/home/jw/jw/dgtr_ws/build/turtlebot3_fake_node': CMAKE_PREFIX_PATH=${CMAKE_PREFIX_PATH}:/home/jw/jw/dgtr_ws/install/turtlebot3_teleop:/home/jw/jw/dgtr_ws/install/turtlebot3_example:/opt/ros/humble /usr/bin/cmake --install /home/jw/jw/dgtr_ws/build/turtlebot3_fake_node
[16.148s] -- Install configuration: ""
[16.149s] -- Execute custom install script
[16.150s] -- Up-to-date symlink: /home/jw/jw/dgtr_ws/install/turtlebot3_fake_node/lib/turtlebot3_fake_node/turtlebot3_fake_node
[16.150s] -- Up-to-date symlink: /home/jw/jw/dgtr_ws/install/turtlebot3_fake_node/share/turtlebot3_fake_node/launch/rviz2.launch.py
[16.150s] -- Up-to-date symlink: /home/jw/jw/dgtr_ws/install/turtlebot3_fake_node/share/turtlebot3_fake_node/launch/turtlebot3_fake_node.launch.py
[16.151s] -- Up-to-date symlink: /home/jw/jw/dgtr_ws/install/turtlebot3_fake_node/share/turtlebot3_fake_node/param/burger.yaml
[16.151s] -- Up-to-date symlink: /home/jw/jw/dgtr_ws/install/turtlebot3_fake_node/share/turtlebot3_fake_node/param/waffle.yaml
[16.151s] -- Up-to-date symlink: /home/jw/jw/dgtr_ws/install/turtlebot3_fake_node/share/turtlebot3_fake_node/param/waffle_pi.yaml
[16.152s] -- Up-to-date symlink: /home/jw/jw/dgtr_ws/install/turtlebot3_fake_node/include//turtlebot3_fake_node/turtlebot3_fake_node.hpp
[16.152s] -- Up-to-date symlink: /home/jw/jw/dgtr_ws/install/turtlebot3_fake_node/share/ament_index/resource_index/package_run_dependencies/turtlebot3_fake_node
[16.152s] -- Up-to-date symlink: /home/jw/jw/dgtr_ws/install/turtlebot3_fake_node/share/ament_index/resource_index/parent_prefix_path/turtlebot3_fake_node
[16.153s] -- Up-to-date symlink: /home/jw/jw/dgtr_ws/install/turtlebot3_fake_node/share/turtlebot3_fake_node/environment/ament_prefix_path.sh
[16.153s] -- Up-to-date symlink: /home/jw/jw/dgtr_ws/install/turtlebot3_fake_node/share/turtlebot3_fake_node/environment/ament_prefix_path.dsv
[16.153s] -- Up-to-date symlink: /home/jw/jw/dgtr_ws/install/turtlebot3_fake_node/share/turtlebot3_fake_node/environment/path.sh
[16.153s] -- Up-to-date symlink: /home/jw/jw/dgtr_ws/install/turtlebot3_fake_node/share/turtlebot3_fake_node/environment/path.dsv
[16.154s] -- Up-to-date symlink: /home/jw/jw/dgtr_ws/install/turtlebot3_fake_node/share/turtlebot3_fake_node/local_setup.bash
[16.154s] -- Up-to-date symlink: /home/jw/jw/dgtr_ws/install/turtlebot3_fake_node/share/turtlebot3_fake_node/local_setup.sh
[16.154s] -- Up-to-date symlink: /home/jw/jw/dgtr_ws/install/turtlebot3_fake_node/share/turtlebot3_fake_node/local_setup.zsh
[16.154s] -- Up-to-date symlink: /home/jw/jw/dgtr_ws/install/turtlebot3_fake_node/share/turtlebot3_fake_node/local_setup.dsv
[16.155s] -- Symlinking: /home/jw/jw/dgtr_ws/install/turtlebot3_fake_node/share/turtlebot3_fake_node/package.dsv
[16.164s] -- Up-to-date symlink: /home/jw/jw/dgtr_ws/install/turtlebot3_fake_node/share/ament_index/resource_index/packages/turtlebot3_fake_node
[16.164s] -- Up-to-date symlink: /home/jw/jw/dgtr_ws/install/turtlebot3_fake_node/share/turtlebot3_fake_node/cmake/ament_cmake_export_include_directories-extras.cmake
[16.165s] -- Up-to-date symlink: /home/jw/jw/dgtr_ws/install/turtlebot3_fake_node/share/turtlebot3_fake_node/cmake/ament_cmake_export_dependencies-extras.cmake
[16.165s] -- Up-to-date symlink: /home/jw/jw/dgtr_ws/install/turtlebot3_fake_node/share/turtlebot3_fake_node/cmake/turtlebot3_fake_nodeConfig.cmake
[16.165s] -- Up-to-date symlink: /home/jw/jw/dgtr_ws/install/turtlebot3_fake_node/share/turtlebot3_fake_node/cmake/turtlebot3_fake_nodeConfig-version.cmake
[16.165s] -- Up-to-date symlink: /home/jw/jw/dgtr_ws/install/turtlebot3_fake_node/share/turtlebot3_fake_node/package.xml
[16.173s] Invoked command in '/home/jw/jw/dgtr_ws/build/turtlebot3_fake_node' returned '0': CMAKE_PREFIX_PATH=${CMAKE_PREFIX_PATH}:/home/jw/jw/dgtr_ws/install/turtlebot3_teleop:/home/jw/jw/dgtr_ws/install/turtlebot3_example:/opt/ros/humble /usr/bin/cmake --install /home/jw/jw/dgtr_ws/build/turtlebot3_fake_node
