[0.726s] Invoking command in '/home/jw/jw/dgtr_ws/build/turtlebot3_example': PYTHONPATH=/home/jw/jw/dgtr_ws/build/turtlebot3_example/prefix_override:/home/jw/jw/dgtr_ws/install/turtlebot3_example/lib/python3.10/site-packages:${PYTHONPATH} /usr/bin/python3 setup.py develop --editable --build-directory /home/jw/jw/dgtr_ws/build/turtlebot3_example/build --no-deps install_data
[0.902s] running develop
[1.008s] running egg_info
[1.008s] writing turtlebot3_example.egg-info/PKG-INFO
[1.008s] writing dependency_links to turtlebot3_example.egg-info/dependency_links.txt
[1.008s] writing entry points to turtlebot3_example.egg-info/entry_points.txt
[1.008s] writing requirements to turtlebot3_example.egg-info/requires.txt
[1.008s] writing top-level names to turtlebot3_example.egg-info/top_level.txt
[1.010s] reading manifest file 'turtlebot3_example.egg-info/SOURCES.txt'
[1.010s] writing manifest file 'turtlebot3_example.egg-info/SOURCES.txt'
[1.011s] running build_ext
[1.011s] Creating /home/jw/jw/dgtr_ws/install/turtlebot3_example/lib/python3.10/site-packages/turtlebot3-example.egg-link (link to .)
[1.012s] Installing turtlebot3_obstacle_detection script to /home/jw/jw/dgtr_ws/install/turtlebot3_example/lib/turtlebot3_example
[1.012s] Installing turtlebot3_patrol_client script to /home/jw/jw/dgtr_ws/install/turtlebot3_example/lib/turtlebot3_example
[1.012s] Installing turtlebot3_patrol_server script to /home/jw/jw/dgtr_ws/install/turtlebot3_example/lib/turtlebot3_example
[1.012s] Installing turtlebot3_position_control script to /home/jw/jw/dgtr_ws/install/turtlebot3_example/lib/turtlebot3_example
[1.012s] 
[1.012s] Installed /home/jw/jw/dgtr_ws/build/turtlebot3_example
[1.012s] running install_data
[1.035s] Invoked command in '/home/jw/jw/dgtr_ws/build/turtlebot3_example' returned '0': PYTHONPATH=/home/jw/jw/dgtr_ws/build/turtlebot3_example/prefix_override:/home/jw/jw/dgtr_ws/install/turtlebot3_example/lib/python3.10/site-packages:${PYTHONPATH} /usr/bin/python3 setup.py develop --editable --build-directory /home/jw/jw/dgtr_ws/build/turtlebot3_example/build --no-deps install_data
