[0.007s] Invoking command in '/home/jw/jw/dgtr_ws/build/turtlebot3_bringup': AMENT_PREFIX_PATH=/home/jw/jw/dgtr_ws/install/turtlebot3_node:/home/jw/jw/dgtr_ws/install/turtlebot3_description:${AMENT_PREFIX_PATH} CMAKE_PREFIX_PATH=/home/jw/jw/dgtr_ws/install/turtlebot3_node:/home/jw/jw/dgtr_ws/install/turtlebot3_description:/opt/ros/humble /usr/bin/cmake --build /home/jw/jw/dgtr_ws/build/turtlebot3_bringup -- -j8 -l8
[0.032s] Invoked command in '/home/jw/jw/dgtr_ws/build/turtlebot3_bringup' returned '0': AMENT_PREFIX_PATH=/home/jw/jw/dgtr_ws/install/turtlebot3_node:/home/jw/jw/dgtr_ws/install/turtlebot3_description:${AMENT_PREFIX_PATH} CMAKE_PREFIX_PATH=/home/jw/jw/dgtr_ws/install/turtlebot3_node:/home/jw/jw/dgtr_ws/install/turtlebot3_description:/opt/ros/humble /usr/bin/cmake --build /home/jw/jw/dgtr_ws/build/turtlebot3_bringup -- -j8 -l8
[0.047s] Invoking command in '/home/jw/jw/dgtr_ws/build/turtlebot3_bringup': AMENT_PREFIX_PATH=/home/jw/jw/dgtr_ws/install/turtlebot3_node:/home/jw/jw/dgtr_ws/install/turtlebot3_description:${AMENT_PREFIX_PATH} CMAKE_PREFIX_PATH=/home/jw/jw/dgtr_ws/install/turtlebot3_node:/home/jw/jw/dgtr_ws/install/turtlebot3_description:/opt/ros/humble /usr/bin/cmake --install /home/jw/jw/dgtr_ws/build/turtlebot3_bringup
[0.052s] -- Install configuration: ""
[0.052s] -- Execute custom install script
[0.053s] -- Up-to-date symlink: /home/jw/jw/dgtr_ws/install/turtlebot3_bringup/share/turtlebot3_bringup/launch/robot.launch.py
[0.053s] -- Up-to-date symlink: /home/jw/jw/dgtr_ws/install/turtlebot3_bringup/share/turtlebot3_bringup/launch/rviz2.launch.py
[0.053s] -- Up-to-date symlink: /home/jw/jw/dgtr_ws/install/turtlebot3_bringup/share/turtlebot3_bringup/launch/turtlebot3_state_publisher.launch.py
[0.053s] -- Up-to-date symlink: /home/jw/jw/dgtr_ws/install/turtlebot3_bringup/share/turtlebot3_bringup/param/burger.yaml
[0.053s] -- Up-to-date symlink: /home/jw/jw/dgtr_ws/install/turtlebot3_bringup/share/turtlebot3_bringup/param/waffle.yaml
[0.053s] -- Up-to-date symlink: /home/jw/jw/dgtr_ws/install/turtlebot3_bringup/share/turtlebot3_bringup/param/waffle_pi.yaml
[0.053s] -- Up-to-date symlink: /home/jw/jw/dgtr_ws/install/turtlebot3_bringup/share/turtlebot3_bringup/script/99-turtlebot3-cdc.rules
[0.053s] -- Up-to-date symlink: /home/jw/jw/dgtr_ws/install/turtlebot3_bringup/share/turtlebot3_bringup/script/create_udev_rules
[0.053s] -- Up-to-date symlink: /home/jw/jw/dgtr_ws/install/turtlebot3_bringup/share/ament_index/resource_index/package_run_dependencies/turtlebot3_bringup
[0.053s] -- Up-to-date symlink: /home/jw/jw/dgtr_ws/install/turtlebot3_bringup/share/ament_index/resource_index/parent_prefix_path/turtlebot3_bringup
[0.054s] -- Up-to-date symlink: /home/jw/jw/dgtr_ws/install/turtlebot3_bringup/share/turtlebot3_bringup/environment/ament_prefix_path.sh
[0.054s] -- Up-to-date symlink: /home/jw/jw/dgtr_ws/install/turtlebot3_bringup/share/turtlebot3_bringup/environment/ament_prefix_path.dsv
[0.054s] -- Up-to-date symlink: /home/jw/jw/dgtr_ws/install/turtlebot3_bringup/share/turtlebot3_bringup/environment/path.sh
[0.054s] -- Up-to-date symlink: /home/jw/jw/dgtr_ws/install/turtlebot3_bringup/share/turtlebot3_bringup/environment/path.dsv
[0.054s] -- Up-to-date symlink: /home/jw/jw/dgtr_ws/install/turtlebot3_bringup/share/turtlebot3_bringup/local_setup.bash
[0.054s] -- Up-to-date symlink: /home/jw/jw/dgtr_ws/install/turtlebot3_bringup/share/turtlebot3_bringup/local_setup.sh
[0.055s] -- Up-to-date symlink: /home/jw/jw/dgtr_ws/install/turtlebot3_bringup/share/turtlebot3_bringup/local_setup.zsh
[0.055s] -- Up-to-date symlink: /home/jw/jw/dgtr_ws/install/turtlebot3_bringup/share/turtlebot3_bringup/local_setup.dsv
[0.055s] -- Symlinking: /home/jw/jw/dgtr_ws/install/turtlebot3_bringup/share/turtlebot3_bringup/package.dsv
[0.063s] -- Up-to-date symlink: /home/jw/jw/dgtr_ws/install/turtlebot3_bringup/share/ament_index/resource_index/packages/turtlebot3_bringup
[0.063s] -- Up-to-date symlink: /home/jw/jw/dgtr_ws/install/turtlebot3_bringup/share/turtlebot3_bringup/cmake/turtlebot3_bringupConfig.cmake
[0.063s] -- Up-to-date symlink: /home/jw/jw/dgtr_ws/install/turtlebot3_bringup/share/turtlebot3_bringup/cmake/turtlebot3_bringupConfig-version.cmake
[0.063s] -- Up-to-date symlink: /home/jw/jw/dgtr_ws/install/turtlebot3_bringup/share/turtlebot3_bringup/package.xml
[0.076s] Invoked command in '/home/jw/jw/dgtr_ws/build/turtlebot3_bringup' returned '0': AMENT_PREFIX_PATH=/home/jw/jw/dgtr_ws/install/turtlebot3_node:/home/jw/jw/dgtr_ws/install/turtlebot3_description:${AMENT_PREFIX_PATH} CMAKE_PREFIX_PATH=/home/jw/jw/dgtr_ws/install/turtlebot3_node:/home/jw/jw/dgtr_ws/install/turtlebot3_description:/opt/ros/humble /usr/bin/cmake --install /home/jw/jw/dgtr_ws/build/turtlebot3_bringup
