[0.222s] Invoking command in '/home/jw/jw/dgtr_ws/build/turtlebot3_fake_node': CMAKE_PREFIX_PATH=/opt/ros/humble /usr/bin/cmake /home/jw/jw/dgtr_ws/src/turtlebot3_simulations/turtlebot3_fake_node -DAMENT_CMAKE_SYMLINK_INSTALL=1 -DCMAKE_INSTALL_PREFIX=/home/jw/jw/dgtr_ws/install/turtlebot3_fake_node
[0.276s] -- The C compiler identification is GNU 11.3.0
[0.332s] -- The CXX compiler identification is GNU 11.3.0
[0.341s] -- Detecting C compiler ABI info
[0.402s] -- Detecting C compiler ABI info - done
[0.412s] -- Check for working C compiler: /usr/bin/cc - skipped
[0.413s] -- Detecting C compile features
[0.413s] -- Detecting C compile features - done
[0.416s] -- Detecting CXX compiler ABI info
[0.496s] -- Detecting CXX compiler ABI info - done
[0.506s] -- Check for working CXX compiler: /usr/bin/c++ - skipped
[0.506s] -- Detecting CXX compile features
[0.507s] -- Detecting CXX compile features - done
[0.510s] -- Found ament_cmake: 1.3.3 (/opt/ros/humble/share/ament_cmake/cmake)
[0.708s] -- Found Python3: /usr/bin/python3.10 (found version "3.10.6") found components: Interpreter 
[0.779s] -- Override CMake install command with custom implementation using symlinks instead of copying resources
[0.806s] -- Found geometry_msgs: 4.2.3 (/opt/ros/humble/share/geometry_msgs/cmake)
[0.851s] -- Found rosidl_generator_c: 3.1.4 (/opt/ros/humble/share/rosidl_generator_c/cmake)
[0.856s] -- Found rosidl_adapter: 3.1.4 (/opt/ros/humble/share/rosidl_adapter/cmake)
[0.866s] -- Found rosidl_generator_cpp: 3.1.4 (/opt/ros/humble/share/rosidl_generator_cpp/cmake)
[0.884s] -- Using all available rosidl_typesupport_c: rosidl_typesupport_fastrtps_c;rosidl_typesupport_introspection_c
[0.909s] -- Using all available rosidl_typesupport_cpp: rosidl_typesupport_fastrtps_cpp;rosidl_typesupport_introspection_cpp
[1.077s] -- Found nav_msgs: 4.2.3 (/opt/ros/humble/share/nav_msgs/cmake)
[1.198s] -- Found rclcpp: 16.0.3 (/opt/ros/humble/share/rclcpp/cmake)
[1.276s] -- Found rmw_implementation_cmake: 6.1.1 (/opt/ros/humble/share/rmw_implementation_cmake/cmake)
[1.279s] -- Found rmw_fastrtps_cpp: 6.2.2 (/opt/ros/humble/share/rmw_fastrtps_cpp/cmake)
[1.377s] -- Found OpenSSL: /usr/lib/x86_64-linux-gnu/libcrypto.so (found version "3.0.2")  
[1.408s] -- Found FastRTPS: /opt/ros/humble/include  
[1.462s] -- Using RMW implementation 'rmw_fastrtps_cpp' as default
[1.471s] -- Looking for pthread.h
[1.521s] -- Looking for pthread.h - found
[1.522s] -- Performing Test CMAKE_HAVE_LIBC_PTHREAD
[1.573s] -- Performing Test CMAKE_HAVE_LIBC_PTHREAD - Success
[1.574s] -- Found Threads: TRUE  
[1.671s] -- Found sensor_msgs: 4.2.3 (/opt/ros/humble/share/sensor_msgs/cmake)
[1.735s] -- Found tf2: 0.25.2 (/opt/ros/humble/share/tf2/cmake)
[1.746s] -- Found tf2_msgs: 0.25.2 (/opt/ros/humble/share/tf2_msgs/cmake)
[1.855s] -- Found turtlebot3_msgs: 2.2.3 (/opt/ros/humble/share/turtlebot3_msgs/cmake)
[1.989s] -- Configuring done
[2.003s] -- Generating done
[2.004s] -- Build files have been written to: /home/jw/jw/dgtr_ws/build/turtlebot3_fake_node
[2.016s] Invoked command in '/home/jw/jw/dgtr_ws/build/turtlebot3_fake_node' returned '0': CMAKE_PREFIX_PATH=/opt/ros/humble /usr/bin/cmake /home/jw/jw/dgtr_ws/src/turtlebot3_simulations/turtlebot3_fake_node -DAMENT_CMAKE_SYMLINK_INSTALL=1 -DCMAKE_INSTALL_PREFIX=/home/jw/jw/dgtr_ws/install/turtlebot3_fake_node
[2.019s] Invoking command in '/home/jw/jw/dgtr_ws/build/turtlebot3_fake_node': CMAKE_PREFIX_PATH=/opt/ros/humble /usr/bin/cmake --build /home/jw/jw/dgtr_ws/build/turtlebot3_fake_node -- -j8 -l8
[2.145s] [ 50%] [32mBuilding CXX object CMakeFiles/turtlebot3_fake_node.dir/src/turtlebot3_fake_node.cpp.o[0m
[18.030s] [100%] [32m[1mLinking CXX executable turtlebot3_fake_node[0m
[18.795s] [100%] Built target turtlebot3_fake_node
[18.808s] Invoked command in '/home/jw/jw/dgtr_ws/build/turtlebot3_fake_node' returned '0': CMAKE_PREFIX_PATH=/opt/ros/humble /usr/bin/cmake --build /home/jw/jw/dgtr_ws/build/turtlebot3_fake_node -- -j8 -l8
[18.842s] Invoking command in '/home/jw/jw/dgtr_ws/build/turtlebot3_fake_node': CMAKE_PREFIX_PATH=/opt/ros/humble /usr/bin/cmake --install /home/jw/jw/dgtr_ws/build/turtlebot3_fake_node
[18.854s] -- Install configuration: ""
[18.855s] -- Execute custom install script
[18.855s] -- Symlinking: /home/jw/jw/dgtr_ws/install/turtlebot3_fake_node/lib/turtlebot3_fake_node/turtlebot3_fake_node
[18.867s] -- Symlinking: /home/jw/jw/dgtr_ws/install/turtlebot3_fake_node/share/turtlebot3_fake_node/launch/rviz2.launch.py
[18.877s] -- Symlinking: /home/jw/jw/dgtr_ws/install/turtlebot3_fake_node/share/turtlebot3_fake_node/launch/turtlebot3_fake_node.launch.py
[18.888s] -- Symlinking: /home/jw/jw/dgtr_ws/install/turtlebot3_fake_node/share/turtlebot3_fake_node/param/burger.yaml
[18.902s] -- Symlinking: /home/jw/jw/dgtr_ws/install/turtlebot3_fake_node/share/turtlebot3_fake_node/param/waffle.yaml
[18.912s] -- Symlinking: /home/jw/jw/dgtr_ws/install/turtlebot3_fake_node/share/turtlebot3_fake_node/param/waffle_pi.yaml
[18.922s] -- Symlinking: /home/jw/jw/dgtr_ws/install/turtlebot3_fake_node/include//turtlebot3_fake_node/turtlebot3_fake_node.hpp
[18.933s] -- Symlinking: /home/jw/jw/dgtr_ws/install/turtlebot3_fake_node/share/ament_index/resource_index/package_run_dependencies/turtlebot3_fake_node
[18.943s] -- Symlinking: /home/jw/jw/dgtr_ws/install/turtlebot3_fake_node/share/ament_index/resource_index/parent_prefix_path/turtlebot3_fake_node
[18.953s] -- Symlinking: /home/jw/jw/dgtr_ws/install/turtlebot3_fake_node/share/turtlebot3_fake_node/environment/ament_prefix_path.sh
[18.965s] -- Symlinking: /home/jw/jw/dgtr_ws/install/turtlebot3_fake_node/share/turtlebot3_fake_node/environment/ament_prefix_path.dsv
[18.978s] -- Symlinking: /home/jw/jw/dgtr_ws/install/turtlebot3_fake_node/share/turtlebot3_fake_node/environment/path.sh
[18.988s] -- Symlinking: /home/jw/jw/dgtr_ws/install/turtlebot3_fake_node/share/turtlebot3_fake_node/environment/path.dsv
[18.997s] -- Symlinking: /home/jw/jw/dgtr_ws/install/turtlebot3_fake_node/share/turtlebot3_fake_node/local_setup.bash
[19.008s] -- Symlinking: /home/jw/jw/dgtr_ws/install/turtlebot3_fake_node/share/turtlebot3_fake_node/local_setup.sh
[19.019s] -- Symlinking: /home/jw/jw/dgtr_ws/install/turtlebot3_fake_node/share/turtlebot3_fake_node/local_setup.zsh
[19.031s] -- Symlinking: /home/jw/jw/dgtr_ws/install/turtlebot3_fake_node/share/turtlebot3_fake_node/local_setup.dsv
[19.040s] -- Symlinking: /home/jw/jw/dgtr_ws/install/turtlebot3_fake_node/share/turtlebot3_fake_node/package.dsv
[19.050s] -- Symlinking: /home/jw/jw/dgtr_ws/install/turtlebot3_fake_node/share/ament_index/resource_index/packages/turtlebot3_fake_node
[19.059s] -- Symlinking: /home/jw/jw/dgtr_ws/install/turtlebot3_fake_node/share/turtlebot3_fake_node/cmake/ament_cmake_export_include_directories-extras.cmake
[19.068s] -- Symlinking: /home/jw/jw/dgtr_ws/install/turtlebot3_fake_node/share/turtlebot3_fake_node/cmake/ament_cmake_export_dependencies-extras.cmake
[19.077s] -- Symlinking: /home/jw/jw/dgtr_ws/install/turtlebot3_fake_node/share/turtlebot3_fake_node/cmake/turtlebot3_fake_nodeConfig.cmake
[19.086s] -- Symlinking: /home/jw/jw/dgtr_ws/install/turtlebot3_fake_node/share/turtlebot3_fake_node/cmake/turtlebot3_fake_nodeConfig-version.cmake
[19.094s] -- Symlinking: /home/jw/jw/dgtr_ws/install/turtlebot3_fake_node/share/turtlebot3_fake_node/package.xml
[19.116s] Invoked command in '/home/jw/jw/dgtr_ws/build/turtlebot3_fake_node' returned '0': CMAKE_PREFIX_PATH=/opt/ros/humble /usr/bin/cmake --install /home/jw/jw/dgtr_ws/build/turtlebot3_fake_node
