[0.690s] Invoking command in '/home/jw/jw/dgtr_ws/build/turtlebot3_example': PYTHONPATH=/home/jw/jw/dgtr_ws/build/turtlebot3_example/prefix_override:/home/jw/jw/dgtr_ws/install/turtlebot3_example/lib/python3.10/site-packages:${PYTHONPATH} /usr/bin/python3 setup.py develop --editable --build-directory /home/jw/jw/dgtr_ws/build/turtlebot3_example/build --no-deps install_data
[0.867s] running develop
[0.867s] /home/jw/.local/lib/python3.10/site-packages/setuptools/command/easy_install.py:156: EasyInstallDeprecationWarning: easy_install command is deprecated. Use build and pip and other standards-based tools.
[0.867s]   warnings.warn(
[0.868s] /home/jw/.local/lib/python3.10/site-packages/setuptools/command/install.py:34: SetuptoolsDeprecationWarning: setup.py install is deprecated. Use build and pip and other standards-based tools.
[0.868s]   warnings.warn(
[0.972s] running egg_info
[0.972s] writing turtlebot3_example.egg-info/PKG-INFO
[0.972s] writing dependency_links to turtlebot3_example.egg-info/dependency_links.txt
[0.972s] writing entry points to turtlebot3_example.egg-info/entry_points.txt
[0.973s] writing requirements to turtlebot3_example.egg-info/requires.txt
[0.973s] writing top-level names to turtlebot3_example.egg-info/top_level.txt
[0.974s] reading manifest file 'turtlebot3_example.egg-info/SOURCES.txt'
[0.974s] writing manifest file 'turtlebot3_example.egg-info/SOURCES.txt'
[0.975s] running build_ext
[0.975s] Creating /home/jw/jw/dgtr_ws/install/turtlebot3_example/lib/python3.10/site-packages/turtlebot3-example.egg-link (link to .)
[0.976s] Installing turtlebot3_obstacle_detection script to /home/jw/jw/dgtr_ws/install/turtlebot3_example/lib/turtlebot3_example
[0.976s] Installing turtlebot3_patrol_client script to /home/jw/jw/dgtr_ws/install/turtlebot3_example/lib/turtlebot3_example
[0.976s] Installing turtlebot3_patrol_server script to /home/jw/jw/dgtr_ws/install/turtlebot3_example/lib/turtlebot3_example
[0.976s] Installing turtlebot3_position_control script to /home/jw/jw/dgtr_ws/install/turtlebot3_example/lib/turtlebot3_example
[0.976s] 
[0.976s] Installed /home/jw/jw/dgtr_ws/build/turtlebot3_example
[0.976s] running install_data
[1.003s] Invoked command in '/home/jw/jw/dgtr_ws/build/turtlebot3_example' returned '0': PYTHONPATH=/home/jw/jw/dgtr_ws/build/turtlebot3_example/prefix_override:/home/jw/jw/dgtr_ws/install/turtlebot3_example/lib/python3.10/site-packages:${PYTHONPATH} /usr/bin/python3 setup.py develop --editable --build-directory /home/jw/jw/dgtr_ws/build/turtlebot3_example/build --no-deps install_data
