[0.666s] Invoking command in '/home/jw/jw/dgtr_ws/build/turtlebot3_example': PYTHONPATH=/home/jw/jw/dgtr_ws/build/turtlebot3_example/prefix_override:/home/jw/jw/dgtr_ws/install/turtlebot3_example/lib/python3.10/site-packages:${PYTHONPATH} /usr/bin/python3 setup.py develop --editable --build-directory /home/jw/jw/dgtr_ws/build/turtlebot3_example/build --no-deps install_data
[0.836s] running develop
[0.934s] running egg_info
[0.934s] writing turtlebot3_example.egg-info/PKG-INFO
[0.934s] writing dependency_links to turtlebot3_example.egg-info/dependency_links.txt
[0.934s] writing entry points to turtlebot3_example.egg-info/entry_points.txt
[0.934s] writing requirements to turtlebot3_example.egg-info/requires.txt
[0.934s] writing top-level names to turtlebot3_example.egg-info/top_level.txt
[0.936s] reading manifest file 'turtlebot3_example.egg-info/SOURCES.txt'
[0.936s] writing manifest file 'turtlebot3_example.egg-info/SOURCES.txt'
[0.937s] running build_ext
[0.938s] Creating /home/jw/jw/dgtr_ws/install/turtlebot3_example/lib/python3.10/site-packages/turtlebot3-example.egg-link (link to .)
[0.938s] Installing turtlebot3_obstacle_detection script to /home/jw/jw/dgtr_ws/install/turtlebot3_example/lib/turtlebot3_example
[0.938s] Installing turtlebot3_patrol_client script to /home/jw/jw/dgtr_ws/install/turtlebot3_example/lib/turtlebot3_example
[0.938s] Installing turtlebot3_patrol_server script to /home/jw/jw/dgtr_ws/install/turtlebot3_example/lib/turtlebot3_example
[0.938s] Installing turtlebot3_position_control script to /home/jw/jw/dgtr_ws/install/turtlebot3_example/lib/turtlebot3_example
[0.939s] 
[0.939s] Installed /home/jw/jw/dgtr_ws/build/turtlebot3_example
[0.939s] running install_data
[0.959s] Invoked command in '/home/jw/jw/dgtr_ws/build/turtlebot3_example' returned '0': PYTHONPATH=/home/jw/jw/dgtr_ws/build/turtlebot3_example/prefix_override:/home/jw/jw/dgtr_ws/install/turtlebot3_example/lib/python3.10/site-packages:${PYTHONPATH} /usr/bin/python3 setup.py develop --editable --build-directory /home/jw/jw/dgtr_ws/build/turtlebot3_example/build --no-deps install_data
