[0.009s] Invoking command in '/home/jw/jw/dgtr_ws/build/turtlebot3_simulations': CMAKE_PREFIX_PATH=/home/jw/jw/dgtr_ws/install/turtlebot3_gazebo:/home/jw/jw/dgtr_ws/install/turtlebot3_fake_node:/home/jw/jw/dgtr_ws/install/turtlebot3:/home/jw/jw/dgtr_ws/install/turtlebot3_simulations:/home/jw/jw/dgtr_ws/install/turtlebot3_bringup:/home/jw/jw/dgtr_ws/install/turtlebot3_node:/home/jw/jw/dgtr_ws/install/turtlebot3_navigation2:/home/jw/jw/dgtr_ws/install/turtlebot3_description:/home/jw/jw/dgtr_ws/install/turtlebot3_cartographer:/home/jw/jw/dgtr_ws/install/turtlebot3_teleop:/home/jw/jw/dgtr_ws/install/turtlebot3_example:/opt/ros/humble /usr/bin/cmake --build /home/jw/jw/dgtr_ws/build/turtlebot3_simulations -- -j8 -l8
[0.043s] Invoked command in '/home/jw/jw/dgtr_ws/build/turtlebot3_simulations' returned '0': CMAKE_PREFIX_PATH=/home/jw/jw/dgtr_ws/install/turtlebot3_gazebo:/home/jw/jw/dgtr_ws/install/turtlebot3_fake_node:/home/jw/jw/dgtr_ws/install/turtlebot3:/home/jw/jw/dgtr_ws/install/turtlebot3_simulations:/home/jw/jw/dgtr_ws/install/turtlebot3_bringup:/home/jw/jw/dgtr_ws/install/turtlebot3_node:/home/jw/jw/dgtr_ws/install/turtlebot3_navigation2:/home/jw/jw/dgtr_ws/install/turtlebot3_description:/home/jw/jw/dgtr_ws/install/turtlebot3_cartographer:/home/jw/jw/dgtr_ws/install/turtlebot3_teleop:/home/jw/jw/dgtr_ws/install/turtlebot3_example:/opt/ros/humble /usr/bin/cmake --build /home/jw/jw/dgtr_ws/build/turtlebot3_simulations -- -j8 -l8
[0.058s] Invoking command in '/home/jw/jw/dgtr_ws/build/turtlebot3_simulations': CMAKE_PREFIX_PATH=/home/jw/jw/dgtr_ws/install/turtlebot3_gazebo:/home/jw/jw/dgtr_ws/install/turtlebot3_fake_node:/home/jw/jw/dgtr_ws/install/turtlebot3:/home/jw/jw/dgtr_ws/install/turtlebot3_simulations:/home/jw/jw/dgtr_ws/install/turtlebot3_bringup:/home/jw/jw/dgtr_ws/install/turtlebot3_node:/home/jw/jw/dgtr_ws/install/turtlebot3_navigation2:/home/jw/jw/dgtr_ws/install/turtlebot3_description:/home/jw/jw/dgtr_ws/install/turtlebot3_cartographer:/home/jw/jw/dgtr_ws/install/turtlebot3_teleop:/home/jw/jw/dgtr_ws/install/turtlebot3_example:/opt/ros/humble /usr/bin/cmake --install /home/jw/jw/dgtr_ws/build/turtlebot3_simulations
[0.064s] -- Install configuration: ""
[0.064s] -- Execute custom install script
[0.064s] -- Up-to-date symlink: /home/jw/jw/dgtr_ws/install/turtlebot3_simulations/share/ament_index/resource_index/package_run_dependencies/turtlebot3_simulations
[0.064s] -- Up-to-date symlink: /home/jw/jw/dgtr_ws/install/turtlebot3_simulations/share/ament_index/resource_index/parent_prefix_path/turtlebot3_simulations
[0.064s] -- Up-to-date symlink: /home/jw/jw/dgtr_ws/install/turtlebot3_simulations/share/turtlebot3_simulations/environment/ament_prefix_path.sh
[0.064s] -- Up-to-date symlink: /home/jw/jw/dgtr_ws/install/turtlebot3_simulations/share/turtlebot3_simulations/environment/ament_prefix_path.dsv
[0.064s] -- Up-to-date symlink: /home/jw/jw/dgtr_ws/install/turtlebot3_simulations/share/turtlebot3_simulations/environment/path.sh
[0.065s] -- Up-to-date symlink: /home/jw/jw/dgtr_ws/install/turtlebot3_simulations/share/turtlebot3_simulations/environment/path.dsv
[0.065s] -- Up-to-date symlink: /home/jw/jw/dgtr_ws/install/turtlebot3_simulations/share/turtlebot3_simulations/local_setup.bash
[0.065s] -- Up-to-date symlink: /home/jw/jw/dgtr_ws/install/turtlebot3_simulations/share/turtlebot3_simulations/local_setup.sh
[0.065s] -- Up-to-date symlink: /home/jw/jw/dgtr_ws/install/turtlebot3_simulations/share/turtlebot3_simulations/local_setup.zsh
[0.065s] -- Up-to-date symlink: /home/jw/jw/dgtr_ws/install/turtlebot3_simulations/share/turtlebot3_simulations/local_setup.dsv
[0.065s] -- Symlinking: /home/jw/jw/dgtr_ws/install/turtlebot3_simulations/share/turtlebot3_simulations/package.dsv
[0.071s] -- Up-to-date symlink: /home/jw/jw/dgtr_ws/install/turtlebot3_simulations/share/ament_index/resource_index/packages/turtlebot3_simulations
[0.071s] -- Up-to-date symlink: /home/jw/jw/dgtr_ws/install/turtlebot3_simulations/share/turtlebot3_simulations/cmake/turtlebot3_simulationsConfig.cmake
[0.071s] -- Up-to-date symlink: /home/jw/jw/dgtr_ws/install/turtlebot3_simulations/share/turtlebot3_simulations/cmake/turtlebot3_simulationsConfig-version.cmake
[0.071s] -- Up-to-date symlink: /home/jw/jw/dgtr_ws/install/turtlebot3_simulations/share/turtlebot3_simulations/package.xml
[0.075s] Invoked command in '/home/jw/jw/dgtr_ws/build/turtlebot3_simulations' returned '0': CMAKE_PREFIX_PATH=/home/jw/jw/dgtr_ws/install/turtlebot3_gazebo:/home/jw/jw/dgtr_ws/install/turtlebot3_fake_node:/home/jw/jw/dgtr_ws/install/turtlebot3:/home/jw/jw/dgtr_ws/install/turtlebot3_simulations:/home/jw/jw/dgtr_ws/install/turtlebot3_bringup:/home/jw/jw/dgtr_ws/install/turtlebot3_node:/home/jw/jw/dgtr_ws/install/turtlebot3_navigation2:/home/jw/jw/dgtr_ws/install/turtlebot3_description:/home/jw/jw/dgtr_ws/install/turtlebot3_cartographer:/home/jw/jw/dgtr_ws/install/turtlebot3_teleop:/home/jw/jw/dgtr_ws/install/turtlebot3_example:/opt/ros/humble /usr/bin/cmake --install /home/jw/jw/dgtr_ws/build/turtlebot3_simulations
