[0.220s] Invoking command in '/home/jw/jw/dgtr_ws/build/turtlebot3_gazebo': CMAKE_PREFIX_PATH=/opt/ros/humble /usr/bin/cmake /home/jw/jw/dgtr_ws/src/turtlebot3_simulations/turtlebot3_gazebo -DAMENT_CMAKE_SYMLINK_INSTALL=1 -DCMAKE_INSTALL_PREFIX=/home/jw/jw/dgtr_ws/install/turtlebot3_gazebo
[0.271s] -- The C compiler identification is GNU 11.3.0
[0.324s] -- The CXX compiler identification is GNU 11.3.0
[0.330s] -- Detecting C compiler ABI info
[0.398s] -- Detecting C compiler ABI info - done
[0.409s] -- Check for working C compiler: /usr/bin/cc - skipped
[0.409s] -- Detecting C compile features
[0.410s] -- Detecting C compile features - done
[0.413s] -- Detecting CXX compiler ABI info
[0.493s] -- Detecting CXX compiler ABI info - done
[0.505s] -- Check for working CXX compiler: /usr/bin/c++ - skipped
[0.505s] -- Detecting CXX compile features
[0.505s] -- Detecting CXX compile features - done
[0.507s] -- Found ament_cmake: 1.3.3 (/opt/ros/humble/share/ament_cmake/cmake)
[0.703s] -- Found Python3: /usr/bin/python3.10 (found version "3.10.6") found components: Interpreter 
[0.775s] -- Override CMake install command with custom implementation using symlinks instead of copying resources
[0.808s] [33mCMake Warning (dev) at /usr/share/cmake-3.22/Modules/FindPackageHandleStandardArgs.cmake:438 (message):
[0.808s]   The package name passed to `find_package_handle_standard_args` (PkgConfig)
[0.808s]   does not match the name of the calling package (gazebo).  This can lead to
[0.808s]   problems in calling code that expects `find_package` result variables
[0.808s]   (e.g., `_FOUND`) to follow a certain pattern.
[0.808s] Call Stack (most recent call first):
[0.808s]   /usr/share/cmake-3.22/Modules/FindPkgConfig.cmake:99 (find_package_handle_standard_args)
[0.809s]   /usr/lib/x86_64-linux-gnu/cmake/gazebo/gazebo-config.cmake:72 (include)
[0.809s]   CMakeLists.txt:23 (find_package)
[0.809s] This warning is for project developers.  Use -Wno-dev to suppress it.
[0.809s] [0m
[0.809s] -- Found PkgConfig: /usr/bin/pkg-config (found version "0.29.2") 
[0.813s] -- Checking for module 'bullet>=2.82'
[0.824s] --   Found bullet, version 3.05
[0.923s] -- Found fcl: /usr/include (found suitable version "0.7.0", minimum required is "0.5.0") 
[0.974s] -- Found assimp: /usr/include (found version "5.2.0") 
[0.999s] -- Found DART: /usr/include (Required is at least version "6.6") found components: dart 
[1.166s] -- Found Boost: /usr/lib/x86_64-linux-gnu/cmake/Boost-1.74.0/BoostConfig.cmake (found suitable version "1.74.0", minimum required is "1.40.0") found components: thread system filesystem program_options regex iostreams date_time 
[1.181s] -- Found Protobuf: /usr/lib/x86_64-linux-gnu/libprotobuf.so (found version "3.12.4") 
[1.184s] -- Looking for ignition-math6 -- found version 6.12.0
[1.189s] -- Searching for dependencies of ignition-math6
[1.190s] -- Looking for OGRE...
[1.190s] -- OGRE_PREFIX_WATCH changed.
[1.194s] -- Checking for module 'OGRE'
[1.203s] --   Found OGRE, version 1.9.0
[1.220s] -- Found Ogre Ghadamon (1.9.0)
[1.228s] -- Found OGRE: optimized;/usr/lib/x86_64-linux-gnu/libOgreMain.so;debug;/usr/lib/x86_64-linux-gnu/libOgreMain.so
[1.237s] -- Looking for OGRE_Paging...
[1.241s] -- Found OGRE_Paging: optimized;/usr/lib/x86_64-linux-gnu/libOgrePaging.so;debug;/usr/lib/x86_64-linux-gnu/libOgrePaging.so
[1.241s] -- Looking for OGRE_Terrain...
[1.245s] -- Found OGRE_Terrain: optimized;/usr/lib/x86_64-linux-gnu/libOgreTerrain.so;debug;/usr/lib/x86_64-linux-gnu/libOgreTerrain.so
[1.245s] -- Looking for OGRE_Property...
[1.249s] -- Found OGRE_Property: optimized;/usr/lib/x86_64-linux-gnu/libOgreProperty.so;debug;/usr/lib/x86_64-linux-gnu/libOgreProperty.so
[1.249s] -- Looking for OGRE_RTShaderSystem...
[1.252s] -- Found OGRE_RTShaderSystem: optimized;/usr/lib/x86_64-linux-gnu/libOgreRTShaderSystem.so;debug;/usr/lib/x86_64-linux-gnu/libOgreRTShaderSystem.so
[1.253s] -- Looking for OGRE_Volume...
[1.257s] -- Found OGRE_Volume: optimized;/usr/lib/x86_64-linux-gnu/libOgreVolume.so;debug;/usr/lib/x86_64-linux-gnu/libOgreVolume.so
[1.257s] -- Looking for OGRE_Overlay...
[1.260s] -- Found OGRE_Overlay: optimized;/usr/lib/x86_64-linux-gnu/libOgreOverlay.so;debug;/usr/lib/x86_64-linux-gnu/libOgreOverlay.so
[1.334s] -- Looking for ignition-math6 -- found version 6.12.0
[1.335s] -- Looking for ignition-transport8 -- found version 8.2.1
[1.337s] -- Searching for dependencies of ignition-transport8
[1.350s] -- Found Protobuf: /usr/lib/x86_64-linux-gnu/libprotobuf.so (found suitable version "3.12.4", minimum required is "3") 
[1.360s] -- Config-file not installed for ZeroMQ -- checking for pkg-config
[1.363s] -- Checking for module 'libzmq >= 4'
[1.370s] --   Found libzmq , version 4.3.4
[1.391s] -- Found ZeroMQ: TRUE (Required is at least version "4") 
[1.395s] -- Checking for module 'uuid'
[1.403s] --   Found uuid, version 2.37.2
[1.423s] -- Found UUID: TRUE  
[1.424s] -- Looking for ignition-msgs5 -- found version 5.8.1
[1.424s] -- Searching for dependencies of ignition-msgs5
[1.438s] -- Looking for ignition-math6 -- found version 6.12.0
[1.442s] -- Checking for module 'tinyxml2'
[1.450s] --   Found tinyxml2, version 9.0.0
[1.472s] -- Looking for ignition-msgs5 -- found version 5.8.1
[1.473s] -- Looking for ignition-common3 -- found version 3.14.0
[1.474s] -- Searching for dependencies of ignition-common3
[1.474s] -- Looking for dlfcn.h - found
[1.475s] -- Looking for libdl - found
[1.476s] -- Found DL: TRUE  
[1.483s] -- Found tinyobjloader: /usr/lib/x86_64-linux-gnu/cmake/tinyobjloader/tinyobjloader-config.cmake (found version "2.0.0") 
[1.483s] -- Searching for <ignition-common3> component [graphics]
[1.485s] -- Looking for ignition-common3-graphics -- found version 3.14.0
[1.485s] -- Searching for dependencies of ignition-common3-graphics
[1.486s] -- Looking for ignition-math6 -- found version 6.12.0
[1.488s] -- Looking for ignition-fuel_tools4 -- found version 4.4.0
[1.488s] -- Searching for dependencies of ignition-fuel_tools4
[1.538s] -- Found CURL: /usr/lib/x86_64-linux-gnu/libcurl.so (found version "7.81.0")  
[1.544s] -- Checking for module 'jsoncpp'
[1.553s] --   Found jsoncpp, version 1.9.5
[1.573s] -- Found JSONCPP: TRUE  
[1.578s] -- Checking for module 'libzip'
[1.585s] --   Found libzip, version 1.7.3
[1.603s] -- Found ZIP: TRUE  
[1.604s] -- Looking for ignition-common3 -- found version 3.14.0
[1.604s] -- Looking for ignition-math6 -- found version 6.12.0
[1.604s] -- Looking for ignition-msgs5 -- found version 5.8.1
[1.608s] -- Found gazebo_ros_pkgs: 3.7.0 (/opt/ros/humble/share/gazebo_ros_pkgs/cmake)
[1.609s] -- Found geometry_msgs: 4.2.3 (/opt/ros/humble/share/geometry_msgs/cmake)
[1.630s] -- Found rosidl_generator_c: 3.1.4 (/opt/ros/humble/share/rosidl_generator_c/cmake)
[1.633s] -- Found rosidl_adapter: 3.1.4 (/opt/ros/humble/share/rosidl_adapter/cmake)
[1.640s] -- Found rosidl_generator_cpp: 3.1.4 (/opt/ros/humble/share/rosidl_generator_cpp/cmake)
[1.650s] -- Using all available rosidl_typesupport_c: rosidl_typesupport_fastrtps_c;rosidl_typesupport_introspection_c
[1.664s] -- Using all available rosidl_typesupport_cpp: rosidl_typesupport_fastrtps_cpp;rosidl_typesupport_introspection_cpp
[1.750s] -- Found nav_msgs: 4.2.3 (/opt/ros/humble/share/nav_msgs/cmake)
[1.813s] -- Found rclcpp: 16.0.3 (/opt/ros/humble/share/rclcpp/cmake)
[1.856s] -- Found rmw_implementation_cmake: 6.1.1 (/opt/ros/humble/share/rmw_implementation_cmake/cmake)
[1.858s] -- Found rmw_fastrtps_cpp: 6.2.2 (/opt/ros/humble/share/rmw_fastrtps_cpp/cmake)
[1.932s] -- Found OpenSSL: /usr/lib/x86_64-linux-gnu/libcrypto.so (found version "3.0.2")  
[1.959s] -- Found FastRTPS: /opt/ros/humble/include  
[2.026s] -- Using RMW implementation 'rmw_fastrtps_cpp' as default
[2.038s] -- Found Threads: TRUE  
[2.217s] -- Found sensor_msgs: 4.2.3 (/opt/ros/humble/share/sensor_msgs/cmake)
[2.386s] -- Found tf2: 0.25.2 (/opt/ros/humble/share/tf2/cmake)
[2.585s] -- Configuring done
[2.649s] -- Generating done
[2.664s] -- Build files have been written to: /home/jw/jw/dgtr_ws/build/turtlebot3_gazebo
[2.720s] Invoked command in '/home/jw/jw/dgtr_ws/build/turtlebot3_gazebo' returned '0': CMAKE_PREFIX_PATH=/opt/ros/humble /usr/bin/cmake /home/jw/jw/dgtr_ws/src/turtlebot3_simulations/turtlebot3_gazebo -DAMENT_CMAKE_SYMLINK_INSTALL=1 -DCMAKE_INSTALL_PREFIX=/home/jw/jw/dgtr_ws/install/turtlebot3_gazebo
[2.733s] Invoking command in '/home/jw/jw/dgtr_ws/build/turtlebot3_gazebo': CMAKE_PREFIX_PATH=/opt/ros/humble /usr/bin/cmake --build /home/jw/jw/dgtr_ws/build/turtlebot3_gazebo -- -j8 -l8
[2.976s] [ 12%] [32mBuilding CXX object CMakeFiles/turtlebot3_drive.dir/src/turtlebot3_drive.cpp.o[0m
[3.000s] [ 25%] [32mBuilding CXX object CMakeFiles/obstacle1.dir/models/turtlebot3_dqn_world/obstacle_plugin/obstacle1.cc.o[0m
[3.034s] [ 37%] [32mBuilding CXX object CMakeFiles/obstacles.dir/models/turtlebot3_dqn_world/obstacle_plugin/obstacles.cc.o[0m
[3.047s] [ 50%] [32mBuilding CXX object CMakeFiles/obstacle2.dir/models/turtlebot3_dqn_world/obstacle_plugin/obstacle2.cc.o[0m
[20.485s] [ 62%] [32m[1mLinking CXX shared library libobstacles.so[0m
[20.683s] [ 62%] Built target obstacles
[21.076s] [ 75%] [32m[1mLinking CXX shared library libobstacle1.so[0m
[21.260s] [ 75%] Built target obstacle1
[21.512s] [ 87%] [32m[1mLinking CXX executable turtlebot3_drive[0m
[21.822s] [100%] [32m[1mLinking CXX shared library libobstacle2.so[0m
[21.999s] [100%] Built target obstacle2
[22.029s] [100%] Built target turtlebot3_drive
[22.037s] Invoked command in '/home/jw/jw/dgtr_ws/build/turtlebot3_gazebo' returned '0': CMAKE_PREFIX_PATH=/opt/ros/humble /usr/bin/cmake --build /home/jw/jw/dgtr_ws/build/turtlebot3_gazebo -- -j8 -l8
[22.060s] Invoking command in '/home/jw/jw/dgtr_ws/build/turtlebot3_gazebo': CMAKE_PREFIX_PATH=/opt/ros/humble /usr/bin/cmake --install /home/jw/jw/dgtr_ws/build/turtlebot3_gazebo
[22.064s] -- Install configuration: ""
[22.065s] -- Execute custom install script
[22.065s] -- Symlinking: /home/jw/jw/dgtr_ws/install/turtlebot3_gazebo/lib/turtlebot3_gazebo/turtlebot3_drive
[22.072s] -- Symlinking: /home/jw/jw/dgtr_ws/install/turtlebot3_gazebo/share/turtlebot3_gazebo//launch/empty_world.launch.py
[22.077s] -- Symlinking: /home/jw/jw/dgtr_ws/install/turtlebot3_gazebo/share/turtlebot3_gazebo//launch/robot_state_publisher.launch.py
[22.082s] -- Symlinking: /home/jw/jw/dgtr_ws/install/turtlebot3_gazebo/share/turtlebot3_gazebo//launch/spawn_turtlebot3.launch.py
[22.088s] -- Symlinking: /home/jw/jw/dgtr_ws/install/turtlebot3_gazebo/share/turtlebot3_gazebo//launch/turtlebot3_dqn_stage1.launch.py
[22.093s] -- Symlinking: /home/jw/jw/dgtr_ws/install/turtlebot3_gazebo/share/turtlebot3_gazebo//launch/turtlebot3_dqn_stage2.launch.py
[22.099s] -- Symlinking: /home/jw/jw/dgtr_ws/install/turtlebot3_gazebo/share/turtlebot3_gazebo//launch/turtlebot3_dqn_stage3.launch.py
[22.105s] -- Symlinking: /home/jw/jw/dgtr_ws/install/turtlebot3_gazebo/share/turtlebot3_gazebo//launch/turtlebot3_dqn_stage4.launch.py
[22.110s] -- Symlinking: /home/jw/jw/dgtr_ws/install/turtlebot3_gazebo/share/turtlebot3_gazebo//launch/turtlebot3_house.launch.py
[22.116s] -- Symlinking: /home/jw/jw/dgtr_ws/install/turtlebot3_gazebo/share/turtlebot3_gazebo//launch/turtlebot3_world.launch.py
[22.122s] -- Symlinking: /home/jw/jw/dgtr_ws/install/turtlebot3_gazebo/share/turtlebot3_gazebo//models/turtlebot3_burger/model-1_4.sdf
[22.127s] -- Symlinking: /home/jw/jw/dgtr_ws/install/turtlebot3_gazebo/share/turtlebot3_gazebo//models/turtlebot3_burger/model.config
[22.132s] -- Symlinking: /home/jw/jw/dgtr_ws/install/turtlebot3_gazebo/share/turtlebot3_gazebo//models/turtlebot3_burger/model.sdf
[22.138s] -- Symlinking: /home/jw/jw/dgtr_ws/install/turtlebot3_gazebo/share/turtlebot3_gazebo//models/turtlebot3_common/meshes/burger_base.dae
[22.144s] -- Symlinking: /home/jw/jw/dgtr_ws/install/turtlebot3_gazebo/share/turtlebot3_gazebo//models/turtlebot3_common/meshes/lds.dae
[22.149s] -- Symlinking: /home/jw/jw/dgtr_ws/install/turtlebot3_gazebo/share/turtlebot3_gazebo//models/turtlebot3_common/meshes/r200.dae
[22.154s] -- Symlinking: /home/jw/jw/dgtr_ws/install/turtlebot3_gazebo/share/turtlebot3_gazebo//models/turtlebot3_common/meshes/tire.dae
[22.159s] -- Symlinking: /home/jw/jw/dgtr_ws/install/turtlebot3_gazebo/share/turtlebot3_gazebo//models/turtlebot3_common/meshes/waffle_base.dae
[22.165s] -- Symlinking: /home/jw/jw/dgtr_ws/install/turtlebot3_gazebo/share/turtlebot3_gazebo//models/turtlebot3_common/meshes/waffle_pi_base.dae
[22.171s] -- Symlinking: /home/jw/jw/dgtr_ws/install/turtlebot3_gazebo/share/turtlebot3_gazebo//models/turtlebot3_common/model.config
[22.176s] -- Symlinking: /home/jw/jw/dgtr_ws/install/turtlebot3_gazebo/share/turtlebot3_gazebo//models/turtlebot3_dqn_world/goal_box/model.config
[22.181s] -- Symlinking: /home/jw/jw/dgtr_ws/install/turtlebot3_gazebo/share/turtlebot3_gazebo//models/turtlebot3_dqn_world/goal_box/model.sdf
[22.186s] -- Symlinking: /home/jw/jw/dgtr_ws/install/turtlebot3_gazebo/share/turtlebot3_gazebo//models/turtlebot3_dqn_world/inner_walls/model.config
[22.191s] -- Symlinking: /home/jw/jw/dgtr_ws/install/turtlebot3_gazebo/share/turtlebot3_gazebo//models/turtlebot3_dqn_world/inner_walls/model.sdf
[22.196s] -- Symlinking: /home/jw/jw/dgtr_ws/install/turtlebot3_gazebo/share/turtlebot3_gazebo//models/turtlebot3_dqn_world/model.config
[22.201s] -- Symlinking: /home/jw/jw/dgtr_ws/install/turtlebot3_gazebo/share/turtlebot3_gazebo//models/turtlebot3_dqn_world/model.sdf
[22.206s] -- Symlinking: /home/jw/jw/dgtr_ws/install/turtlebot3_gazebo/share/turtlebot3_gazebo//models/turtlebot3_dqn_world/obstacle1/model.config
[22.212s] -- Symlinking: /home/jw/jw/dgtr_ws/install/turtlebot3_gazebo/share/turtlebot3_gazebo//models/turtlebot3_dqn_world/obstacle1/model.sdf
[22.217s] -- Symlinking: /home/jw/jw/dgtr_ws/install/turtlebot3_gazebo/share/turtlebot3_gazebo//models/turtlebot3_dqn_world/obstacle2/model.config
[22.223s] -- Symlinking: /home/jw/jw/dgtr_ws/install/turtlebot3_gazebo/share/turtlebot3_gazebo//models/turtlebot3_dqn_world/obstacle2/model.sdf
[22.228s] -- Symlinking: /home/jw/jw/dgtr_ws/install/turtlebot3_gazebo/share/turtlebot3_gazebo//models/turtlebot3_dqn_world/obstacle_plugin/CMakeLists.txt
[22.234s] -- Symlinking: /home/jw/jw/dgtr_ws/install/turtlebot3_gazebo/share/turtlebot3_gazebo//models/turtlebot3_dqn_world/obstacle_plugin/obstacle1.cc
[22.239s] -- Symlinking: /home/jw/jw/dgtr_ws/install/turtlebot3_gazebo/share/turtlebot3_gazebo//models/turtlebot3_dqn_world/obstacle_plugin/obstacle2.cc
[22.244s] -- Symlinking: /home/jw/jw/dgtr_ws/install/turtlebot3_gazebo/share/turtlebot3_gazebo//models/turtlebot3_dqn_world/obstacle_plugin/obstacles.cc
[22.251s] -- Symlinking: /home/jw/jw/dgtr_ws/install/turtlebot3_gazebo/share/turtlebot3_gazebo//models/turtlebot3_dqn_world/obstacles/model.config
[22.257s] -- Symlinking: /home/jw/jw/dgtr_ws/install/turtlebot3_gazebo/share/turtlebot3_gazebo//models/turtlebot3_dqn_world/obstacles/model.sdf
[22.263s] -- Symlinking: /home/jw/jw/dgtr_ws/install/turtlebot3_gazebo/share/turtlebot3_gazebo//models/turtlebot3_house/model.config
[22.268s] -- Symlinking: /home/jw/jw/dgtr_ws/install/turtlebot3_gazebo/share/turtlebot3_gazebo//models/turtlebot3_house/model.sdf
[22.274s] -- Symlinking: /home/jw/jw/dgtr_ws/install/turtlebot3_gazebo/share/turtlebot3_gazebo//models/turtlebot3_waffle/model-1_4.sdf
[22.280s] -- Symlinking: /home/jw/jw/dgtr_ws/install/turtlebot3_gazebo/share/turtlebot3_gazebo//models/turtlebot3_waffle/model.config
[22.285s] -- Symlinking: /home/jw/jw/dgtr_ws/install/turtlebot3_gazebo/share/turtlebot3_gazebo//models/turtlebot3_waffle/model.sdf
[22.291s] -- Symlinking: /home/jw/jw/dgtr_ws/install/turtlebot3_gazebo/share/turtlebot3_gazebo//models/turtlebot3_waffle_pi/model-1_4_.sdf
[22.296s] -- Symlinking: /home/jw/jw/dgtr_ws/install/turtlebot3_gazebo/share/turtlebot3_gazebo//models/turtlebot3_waffle_pi/model.config
[22.301s] -- Symlinking: /home/jw/jw/dgtr_ws/install/turtlebot3_gazebo/share/turtlebot3_gazebo//models/turtlebot3_waffle_pi/model.sdf
[22.307s] -- Symlinking: /home/jw/jw/dgtr_ws/install/turtlebot3_gazebo/share/turtlebot3_gazebo//models/turtlebot3_world/meshes/hexagon.dae
[22.313s] -- Symlinking: /home/jw/jw/dgtr_ws/install/turtlebot3_gazebo/share/turtlebot3_gazebo//models/turtlebot3_world/meshes/wall.dae
[22.318s] -- Symlinking: /home/jw/jw/dgtr_ws/install/turtlebot3_gazebo/share/turtlebot3_gazebo//models/turtlebot3_world/model-1_4.sdf
[22.324s] -- Symlinking: /home/jw/jw/dgtr_ws/install/turtlebot3_gazebo/share/turtlebot3_gazebo//models/turtlebot3_world/model.config
[22.329s] -- Symlinking: /home/jw/jw/dgtr_ws/install/turtlebot3_gazebo/share/turtlebot3_gazebo//models/turtlebot3_world/model.sdf
[22.334s] -- Symlinking: /home/jw/jw/dgtr_ws/install/turtlebot3_gazebo/share/turtlebot3_gazebo//rviz/tb3_gazebo.rviz
[22.341s] -- Symlinking: /home/jw/jw/dgtr_ws/install/turtlebot3_gazebo/share/turtlebot3_gazebo//urdf/common_properties.urdf
[22.347s] -- Symlinking: /home/jw/jw/dgtr_ws/install/turtlebot3_gazebo/share/turtlebot3_gazebo//urdf/turtlebot3_burger.urdf
[22.352s] -- Symlinking: /home/jw/jw/dgtr_ws/install/turtlebot3_gazebo/share/turtlebot3_gazebo//urdf/turtlebot3_waffle.urdf
[22.357s] -- Symlinking: /home/jw/jw/dgtr_ws/install/turtlebot3_gazebo/share/turtlebot3_gazebo//urdf/turtlebot3_waffle_pi.urdf
[22.363s] -- Symlinking: /home/jw/jw/dgtr_ws/install/turtlebot3_gazebo/share/turtlebot3_gazebo//worlds/empty_world.world
[22.369s] -- Symlinking: /home/jw/jw/dgtr_ws/install/turtlebot3_gazebo/share/turtlebot3_gazebo//worlds/turtlebot3_dqn_stage1.world
[22.374s] -- Symlinking: /home/jw/jw/dgtr_ws/install/turtlebot3_gazebo/share/turtlebot3_gazebo//worlds/turtlebot3_dqn_stage2.world
[22.380s] -- Symlinking: /home/jw/jw/dgtr_ws/install/turtlebot3_gazebo/share/turtlebot3_gazebo//worlds/turtlebot3_dqn_stage3.world
[22.386s] -- Symlinking: /home/jw/jw/dgtr_ws/install/turtlebot3_gazebo/share/turtlebot3_gazebo//worlds/turtlebot3_dqn_stage4.world
[22.391s] -- Symlinking: /home/jw/jw/dgtr_ws/install/turtlebot3_gazebo/share/turtlebot3_gazebo//worlds/turtlebot3_house.world
[22.397s] -- Symlinking: /home/jw/jw/dgtr_ws/install/turtlebot3_gazebo/share/turtlebot3_gazebo//worlds/turtlebot3_world.world
[22.402s] -- Symlinking: /home/jw/jw/dgtr_ws/install/turtlebot3_gazebo/include//turtlebot3_gazebo/turtlebot3_drive.hpp
[22.408s] -- Symlinking: /home/jw/jw/dgtr_ws/install/turtlebot3_gazebo/share/ament_index/resource_index/package_run_dependencies/turtlebot3_gazebo
[22.413s] -- Symlinking: /home/jw/jw/dgtr_ws/install/turtlebot3_gazebo/share/ament_index/resource_index/parent_prefix_path/turtlebot3_gazebo
[22.424s] -- Symlinking: /home/jw/jw/dgtr_ws/install/turtlebot3_gazebo/share/turtlebot3_gazebo/environment/ament_prefix_path.sh
[22.424s] -- Symlinking: /home/jw/jw/dgtr_ws/install/turtlebot3_gazebo/share/turtlebot3_gazebo/environment/ament_prefix_path.dsv
[22.429s] -- Symlinking: /home/jw/jw/dgtr_ws/install/turtlebot3_gazebo/share/turtlebot3_gazebo/environment/path.sh
[22.434s] -- Symlinking: /home/jw/jw/dgtr_ws/install/turtlebot3_gazebo/share/turtlebot3_gazebo/environment/path.dsv
[22.440s] -- Symlinking: /home/jw/jw/dgtr_ws/install/turtlebot3_gazebo/share/turtlebot3_gazebo/local_setup.bash
[22.446s] -- Symlinking: /home/jw/jw/dgtr_ws/install/turtlebot3_gazebo/share/turtlebot3_gazebo/local_setup.sh
[22.451s] -- Symlinking: /home/jw/jw/dgtr_ws/install/turtlebot3_gazebo/share/turtlebot3_gazebo/local_setup.zsh
[22.457s] -- Symlinking: /home/jw/jw/dgtr_ws/install/turtlebot3_gazebo/share/turtlebot3_gazebo/local_setup.dsv
[22.463s] -- Symlinking: /home/jw/jw/dgtr_ws/install/turtlebot3_gazebo/share/turtlebot3_gazebo/package.dsv
[22.469s] -- Symlinking: /home/jw/jw/dgtr_ws/install/turtlebot3_gazebo/share/ament_index/resource_index/packages/turtlebot3_gazebo
[22.474s] -- Symlinking: /home/jw/jw/dgtr_ws/install/turtlebot3_gazebo/share/turtlebot3_gazebo/cmake/ament_cmake_export_include_directories-extras.cmake
[22.480s] -- Symlinking: /home/jw/jw/dgtr_ws/install/turtlebot3_gazebo/share/turtlebot3_gazebo/cmake/ament_cmake_export_dependencies-extras.cmake
[22.485s] -- Symlinking: /home/jw/jw/dgtr_ws/install/turtlebot3_gazebo/share/turtlebot3_gazebo/cmake/turtlebot3_gazeboConfig.cmake
[22.491s] -- Symlinking: /home/jw/jw/dgtr_ws/install/turtlebot3_gazebo/share/turtlebot3_gazebo/cmake/turtlebot3_gazeboConfig-version.cmake
[22.497s] -- Symlinking: /home/jw/jw/dgtr_ws/install/turtlebot3_gazebo/share/turtlebot3_gazebo/package.xml
[22.506s] Invoked command in '/home/jw/jw/dgtr_ws/build/turtlebot3_gazebo' returned '0': CMAKE_PREFIX_PATH=/opt/ros/humble /usr/bin/cmake --install /home/jw/jw/dgtr_ws/build/turtlebot3_gazebo
