[0.187s] Invoking command in '/home/jw/jw/dgtr_ws/build/turtlebot3_navigation2': CMAKE_PREFIX_PATH=/opt/ros/humble /usr/bin/cmake --build /home/jw/jw/dgtr_ws/build/turtlebot3_navigation2 -- -j8 -l8
[0.370s] Invoked command in '/home/jw/jw/dgtr_ws/build/turtlebot3_navigation2' returned '0': CMAKE_PREFIX_PATH=/opt/ros/humble /usr/bin/cmake --build /home/jw/jw/dgtr_ws/build/turtlebot3_navigation2 -- -j8 -l8
[0.397s] Invoking command in '/home/jw/jw/dgtr_ws/build/turtlebot3_navigation2': CMAKE_PREFIX_PATH=/opt/ros/humble /usr/bin/cmake --install /home/jw/jw/dgtr_ws/build/turtlebot3_navigation2
[0.402s] -- Install configuration: ""
[0.405s] -- Execute custom install script
[0.407s] -- Up-to-date symlink: /home/jw/jw/dgtr_ws/install/turtlebot3_navigation2/share/turtlebot3_navigation2/launch/navigation2.launch.py
[0.407s] -- Up-to-date symlink: /home/jw/jw/dgtr_ws/install/turtlebot3_navigation2/share/turtlebot3_navigation2/map/custom_map.pgm
[0.408s] -- Up-to-date symlink: /home/jw/jw/dgtr_ws/install/turtlebot3_navigation2/share/turtlebot3_navigation2/map/custom_map.yaml
[0.408s] -- Up-to-date symlink: /home/jw/jw/dgtr_ws/install/turtlebot3_navigation2/share/turtlebot3_navigation2/map/map.pgm
[0.408s] -- Up-to-date symlink: /home/jw/jw/dgtr_ws/install/turtlebot3_navigation2/share/turtlebot3_navigation2/map/map.yaml
[0.409s] -- Up-to-date symlink: /home/jw/jw/dgtr_ws/install/turtlebot3_navigation2/share/turtlebot3_navigation2/param/burger.yaml
[0.409s] -- Up-to-date symlink: /home/jw/jw/dgtr_ws/install/turtlebot3_navigation2/share/turtlebot3_navigation2/param/waffle.yaml
[0.409s] -- Up-to-date symlink: /home/jw/jw/dgtr_ws/install/turtlebot3_navigation2/share/turtlebot3_navigation2/param/waffle_pi.yaml
[0.410s] -- Up-to-date symlink: /home/jw/jw/dgtr_ws/install/turtlebot3_navigation2/share/turtlebot3_navigation2/rviz/tb3_navigation2.rviz
[0.410s] -- Up-to-date symlink: /home/jw/jw/dgtr_ws/install/turtlebot3_navigation2/share/ament_index/resource_index/package_run_dependencies/turtlebot3_navigation2
[0.417s] -- Up-to-date symlink: /home/jw/jw/dgtr_ws/install/turtlebot3_navigation2/share/ament_index/resource_index/parent_prefix_path/turtlebot3_navigation2
[0.417s] -- Up-to-date symlink: /home/jw/jw/dgtr_ws/install/turtlebot3_navigation2/share/turtlebot3_navigation2/environment/ament_prefix_path.sh
[0.420s] -- Up-to-date symlink: /home/jw/jw/dgtr_ws/install/turtlebot3_navigation2/share/turtlebot3_navigation2/environment/ament_prefix_path.dsv
[0.420s] -- Up-to-date symlink: /home/jw/jw/dgtr_ws/install/turtlebot3_navigation2/share/turtlebot3_navigation2/environment/path.sh
[0.420s] -- Up-to-date symlink: /home/jw/jw/dgtr_ws/install/turtlebot3_navigation2/share/turtlebot3_navigation2/environment/path.dsv
[0.420s] -- Up-to-date symlink: /home/jw/jw/dgtr_ws/install/turtlebot3_navigation2/share/turtlebot3_navigation2/local_setup.bash
[0.420s] -- Up-to-date symlink: /home/jw/jw/dgtr_ws/install/turtlebot3_navigation2/share/turtlebot3_navigation2/local_setup.sh
[0.421s] -- Up-to-date symlink: /home/jw/jw/dgtr_ws/install/turtlebot3_navigation2/share/turtlebot3_navigation2/local_setup.zsh
[0.424s] -- Up-to-date symlink: /home/jw/jw/dgtr_ws/install/turtlebot3_navigation2/share/turtlebot3_navigation2/local_setup.dsv
[0.425s] -- Symlinking: /home/jw/jw/dgtr_ws/install/turtlebot3_navigation2/share/turtlebot3_navigation2/package.dsv
[0.429s] -- Up-to-date symlink: /home/jw/jw/dgtr_ws/install/turtlebot3_navigation2/share/ament_index/resource_index/packages/turtlebot3_navigation2
[0.429s] -- Up-to-date symlink: /home/jw/jw/dgtr_ws/install/turtlebot3_navigation2/share/turtlebot3_navigation2/cmake/turtlebot3_navigation2Config.cmake
[0.430s] -- Up-to-date symlink: /home/jw/jw/dgtr_ws/install/turtlebot3_navigation2/share/turtlebot3_navigation2/cmake/turtlebot3_navigation2Config-version.cmake
[0.430s] -- Up-to-date symlink: /home/jw/jw/dgtr_ws/install/turtlebot3_navigation2/share/turtlebot3_navigation2/package.xml
[0.468s] Invoked command in '/home/jw/jw/dgtr_ws/build/turtlebot3_navigation2' returned '0': CMAKE_PREFIX_PATH=/opt/ros/humble /usr/bin/cmake --install /home/jw/jw/dgtr_ws/build/turtlebot3_navigation2
