[0.581s] DEBUG:colcon:Command line arguments: ['/usr/bin/colcon', 'list', '-p', '--base-paths', '/home/jw/jw/dgtr_ws']
[0.581s] DEBUG:colcon:Parsed command line arguments: Namespace(log_base=None, log_level=None, verb_name='list', build_base='build', ignore_user_meta=False, metas=['./colcon.meta'], base_paths=['/home/jw/jw/dgtr_ws'], packages_ignore=None, packages_ignore_regex=None, paths=None, packages_up_to=None, packages_up_to_regex=None, packages_above=None, packages_above_and_dependencies=None, packages_above_depth=None, packages_select_by_dep=None, packages_skip_by_dep=None, packages_skip_up_to=None, packages_select_build_failed=False, packages_skip_build_finished=False, packages_select_test_failures=False, packages_skip_test_passed=False, packages_select=None, packages_skip=None, packages_select_regex=None, packages_skip_regex=None, packages_start=None, packages_end=None, allow_overriding=[], topological_order=False, names_only=False, paths_only=True, topological_graph=False, topological_graph_dot=False, topological_graph_density=False, topological_graph_legend=False, topological_graph_dot_cluster=False, topological_graph_dot_include_skipped=False, verb_parser=<colcon_defaults.argument_parser.defaults.DefaultArgumentsDecorator object at 0x7f33ab5e8fd0>, verb_extension=<colcon_package_information.verb.list.ListVerb object at 0x7f33abbc3c70>, main=<bound method ListVerb.main of <colcon_package_information.verb.list.ListVerb object at 0x7f33abbc3c70>>)
[0.636s] Level 1:colcon.colcon_core.package_discovery:discover_packages(colcon_meta) check parameters
[0.637s] Level 1:colcon.colcon_core.package_discovery:discover_packages(recursive) check parameters
[0.637s] Level 1:colcon.colcon_core.package_discovery:discover_packages(ignore) check parameters
[0.637s] Level 1:colcon.colcon_core.package_discovery:discover_packages(path) check parameters
[0.637s] Level 1:colcon.colcon_core.package_discovery:discover_packages(recursive) discover
[0.637s] INFO:colcon.colcon_core.package_discovery:Crawling recursively for packages in '/home/jw/jw/dgtr_ws'
[0.637s] Level 1:colcon.colcon_core.package_identification:_identify(/home/jw/jw/dgtr_ws) by extensions ['ignore', 'ignore_ament_install']
[0.638s] Level 1:colcon.colcon_core.package_identification:_identify(/home/jw/jw/dgtr_ws) by extension 'ignore'
[0.638s] Level 1:colcon.colcon_core.package_identification:_identify(/home/jw/jw/dgtr_ws) by extension 'ignore_ament_install'
[0.638s] Level 1:colcon.colcon_core.package_identification:_identify(/home/jw/jw/dgtr_ws) by extensions ['colcon_pkg']
[0.638s] Level 1:colcon.colcon_core.package_identification:_identify(/home/jw/jw/dgtr_ws) by extension 'colcon_pkg'
[0.638s] Level 1:colcon.colcon_core.package_identification:_identify(/home/jw/jw/dgtr_ws) by extensions ['colcon_meta']
[0.638s] Level 1:colcon.colcon_core.package_identification:_identify(/home/jw/jw/dgtr_ws) by extension 'colcon_meta'
[0.638s] Level 1:colcon.colcon_core.package_identification:_identify(/home/jw/jw/dgtr_ws) by extensions ['ros']
[0.638s] Level 1:colcon.colcon_core.package_identification:_identify(/home/jw/jw/dgtr_ws) by extension 'ros'
[0.657s] Level 1:colcon.colcon_core.package_identification:_identify(/home/jw/jw/dgtr_ws) by extensions ['cmake', 'python']
[0.657s] Level 1:colcon.colcon_core.package_identification:_identify(/home/jw/jw/dgtr_ws) by extension 'cmake'
[0.657s] Level 1:colcon.colcon_core.package_identification:_identify(/home/jw/jw/dgtr_ws) by extension 'python'
[0.657s] Level 1:colcon.colcon_core.package_identification:_identify(/home/jw/jw/dgtr_ws) by extensions ['python_setup_py']
[0.657s] Level 1:colcon.colcon_core.package_identification:_identify(/home/jw/jw/dgtr_ws) by extension 'python_setup_py'
[0.657s] Level 1:colcon.colcon_core.package_identification:_identify(/home/jw/jw/dgtr_ws/build) by extensions ['ignore', 'ignore_ament_install']
[0.657s] Level 1:colcon.colcon_core.package_identification:_identify(/home/jw/jw/dgtr_ws/build) by extension 'ignore'
[0.657s] Level 1:colcon.colcon_core.package_identification:_identify(/home/jw/jw/dgtr_ws/build) ignored
[0.658s] Level 1:colcon.colcon_core.package_identification:_identify(/home/jw/jw/dgtr_ws/install) by extensions ['ignore', 'ignore_ament_install']
[0.658s] Level 1:colcon.colcon_core.package_identification:_identify(/home/jw/jw/dgtr_ws/install) by extension 'ignore'
[0.658s] Level 1:colcon.colcon_core.package_identification:_identify(/home/jw/jw/dgtr_ws/install) ignored
[0.658s] Level 1:colcon.colcon_core.package_identification:_identify(/home/jw/jw/dgtr_ws/log) by extensions ['ignore', 'ignore_ament_install']
[0.658s] Level 1:colcon.colcon_core.package_identification:_identify(/home/jw/jw/dgtr_ws/log) by extension 'ignore'
[0.658s] Level 1:colcon.colcon_core.package_identification:_identify(/home/jw/jw/dgtr_ws/log) ignored
[0.658s] Level 1:colcon.colcon_core.package_identification:_identify(/home/jw/jw/dgtr_ws/src) by extensions ['ignore', 'ignore_ament_install']
[0.659s] Level 1:colcon.colcon_core.package_identification:_identify(/home/jw/jw/dgtr_ws/src) by extension 'ignore'
[0.659s] Level 1:colcon.colcon_core.package_identification:_identify(/home/jw/jw/dgtr_ws/src) by extension 'ignore_ament_install'
[0.659s] Level 1:colcon.colcon_core.package_identification:_identify(/home/jw/jw/dgtr_ws/src) by extensions ['colcon_pkg']
[0.659s] Level 1:colcon.colcon_core.package_identification:_identify(/home/jw/jw/dgtr_ws/src) by extension 'colcon_pkg'
[0.659s] Level 1:colcon.colcon_core.package_identification:_identify(/home/jw/jw/dgtr_ws/src) by extensions ['colcon_meta']
[0.659s] Level 1:colcon.colcon_core.package_identification:_identify(/home/jw/jw/dgtr_ws/src) by extension 'colcon_meta'
[0.659s] Level 1:colcon.colcon_core.package_identification:_identify(/home/jw/jw/dgtr_ws/src) by extensions ['ros']
[0.659s] Level 1:colcon.colcon_core.package_identification:_identify(/home/jw/jw/dgtr_ws/src) by extension 'ros'
[0.659s] Level 1:colcon.colcon_core.package_identification:_identify(/home/jw/jw/dgtr_ws/src) by extensions ['cmake', 'python']
[0.659s] Level 1:colcon.colcon_core.package_identification:_identify(/home/jw/jw/dgtr_ws/src) by extension 'cmake'
[0.659s] Level 1:colcon.colcon_core.package_identification:_identify(/home/jw/jw/dgtr_ws/src) by extension 'python'
[0.659s] Level 1:colcon.colcon_core.package_identification:_identify(/home/jw/jw/dgtr_ws/src) by extensions ['python_setup_py']
[0.659s] Level 1:colcon.colcon_core.package_identification:_identify(/home/jw/jw/dgtr_ws/src) by extension 'python_setup_py'
[0.659s] Level 1:colcon.colcon_core.package_identification:_identify(/home/jw/jw/dgtr_ws/src/turtlebot3) by extensions ['ignore', 'ignore_ament_install']
[0.660s] Level 1:colcon.colcon_core.package_identification:_identify(/home/jw/jw/dgtr_ws/src/turtlebot3) by extension 'ignore'
[0.660s] Level 1:colcon.colcon_core.package_identification:_identify(/home/jw/jw/dgtr_ws/src/turtlebot3) by extension 'ignore_ament_install'
[0.660s] Level 1:colcon.colcon_core.package_identification:_identify(/home/jw/jw/dgtr_ws/src/turtlebot3) by extensions ['colcon_pkg']
[0.660s] Level 1:colcon.colcon_core.package_identification:_identify(/home/jw/jw/dgtr_ws/src/turtlebot3) by extension 'colcon_pkg'
[0.660s] Level 1:colcon.colcon_core.package_identification:_identify(/home/jw/jw/dgtr_ws/src/turtlebot3) by extensions ['colcon_meta']
[0.660s] Level 1:colcon.colcon_core.package_identification:_identify(/home/jw/jw/dgtr_ws/src/turtlebot3) by extension 'colcon_meta'
[0.660s] Level 1:colcon.colcon_core.package_identification:_identify(/home/jw/jw/dgtr_ws/src/turtlebot3) by extensions ['ros']
[0.660s] Level 1:colcon.colcon_core.package_identification:_identify(/home/jw/jw/dgtr_ws/src/turtlebot3) by extension 'ros'
[0.660s] Level 1:colcon.colcon_core.package_identification:_identify(/home/jw/jw/dgtr_ws/src/turtlebot3) by extensions ['cmake', 'python']
[0.660s] Level 1:colcon.colcon_core.package_identification:_identify(/home/jw/jw/dgtr_ws/src/turtlebot3) by extension 'cmake'
[0.660s] Level 1:colcon.colcon_core.package_identification:_identify(/home/jw/jw/dgtr_ws/src/turtlebot3) by extension 'python'
[0.660s] Level 1:colcon.colcon_core.package_identification:_identify(/home/jw/jw/dgtr_ws/src/turtlebot3) by extensions ['python_setup_py']
[0.660s] Level 1:colcon.colcon_core.package_identification:_identify(/home/jw/jw/dgtr_ws/src/turtlebot3) by extension 'python_setup_py'
[0.661s] Level 1:colcon.colcon_core.package_identification:_identify(/home/jw/jw/dgtr_ws/src/turtlebot3/turtlebot3) by extensions ['ignore', 'ignore_ament_install']
[0.661s] Level 1:colcon.colcon_core.package_identification:_identify(/home/jw/jw/dgtr_ws/src/turtlebot3/turtlebot3) by extension 'ignore'
[0.661s] Level 1:colcon.colcon_core.package_identification:_identify(/home/jw/jw/dgtr_ws/src/turtlebot3/turtlebot3) by extension 'ignore_ament_install'
[0.661s] Level 1:colcon.colcon_core.package_identification:_identify(/home/jw/jw/dgtr_ws/src/turtlebot3/turtlebot3) by extensions ['colcon_pkg']
[0.661s] Level 1:colcon.colcon_core.package_identification:_identify(/home/jw/jw/dgtr_ws/src/turtlebot3/turtlebot3) by extension 'colcon_pkg'
[0.661s] Level 1:colcon.colcon_core.package_identification:_identify(/home/jw/jw/dgtr_ws/src/turtlebot3/turtlebot3) by extensions ['colcon_meta']
[0.661s] Level 1:colcon.colcon_core.package_identification:_identify(/home/jw/jw/dgtr_ws/src/turtlebot3/turtlebot3) by extension 'colcon_meta'
[0.661s] Level 1:colcon.colcon_core.package_identification:_identify(/home/jw/jw/dgtr_ws/src/turtlebot3/turtlebot3) by extensions ['ros']
[0.661s] Level 1:colcon.colcon_core.package_identification:_identify(/home/jw/jw/dgtr_ws/src/turtlebot3/turtlebot3) by extension 'ros'
[0.665s] DEBUG:colcon.colcon_core.package_identification:Package '/home/jw/jw/dgtr_ws/src/turtlebot3/turtlebot3' with type 'ros.ament_cmake' and name 'turtlebot3'
[0.666s] Level 1:colcon.colcon_core.package_identification:_identify(/home/jw/jw/dgtr_ws/src/turtlebot3/turtlebot3_bringup) by extensions ['ignore', 'ignore_ament_install']
[0.666s] Level 1:colcon.colcon_core.package_identification:_identify(/home/jw/jw/dgtr_ws/src/turtlebot3/turtlebot3_bringup) by extension 'ignore'
[0.666s] Level 1:colcon.colcon_core.package_identification:_identify(/home/jw/jw/dgtr_ws/src/turtlebot3/turtlebot3_bringup) by extension 'ignore_ament_install'
[0.666s] Level 1:colcon.colcon_core.package_identification:_identify(/home/jw/jw/dgtr_ws/src/turtlebot3/turtlebot3_bringup) by extensions ['colcon_pkg']
[0.667s] Level 1:colcon.colcon_core.package_identification:_identify(/home/jw/jw/dgtr_ws/src/turtlebot3/turtlebot3_bringup) by extension 'colcon_pkg'
[0.667s] Level 1:colcon.colcon_core.package_identification:_identify(/home/jw/jw/dgtr_ws/src/turtlebot3/turtlebot3_bringup) by extensions ['colcon_meta']
[0.667s] Level 1:colcon.colcon_core.package_identification:_identify(/home/jw/jw/dgtr_ws/src/turtlebot3/turtlebot3_bringup) by extension 'colcon_meta'
[0.667s] Level 1:colcon.colcon_core.package_identification:_identify(/home/jw/jw/dgtr_ws/src/turtlebot3/turtlebot3_bringup) by extensions ['ros']
[0.667s] Level 1:colcon.colcon_core.package_identification:_identify(/home/jw/jw/dgtr_ws/src/turtlebot3/turtlebot3_bringup) by extension 'ros'
[0.668s] DEBUG:colcon.colcon_core.package_identification:Package '/home/jw/jw/dgtr_ws/src/turtlebot3/turtlebot3_bringup' with type 'ros.ament_cmake' and name 'turtlebot3_bringup'
[0.668s] Level 1:colcon.colcon_core.package_identification:_identify(/home/jw/jw/dgtr_ws/src/turtlebot3/turtlebot3_cartographer) by extensions ['ignore', 'ignore_ament_install']
[0.668s] Level 1:colcon.colcon_core.package_identification:_identify(/home/jw/jw/dgtr_ws/src/turtlebot3/turtlebot3_cartographer) by extension 'ignore'
[0.668s] Level 1:colcon.colcon_core.package_identification:_identify(/home/jw/jw/dgtr_ws/src/turtlebot3/turtlebot3_cartographer) by extension 'ignore_ament_install'
[0.669s] Level 1:colcon.colcon_core.package_identification:_identify(/home/jw/jw/dgtr_ws/src/turtlebot3/turtlebot3_cartographer) by extensions ['colcon_pkg']
[0.669s] Level 1:colcon.colcon_core.package_identification:_identify(/home/jw/jw/dgtr_ws/src/turtlebot3/turtlebot3_cartographer) by extension 'colcon_pkg'
[0.669s] Level 1:colcon.colcon_core.package_identification:_identify(/home/jw/jw/dgtr_ws/src/turtlebot3/turtlebot3_cartographer) by extensions ['colcon_meta']
[0.669s] Level 1:colcon.colcon_core.package_identification:_identify(/home/jw/jw/dgtr_ws/src/turtlebot3/turtlebot3_cartographer) by extension 'colcon_meta'
[0.669s] Level 1:colcon.colcon_core.package_identification:_identify(/home/jw/jw/dgtr_ws/src/turtlebot3/turtlebot3_cartographer) by extensions ['ros']
[0.669s] Level 1:colcon.colcon_core.package_identification:_identify(/home/jw/jw/dgtr_ws/src/turtlebot3/turtlebot3_cartographer) by extension 'ros'
[0.671s] DEBUG:colcon.colcon_core.package_identification:Package '/home/jw/jw/dgtr_ws/src/turtlebot3/turtlebot3_cartographer' with type 'ros.ament_cmake' and name 'turtlebot3_cartographer'
[0.671s] Level 1:colcon.colcon_core.package_identification:_identify(/home/jw/jw/dgtr_ws/src/turtlebot3/turtlebot3_description) by extensions ['ignore', 'ignore_ament_install']
[0.671s] Level 1:colcon.colcon_core.package_identification:_identify(/home/jw/jw/dgtr_ws/src/turtlebot3/turtlebot3_description) by extension 'ignore'
[0.671s] Level 1:colcon.colcon_core.package_identification:_identify(/home/jw/jw/dgtr_ws/src/turtlebot3/turtlebot3_description) by extension 'ignore_ament_install'
[0.671s] Level 1:colcon.colcon_core.package_identification:_identify(/home/jw/jw/dgtr_ws/src/turtlebot3/turtlebot3_description) by extensions ['colcon_pkg']
[0.672s] Level 1:colcon.colcon_core.package_identification:_identify(/home/jw/jw/dgtr_ws/src/turtlebot3/turtlebot3_description) by extension 'colcon_pkg'
[0.673s] Level 1:colcon.colcon_core.package_identification:_identify(/home/jw/jw/dgtr_ws/src/turtlebot3/turtlebot3_description) by extensions ['colcon_meta']
[0.673s] Level 1:colcon.colcon_core.package_identification:_identify(/home/jw/jw/dgtr_ws/src/turtlebot3/turtlebot3_description) by extension 'colcon_meta'
[0.673s] Level 1:colcon.colcon_core.package_identification:_identify(/home/jw/jw/dgtr_ws/src/turtlebot3/turtlebot3_description) by extensions ['ros']
[0.673s] Level 1:colcon.colcon_core.package_identification:_identify(/home/jw/jw/dgtr_ws/src/turtlebot3/turtlebot3_description) by extension 'ros'
[0.675s] DEBUG:colcon.colcon_core.package_identification:Package '/home/jw/jw/dgtr_ws/src/turtlebot3/turtlebot3_description' with type 'ros.ament_cmake' and name 'turtlebot3_description'
[0.675s] Level 1:colcon.colcon_core.package_identification:_identify(/home/jw/jw/dgtr_ws/src/turtlebot3/turtlebot3_example) by extensions ['ignore', 'ignore_ament_install']
[0.676s] Level 1:colcon.colcon_core.package_identification:_identify(/home/jw/jw/dgtr_ws/src/turtlebot3/turtlebot3_example) by extension 'ignore'
[0.676s] Level 1:colcon.colcon_core.package_identification:_identify(/home/jw/jw/dgtr_ws/src/turtlebot3/turtlebot3_example) by extension 'ignore_ament_install'
[0.676s] Level 1:colcon.colcon_core.package_identification:_identify(/home/jw/jw/dgtr_ws/src/turtlebot3/turtlebot3_example) by extensions ['colcon_pkg']
[0.676s] Level 1:colcon.colcon_core.package_identification:_identify(/home/jw/jw/dgtr_ws/src/turtlebot3/turtlebot3_example) by extension 'colcon_pkg'
[0.676s] Level 1:colcon.colcon_core.package_identification:_identify(/home/jw/jw/dgtr_ws/src/turtlebot3/turtlebot3_example) by extensions ['colcon_meta']
[0.676s] Level 1:colcon.colcon_core.package_identification:_identify(/home/jw/jw/dgtr_ws/src/turtlebot3/turtlebot3_example) by extension 'colcon_meta'
[0.677s] Level 1:colcon.colcon_core.package_identification:_identify(/home/jw/jw/dgtr_ws/src/turtlebot3/turtlebot3_example) by extensions ['ros']
[0.677s] Level 1:colcon.colcon_core.package_identification:_identify(/home/jw/jw/dgtr_ws/src/turtlebot3/turtlebot3_example) by extension 'ros'
[0.679s] DEBUG:colcon.colcon_core.package_identification:Package '/home/jw/jw/dgtr_ws/src/turtlebot3/turtlebot3_example' with type 'ros.ament_python' and name 'turtlebot3_example'
[0.679s] Level 1:colcon.colcon_core.package_identification:_identify(/home/jw/jw/dgtr_ws/src/turtlebot3/turtlebot3_navigation2) by extensions ['ignore', 'ignore_ament_install']
[0.679s] Level 1:colcon.colcon_core.package_identification:_identify(/home/jw/jw/dgtr_ws/src/turtlebot3/turtlebot3_navigation2) by extension 'ignore'
[0.679s] Level 1:colcon.colcon_core.package_identification:_identify(/home/jw/jw/dgtr_ws/src/turtlebot3/turtlebot3_navigation2) by extension 'ignore_ament_install'
[0.679s] Level 1:colcon.colcon_core.package_identification:_identify(/home/jw/jw/dgtr_ws/src/turtlebot3/turtlebot3_navigation2) by extensions ['colcon_pkg']
[0.679s] Level 1:colcon.colcon_core.package_identification:_identify(/home/jw/jw/dgtr_ws/src/turtlebot3/turtlebot3_navigation2) by extension 'colcon_pkg'
[0.679s] Level 1:colcon.colcon_core.package_identification:_identify(/home/jw/jw/dgtr_ws/src/turtlebot3/turtlebot3_navigation2) by extensions ['colcon_meta']
[0.679s] Level 1:colcon.colcon_core.package_identification:_identify(/home/jw/jw/dgtr_ws/src/turtlebot3/turtlebot3_navigation2) by extension 'colcon_meta'
[0.679s] Level 1:colcon.colcon_core.package_identification:_identify(/home/jw/jw/dgtr_ws/src/turtlebot3/turtlebot3_navigation2) by extensions ['ros']
[0.679s] Level 1:colcon.colcon_core.package_identification:_identify(/home/jw/jw/dgtr_ws/src/turtlebot3/turtlebot3_navigation2) by extension 'ros'
[0.680s] DEBUG:colcon.colcon_core.package_identification:Package '/home/jw/jw/dgtr_ws/src/turtlebot3/turtlebot3_navigation2' with type 'ros.ament_cmake' and name 'turtlebot3_navigation2'
[0.681s] Level 1:colcon.colcon_core.package_identification:_identify(/home/jw/jw/dgtr_ws/src/turtlebot3/turtlebot3_node) by extensions ['ignore', 'ignore_ament_install']
[0.681s] Level 1:colcon.colcon_core.package_identification:_identify(/home/jw/jw/dgtr_ws/src/turtlebot3/turtlebot3_node) by extension 'ignore'
[0.681s] Level 1:colcon.colcon_core.package_identification:_identify(/home/jw/jw/dgtr_ws/src/turtlebot3/turtlebot3_node) by extension 'ignore_ament_install'
[0.682s] Level 1:colcon.colcon_core.package_identification:_identify(/home/jw/jw/dgtr_ws/src/turtlebot3/turtlebot3_node) by extensions ['colcon_pkg']
[0.682s] Level 1:colcon.colcon_core.package_identification:_identify(/home/jw/jw/dgtr_ws/src/turtlebot3/turtlebot3_node) by extension 'colcon_pkg'
[0.682s] Level 1:colcon.colcon_core.package_identification:_identify(/home/jw/jw/dgtr_ws/src/turtlebot3/turtlebot3_node) by extensions ['colcon_meta']
[0.682s] Level 1:colcon.colcon_core.package_identification:_identify(/home/jw/jw/dgtr_ws/src/turtlebot3/turtlebot3_node) by extension 'colcon_meta'
[0.683s] Level 1:colcon.colcon_core.package_identification:_identify(/home/jw/jw/dgtr_ws/src/turtlebot3/turtlebot3_node) by extensions ['ros']
[0.683s] Level 1:colcon.colcon_core.package_identification:_identify(/home/jw/jw/dgtr_ws/src/turtlebot3/turtlebot3_node) by extension 'ros'
[0.686s] DEBUG:colcon.colcon_core.package_identification:Package '/home/jw/jw/dgtr_ws/src/turtlebot3/turtlebot3_node' with type 'ros.ament_cmake' and name 'turtlebot3_node'
[0.686s] Level 1:colcon.colcon_core.package_identification:_identify(/home/jw/jw/dgtr_ws/src/turtlebot3/turtlebot3_teleop) by extensions ['ignore', 'ignore_ament_install']
[0.686s] Level 1:colcon.colcon_core.package_identification:_identify(/home/jw/jw/dgtr_ws/src/turtlebot3/turtlebot3_teleop) by extension 'ignore'
[0.686s] Level 1:colcon.colcon_core.package_identification:_identify(/home/jw/jw/dgtr_ws/src/turtlebot3/turtlebot3_teleop) by extension 'ignore_ament_install'
[0.686s] Level 1:colcon.colcon_core.package_identification:_identify(/home/jw/jw/dgtr_ws/src/turtlebot3/turtlebot3_teleop) by extensions ['colcon_pkg']
[0.686s] Level 1:colcon.colcon_core.package_identification:_identify(/home/jw/jw/dgtr_ws/src/turtlebot3/turtlebot3_teleop) by extension 'colcon_pkg'
[0.686s] Level 1:colcon.colcon_core.package_identification:_identify(/home/jw/jw/dgtr_ws/src/turtlebot3/turtlebot3_teleop) by extensions ['colcon_meta']
[0.687s] Level 1:colcon.colcon_core.package_identification:_identify(/home/jw/jw/dgtr_ws/src/turtlebot3/turtlebot3_teleop) by extension 'colcon_meta'
[0.687s] Level 1:colcon.colcon_core.package_identification:_identify(/home/jw/jw/dgtr_ws/src/turtlebot3/turtlebot3_teleop) by extensions ['ros']
[0.687s] Level 1:colcon.colcon_core.package_identification:_identify(/home/jw/jw/dgtr_ws/src/turtlebot3/turtlebot3_teleop) by extension 'ros'
[0.688s] DEBUG:colcon.colcon_core.package_identification:Package '/home/jw/jw/dgtr_ws/src/turtlebot3/turtlebot3_teleop' with type 'ros.ament_python' and name 'turtlebot3_teleop'
[0.688s] Level 1:colcon.colcon_core.package_identification:_identify(/home/jw/jw/dgtr_ws/src/turtlebot3_simulations) by extensions ['ignore', 'ignore_ament_install']
[0.689s] Level 1:colcon.colcon_core.package_identification:_identify(/home/jw/jw/dgtr_ws/src/turtlebot3_simulations) by extension 'ignore'
[0.689s] Level 1:colcon.colcon_core.package_identification:_identify(/home/jw/jw/dgtr_ws/src/turtlebot3_simulations) by extension 'ignore_ament_install'
[0.689s] Level 1:colcon.colcon_core.package_identification:_identify(/home/jw/jw/dgtr_ws/src/turtlebot3_simulations) by extensions ['colcon_pkg']
[0.689s] Level 1:colcon.colcon_core.package_identification:_identify(/home/jw/jw/dgtr_ws/src/turtlebot3_simulations) by extension 'colcon_pkg'
[0.689s] Level 1:colcon.colcon_core.package_identification:_identify(/home/jw/jw/dgtr_ws/src/turtlebot3_simulations) by extensions ['colcon_meta']
[0.689s] Level 1:colcon.colcon_core.package_identification:_identify(/home/jw/jw/dgtr_ws/src/turtlebot3_simulations) by extension 'colcon_meta'
[0.690s] Level 1:colcon.colcon_core.package_identification:_identify(/home/jw/jw/dgtr_ws/src/turtlebot3_simulations) by extensions ['ros']
[0.690s] Level 1:colcon.colcon_core.package_identification:_identify(/home/jw/jw/dgtr_ws/src/turtlebot3_simulations) by extension 'ros'
[0.690s] Level 1:colcon.colcon_core.package_identification:_identify(/home/jw/jw/dgtr_ws/src/turtlebot3_simulations) by extensions ['cmake', 'python']
[0.690s] Level 1:colcon.colcon_core.package_identification:_identify(/home/jw/jw/dgtr_ws/src/turtlebot3_simulations) by extension 'cmake'
[0.690s] Level 1:colcon.colcon_core.package_identification:_identify(/home/jw/jw/dgtr_ws/src/turtlebot3_simulations) by extension 'python'
[0.690s] Level 1:colcon.colcon_core.package_identification:_identify(/home/jw/jw/dgtr_ws/src/turtlebot3_simulations) by extensions ['python_setup_py']
[0.690s] Level 1:colcon.colcon_core.package_identification:_identify(/home/jw/jw/dgtr_ws/src/turtlebot3_simulations) by extension 'python_setup_py'
[0.690s] Level 1:colcon.colcon_core.package_identification:_identify(/home/jw/jw/dgtr_ws/src/turtlebot3_simulations/turtlebot3_fake_node) by extensions ['ignore', 'ignore_ament_install']
[0.690s] Level 1:colcon.colcon_core.package_identification:_identify(/home/jw/jw/dgtr_ws/src/turtlebot3_simulations/turtlebot3_fake_node) by extension 'ignore'
[0.690s] Level 1:colcon.colcon_core.package_identification:_identify(/home/jw/jw/dgtr_ws/src/turtlebot3_simulations/turtlebot3_fake_node) by extension 'ignore_ament_install'
[0.691s] Level 1:colcon.colcon_core.package_identification:_identify(/home/jw/jw/dgtr_ws/src/turtlebot3_simulations/turtlebot3_fake_node) by extensions ['colcon_pkg']
[0.691s] Level 1:colcon.colcon_core.package_identification:_identify(/home/jw/jw/dgtr_ws/src/turtlebot3_simulations/turtlebot3_fake_node) by extension 'colcon_pkg'
[0.691s] Level 1:colcon.colcon_core.package_identification:_identify(/home/jw/jw/dgtr_ws/src/turtlebot3_simulations/turtlebot3_fake_node) by extensions ['colcon_meta']
[0.691s] Level 1:colcon.colcon_core.package_identification:_identify(/home/jw/jw/dgtr_ws/src/turtlebot3_simulations/turtlebot3_fake_node) by extension 'colcon_meta'
[0.691s] Level 1:colcon.colcon_core.package_identification:_identify(/home/jw/jw/dgtr_ws/src/turtlebot3_simulations/turtlebot3_fake_node) by extensions ['ros']
[0.691s] Level 1:colcon.colcon_core.package_identification:_identify(/home/jw/jw/dgtr_ws/src/turtlebot3_simulations/turtlebot3_fake_node) by extension 'ros'
[0.692s] DEBUG:colcon.colcon_core.package_identification:Package '/home/jw/jw/dgtr_ws/src/turtlebot3_simulations/turtlebot3_fake_node' with type 'ros.ament_cmake' and name 'turtlebot3_fake_node'
[0.692s] Level 1:colcon.colcon_core.package_identification:_identify(/home/jw/jw/dgtr_ws/src/turtlebot3_simulations/turtlebot3_gazebo) by extensions ['ignore', 'ignore_ament_install']
[0.693s] Level 1:colcon.colcon_core.package_identification:_identify(/home/jw/jw/dgtr_ws/src/turtlebot3_simulations/turtlebot3_gazebo) by extension 'ignore'
[0.693s] Level 1:colcon.colcon_core.package_identification:_identify(/home/jw/jw/dgtr_ws/src/turtlebot3_simulations/turtlebot3_gazebo) by extension 'ignore_ament_install'
[0.693s] Level 1:colcon.colcon_core.package_identification:_identify(/home/jw/jw/dgtr_ws/src/turtlebot3_simulations/turtlebot3_gazebo) by extensions ['colcon_pkg']
[0.693s] Level 1:colcon.colcon_core.package_identification:_identify(/home/jw/jw/dgtr_ws/src/turtlebot3_simulations/turtlebot3_gazebo) by extension 'colcon_pkg'
[0.693s] Level 1:colcon.colcon_core.package_identification:_identify(/home/jw/jw/dgtr_ws/src/turtlebot3_simulations/turtlebot3_gazebo) by extensions ['colcon_meta']
[0.693s] Level 1:colcon.colcon_core.package_identification:_identify(/home/jw/jw/dgtr_ws/src/turtlebot3_simulations/turtlebot3_gazebo) by extension 'colcon_meta'
[0.693s] Level 1:colcon.colcon_core.package_identification:_identify(/home/jw/jw/dgtr_ws/src/turtlebot3_simulations/turtlebot3_gazebo) by extensions ['ros']
[0.693s] Level 1:colcon.colcon_core.package_identification:_identify(/home/jw/jw/dgtr_ws/src/turtlebot3_simulations/turtlebot3_gazebo) by extension 'ros'
[0.694s] DEBUG:colcon.colcon_core.package_identification:Package '/home/jw/jw/dgtr_ws/src/turtlebot3_simulations/turtlebot3_gazebo' with type 'ros.ament_cmake' and name 'turtlebot3_gazebo'
[0.694s] Level 1:colcon.colcon_core.package_identification:_identify(/home/jw/jw/dgtr_ws/src/turtlebot3_simulations/turtlebot3_simulations) by extensions ['ignore', 'ignore_ament_install']
[0.694s] Level 1:colcon.colcon_core.package_identification:_identify(/home/jw/jw/dgtr_ws/src/turtlebot3_simulations/turtlebot3_simulations) by extension 'ignore'
[0.695s] Level 1:colcon.colcon_core.package_identification:_identify(/home/jw/jw/dgtr_ws/src/turtlebot3_simulations/turtlebot3_simulations) by extension 'ignore_ament_install'
[0.695s] Level 1:colcon.colcon_core.package_identification:_identify(/home/jw/jw/dgtr_ws/src/turtlebot3_simulations/turtlebot3_simulations) by extensions ['colcon_pkg']
[0.695s] Level 1:colcon.colcon_core.package_identification:_identify(/home/jw/jw/dgtr_ws/src/turtlebot3_simulations/turtlebot3_simulations) by extension 'colcon_pkg'
[0.695s] Level 1:colcon.colcon_core.package_identification:_identify(/home/jw/jw/dgtr_ws/src/turtlebot3_simulations/turtlebot3_simulations) by extensions ['colcon_meta']
[0.695s] Level 1:colcon.colcon_core.package_identification:_identify(/home/jw/jw/dgtr_ws/src/turtlebot3_simulations/turtlebot3_simulations) by extension 'colcon_meta'
[0.695s] Level 1:colcon.colcon_core.package_identification:_identify(/home/jw/jw/dgtr_ws/src/turtlebot3_simulations/turtlebot3_simulations) by extensions ['ros']
[0.695s] Level 1:colcon.colcon_core.package_identification:_identify(/home/jw/jw/dgtr_ws/src/turtlebot3_simulations/turtlebot3_simulations) by extension 'ros'
[0.696s] DEBUG:colcon.colcon_core.package_identification:Package '/home/jw/jw/dgtr_ws/src/turtlebot3_simulations/turtlebot3_simulations' with type 'ros.ament_cmake' and name 'turtlebot3_simulations'
[0.696s] Level 1:colcon.colcon_core.package_discovery:discover_packages(recursive) using defaults
