[0.716s] Invoking command in '/home/jw/jw/dgtr_ws/build/turtlebot3_example': PYTHONPATH=/home/jw/jw/dgtr_ws/build/turtlebot3_example/prefix_override:/home/jw/jw/dgtr_ws/install/turtlebot3_example/lib/python3.10/site-packages:${PYTHONPATH} /usr/bin/python3 setup.py develop --editable --build-directory /home/jw/jw/dgtr_ws/build/turtlebot3_example/build --no-deps install_data
[0.896s] running develop
[0.998s] running egg_info
[0.998s] writing turtlebot3_example.egg-info/PKG-INFO
[0.999s] writing dependency_links to turtlebot3_example.egg-info/dependency_links.txt
[0.999s] writing entry points to turtlebot3_example.egg-info/entry_points.txt
[0.999s] writing requirements to turtlebot3_example.egg-info/requires.txt
[0.999s] writing top-level names to turtlebot3_example.egg-info/top_level.txt
[1.000s] reading manifest file 'turtlebot3_example.egg-info/SOURCES.txt'
[1.001s] writing manifest file 'turtlebot3_example.egg-info/SOURCES.txt'
[1.003s] running build_ext
[1.003s] Creating /home/jw/jw/dgtr_ws/install/turtlebot3_example/lib/python3.10/site-packages/turtlebot3-example.egg-link (link to .)
[1.003s] Installing turtlebot3_obstacle_detection script to /home/jw/jw/dgtr_ws/install/turtlebot3_example/lib/turtlebot3_example
[1.003s] Installing turtlebot3_patrol_client script to /home/jw/jw/dgtr_ws/install/turtlebot3_example/lib/turtlebot3_example
[1.003s] Installing turtlebot3_patrol_server script to /home/jw/jw/dgtr_ws/install/turtlebot3_example/lib/turtlebot3_example
[1.004s] Installing turtlebot3_position_control script to /home/jw/jw/dgtr_ws/install/turtlebot3_example/lib/turtlebot3_example
[1.004s] 
[1.004s] Installed /home/jw/jw/dgtr_ws/build/turtlebot3_example
[1.004s] running install_data
[1.038s] Invoked command in '/home/jw/jw/dgtr_ws/build/turtlebot3_example' returned '0': PYTHONPATH=/home/jw/jw/dgtr_ws/build/turtlebot3_example/prefix_override:/home/jw/jw/dgtr_ws/install/turtlebot3_example/lib/python3.10/site-packages:${PYTHONPATH} /usr/bin/python3 setup.py develop --editable --build-directory /home/jw/jw/dgtr_ws/build/turtlebot3_example/build --no-deps install_data
