[0.050s] Invoking command in '/home/jw/jw/dgtr_ws/build/turtlebot3_cartographer': CMAKE_PREFIX_PATH=${CMAKE_PREFIX_PATH}:/home/jw/jw/dgtr_ws/install/turtlebot3_teleop:/home/jw/jw/dgtr_ws/install/turtlebot3_example:/opt/ros/humble /usr/bin/cmake --build /home/jw/jw/dgtr_ws/build/turtlebot3_cartographer -- -j8 -l8
[0.570s] Invoked command in '/home/jw/jw/dgtr_ws/build/turtlebot3_cartographer' returned '0': CMAKE_PREFIX_PATH=${CMAKE_PREFIX_PATH}:/home/jw/jw/dgtr_ws/install/turtlebot3_teleop:/home/jw/jw/dgtr_ws/install/turtlebot3_example:/opt/ros/humble /usr/bin/cmake --build /home/jw/jw/dgtr_ws/build/turtlebot3_cartographer -- -j8 -l8
[0.604s] Invoking command in '/home/jw/jw/dgtr_ws/build/turtlebot3_cartographer': CMAKE_PREFIX_PATH=${CMAKE_PREFIX_PATH}:/home/jw/jw/dgtr_ws/install/turtlebot3_teleop:/home/jw/jw/dgtr_ws/install/turtlebot3_example:/opt/ros/humble /usr/bin/cmake --install /home/jw/jw/dgtr_ws/build/turtlebot3_cartographer
[0.621s] -- Install configuration: ""
[0.623s] -- Execute custom install script
[0.623s] -- Up-to-date symlink: /home/jw/jw/dgtr_ws/install/turtlebot3_cartographer/share/turtlebot3_cartographer/config/turtlebot3_lds_2d.lua
[0.624s] -- Up-to-date symlink: /home/jw/jw/dgtr_ws/install/turtlebot3_cartographer/share/turtlebot3_cartographer/launch/cartographer.launch.py
[0.624s] -- Up-to-date symlink: /home/jw/jw/dgtr_ws/install/turtlebot3_cartographer/share/turtlebot3_cartographer/launch/occupancy_grid.launch.py
[0.624s] -- Up-to-date symlink: /home/jw/jw/dgtr_ws/install/turtlebot3_cartographer/share/turtlebot3_cartographer/rviz/tb3_cartographer.rviz
[0.624s] -- Up-to-date symlink: /home/jw/jw/dgtr_ws/install/turtlebot3_cartographer/share/ament_index/resource_index/package_run_dependencies/turtlebot3_cartographer
[0.624s] -- Up-to-date symlink: /home/jw/jw/dgtr_ws/install/turtlebot3_cartographer/share/ament_index/resource_index/parent_prefix_path/turtlebot3_cartographer
[0.625s] -- Up-to-date symlink: /home/jw/jw/dgtr_ws/install/turtlebot3_cartographer/share/turtlebot3_cartographer/environment/ament_prefix_path.sh
[0.625s] -- Up-to-date symlink: /home/jw/jw/dgtr_ws/install/turtlebot3_cartographer/share/turtlebot3_cartographer/environment/ament_prefix_path.dsv
[0.625s] -- Up-to-date symlink: /home/jw/jw/dgtr_ws/install/turtlebot3_cartographer/share/turtlebot3_cartographer/environment/path.sh
[0.625s] -- Up-to-date symlink: /home/jw/jw/dgtr_ws/install/turtlebot3_cartographer/share/turtlebot3_cartographer/environment/path.dsv
[0.625s] -- Up-to-date symlink: /home/jw/jw/dgtr_ws/install/turtlebot3_cartographer/share/turtlebot3_cartographer/local_setup.bash
[0.625s] -- Up-to-date symlink: /home/jw/jw/dgtr_ws/install/turtlebot3_cartographer/share/turtlebot3_cartographer/local_setup.sh
[0.625s] -- Up-to-date symlink: /home/jw/jw/dgtr_ws/install/turtlebot3_cartographer/share/turtlebot3_cartographer/local_setup.zsh
[0.627s] -- Up-to-date symlink: /home/jw/jw/dgtr_ws/install/turtlebot3_cartographer/share/turtlebot3_cartographer/local_setup.dsv
[0.627s] -- Symlinking: /home/jw/jw/dgtr_ws/install/turtlebot3_cartographer/share/turtlebot3_cartographer/package.dsv
[0.642s] -- Up-to-date symlink: /home/jw/jw/dgtr_ws/install/turtlebot3_cartographer/share/ament_index/resource_index/packages/turtlebot3_cartographer
[0.642s] -- Up-to-date symlink: /home/jw/jw/dgtr_ws/install/turtlebot3_cartographer/share/turtlebot3_cartographer/cmake/turtlebot3_cartographerConfig.cmake
[0.642s] -- Up-to-date symlink: /home/jw/jw/dgtr_ws/install/turtlebot3_cartographer/share/turtlebot3_cartographer/cmake/turtlebot3_cartographerConfig-version.cmake
[0.642s] -- Up-to-date symlink: /home/jw/jw/dgtr_ws/install/turtlebot3_cartographer/share/turtlebot3_cartographer/package.xml
[0.684s] Invoked command in '/home/jw/jw/dgtr_ws/build/turtlebot3_cartographer' returned '0': CMAKE_PREFIX_PATH=${CMAKE_PREFIX_PATH}:/home/jw/jw/dgtr_ws/install/turtlebot3_teleop:/home/jw/jw/dgtr_ws/install/turtlebot3_example:/opt/ros/humble /usr/bin/cmake --install /home/jw/jw/dgtr_ws/build/turtlebot3_cartographer
