[0.005s] Invoking command in '/home/jw/jw/dgtr_ws/build/turtlebot3_bringup': AMENT_PREFIX_PATH=/home/jw/jw/dgtr_ws/install/turtlebot3_node:/home/jw/jw/dgtr_ws/install/turtlebot3_description:${AMENT_PREFIX_PATH} CMAKE_PREFIX_PATH=/home/jw/jw/dgtr_ws/install/turtlebot3_node:/home/jw/jw/dgtr_ws/install/turtlebot3_description:/opt/ros/humble /usr/bin/cmake /home/jw/jw/dgtr_ws/src/turtlebot3/turtlebot3_bringup -DAMENT_CMAKE_SYMLINK_INSTALL=1 -DCMAKE_INSTALL_PREFIX=/home/jw/jw/dgtr_ws/install/turtlebot3_bringup
[0.046s] -- The C compiler identification is GNU 11.3.0
[0.088s] -- The CXX compiler identification is GNU 11.3.0
[0.092s] -- Detecting C compiler ABI info
[0.144s] -- Detecting C compiler ABI info - done
[0.149s] -- Check for working C compiler: /usr/bin/cc - skipped
[0.149s] -- Detecting C compile features
[0.149s] -- Detecting C compile features - done
[0.151s] -- Detecting CXX compiler ABI info
[0.203s] -- Detecting CXX compiler ABI info - done
[0.208s] -- Check for working CXX compiler: /usr/bin/c++ - skipped
[0.208s] -- Detecting CXX compile features
[0.208s] -- Detecting CXX compile features - done
[0.210s] -- Found ament_cmake: 1.3.3 (/opt/ros/humble/share/ament_cmake/cmake)
[0.318s] -- Found Python3: /usr/bin/python3.10 (found version "3.10.6") found components: Interpreter 
[0.356s] -- Override CMake install command with custom implementation using symlinks instead of copying resources
[0.415s] -- Configuring done
[0.416s] -- Generating done
[0.417s] -- Build files have been written to: /home/jw/jw/dgtr_ws/build/turtlebot3_bringup
[0.420s] Invoked command in '/home/jw/jw/dgtr_ws/build/turtlebot3_bringup' returned '0': AMENT_PREFIX_PATH=/home/jw/jw/dgtr_ws/install/turtlebot3_node:/home/jw/jw/dgtr_ws/install/turtlebot3_description:${AMENT_PREFIX_PATH} CMAKE_PREFIX_PATH=/home/jw/jw/dgtr_ws/install/turtlebot3_node:/home/jw/jw/dgtr_ws/install/turtlebot3_description:/opt/ros/humble /usr/bin/cmake /home/jw/jw/dgtr_ws/src/turtlebot3/turtlebot3_bringup -DAMENT_CMAKE_SYMLINK_INSTALL=1 -DCMAKE_INSTALL_PREFIX=/home/jw/jw/dgtr_ws/install/turtlebot3_bringup
[0.421s] Invoking command in '/home/jw/jw/dgtr_ws/build/turtlebot3_bringup': AMENT_PREFIX_PATH=/home/jw/jw/dgtr_ws/install/turtlebot3_node:/home/jw/jw/dgtr_ws/install/turtlebot3_description:${AMENT_PREFIX_PATH} CMAKE_PREFIX_PATH=/home/jw/jw/dgtr_ws/install/turtlebot3_node:/home/jw/jw/dgtr_ws/install/turtlebot3_description:/opt/ros/humble /usr/bin/cmake --build /home/jw/jw/dgtr_ws/build/turtlebot3_bringup -- -j8 -l8
[0.445s] Invoked command in '/home/jw/jw/dgtr_ws/build/turtlebot3_bringup' returned '0': AMENT_PREFIX_PATH=/home/jw/jw/dgtr_ws/install/turtlebot3_node:/home/jw/jw/dgtr_ws/install/turtlebot3_description:${AMENT_PREFIX_PATH} CMAKE_PREFIX_PATH=/home/jw/jw/dgtr_ws/install/turtlebot3_node:/home/jw/jw/dgtr_ws/install/turtlebot3_description:/opt/ros/humble /usr/bin/cmake --build /home/jw/jw/dgtr_ws/build/turtlebot3_bringup -- -j8 -l8
[0.462s] Invoking command in '/home/jw/jw/dgtr_ws/build/turtlebot3_bringup': AMENT_PREFIX_PATH=/home/jw/jw/dgtr_ws/install/turtlebot3_node:/home/jw/jw/dgtr_ws/install/turtlebot3_description:${AMENT_PREFIX_PATH} CMAKE_PREFIX_PATH=/home/jw/jw/dgtr_ws/install/turtlebot3_node:/home/jw/jw/dgtr_ws/install/turtlebot3_description:/opt/ros/humble /usr/bin/cmake --install /home/jw/jw/dgtr_ws/build/turtlebot3_bringup
[0.467s] -- Install configuration: ""
[0.467s] -- Execute custom install script
[0.468s] -- Symlinking: /home/jw/jw/dgtr_ws/install/turtlebot3_bringup/share/turtlebot3_bringup/launch/robot.launch.py
[0.473s] -- Symlinking: /home/jw/jw/dgtr_ws/install/turtlebot3_bringup/share/turtlebot3_bringup/launch/rviz2.launch.py
[0.479s] -- Symlinking: /home/jw/jw/dgtr_ws/install/turtlebot3_bringup/share/turtlebot3_bringup/launch/turtlebot3_state_publisher.launch.py
[0.485s] -- Symlinking: /home/jw/jw/dgtr_ws/install/turtlebot3_bringup/share/turtlebot3_bringup/param/burger.yaml
[0.492s] -- Symlinking: /home/jw/jw/dgtr_ws/install/turtlebot3_bringup/share/turtlebot3_bringup/param/waffle.yaml
[0.497s] -- Symlinking: /home/jw/jw/dgtr_ws/install/turtlebot3_bringup/share/turtlebot3_bringup/param/waffle_pi.yaml
[0.502s] -- Symlinking: /home/jw/jw/dgtr_ws/install/turtlebot3_bringup/share/turtlebot3_bringup/script/99-turtlebot3-cdc.rules
[0.506s] -- Symlinking: /home/jw/jw/dgtr_ws/install/turtlebot3_bringup/share/turtlebot3_bringup/script/create_udev_rules
[0.511s] -- Symlinking: /home/jw/jw/dgtr_ws/install/turtlebot3_bringup/share/ament_index/resource_index/package_run_dependencies/turtlebot3_bringup
[0.516s] -- Symlinking: /home/jw/jw/dgtr_ws/install/turtlebot3_bringup/share/ament_index/resource_index/parent_prefix_path/turtlebot3_bringup
[0.521s] -- Symlinking: /home/jw/jw/dgtr_ws/install/turtlebot3_bringup/share/turtlebot3_bringup/environment/ament_prefix_path.sh
[0.525s] -- Symlinking: /home/jw/jw/dgtr_ws/install/turtlebot3_bringup/share/turtlebot3_bringup/environment/ament_prefix_path.dsv
[0.530s] -- Symlinking: /home/jw/jw/dgtr_ws/install/turtlebot3_bringup/share/turtlebot3_bringup/environment/path.sh
[0.535s] -- Symlinking: /home/jw/jw/dgtr_ws/install/turtlebot3_bringup/share/turtlebot3_bringup/environment/path.dsv
[0.540s] -- Symlinking: /home/jw/jw/dgtr_ws/install/turtlebot3_bringup/share/turtlebot3_bringup/local_setup.bash
[0.545s] -- Symlinking: /home/jw/jw/dgtr_ws/install/turtlebot3_bringup/share/turtlebot3_bringup/local_setup.sh
[0.550s] -- Symlinking: /home/jw/jw/dgtr_ws/install/turtlebot3_bringup/share/turtlebot3_bringup/local_setup.zsh
[0.555s] -- Symlinking: /home/jw/jw/dgtr_ws/install/turtlebot3_bringup/share/turtlebot3_bringup/local_setup.dsv
[0.560s] -- Symlinking: /home/jw/jw/dgtr_ws/install/turtlebot3_bringup/share/turtlebot3_bringup/package.dsv
[0.565s] -- Symlinking: /home/jw/jw/dgtr_ws/install/turtlebot3_bringup/share/ament_index/resource_index/packages/turtlebot3_bringup
[0.570s] -- Symlinking: /home/jw/jw/dgtr_ws/install/turtlebot3_bringup/share/turtlebot3_bringup/cmake/turtlebot3_bringupConfig.cmake
[0.575s] -- Symlinking: /home/jw/jw/dgtr_ws/install/turtlebot3_bringup/share/turtlebot3_bringup/cmake/turtlebot3_bringupConfig-version.cmake
[0.580s] -- Symlinking: /home/jw/jw/dgtr_ws/install/turtlebot3_bringup/share/turtlebot3_bringup/package.xml
[0.588s] Invoked command in '/home/jw/jw/dgtr_ws/build/turtlebot3_bringup' returned '0': AMENT_PREFIX_PATH=/home/jw/jw/dgtr_ws/install/turtlebot3_node:/home/jw/jw/dgtr_ws/install/turtlebot3_description:${AMENT_PREFIX_PATH} CMAKE_PREFIX_PATH=/home/jw/jw/dgtr_ws/install/turtlebot3_node:/home/jw/jw/dgtr_ws/install/turtlebot3_description:/opt/ros/humble /usr/bin/cmake --install /home/jw/jw/dgtr_ws/build/turtlebot3_bringup
