[0.038s] Invoking command in '/home/jw/jw/dgtr_ws/build/turtlebot3_node': CMAKE_PREFIX_PATH=${CMAKE_PREFIX_PATH}:/home/jw/jw/dgtr_ws/install/turtlebot3_teleop:/home/jw/jw/dgtr_ws/install/turtlebot3_example:/opt/ros/humble /usr/bin/cmake --build /home/jw/jw/dgtr_ws/build/turtlebot3_node -- -j8 -l8
[0.228s] [35m[1mConsolidate compiler generated dependencies of target turtlebot3_node_lib[0m
[0.229s] [ 85%] Built target turtlebot3_node_lib
[0.229s] [35m[1mConsolidate compiler generated dependencies of target turtlebot3_ros[0m
[0.229s] [100%] Built target turtlebot3_ros
[0.430s] Invoked command in '/home/jw/jw/dgtr_ws/build/turtlebot3_node' returned '0': CMAKE_PREFIX_PATH=${CMAKE_PREFIX_PATH}:/home/jw/jw/dgtr_ws/install/turtlebot3_teleop:/home/jw/jw/dgtr_ws/install/turtlebot3_example:/opt/ros/humble /usr/bin/cmake --build /home/jw/jw/dgtr_ws/build/turtlebot3_node -- -j8 -l8
[0.473s] Invoking command in '/home/jw/jw/dgtr_ws/build/turtlebot3_node': CMAKE_PREFIX_PATH=${CMAKE_PREFIX_PATH}:/home/jw/jw/dgtr_ws/install/turtlebot3_teleop:/home/jw/jw/dgtr_ws/install/turtlebot3_example:/opt/ros/humble /usr/bin/cmake --install /home/jw/jw/dgtr_ws/build/turtlebot3_node
[0.480s] -- Install configuration: ""
[0.480s] -- Execute custom install script
[0.480s] -- Up-to-date symlink: /home/jw/jw/dgtr_ws/install/turtlebot3_node/share/turtlebot3_node/param/burger.yaml
[0.480s] -- Up-to-date symlink: /home/jw/jw/dgtr_ws/install/turtlebot3_node/share/turtlebot3_node/param/waffle.yaml
[0.480s] -- Up-to-date symlink: /home/jw/jw/dgtr_ws/install/turtlebot3_node/share/turtlebot3_node/param/waffle_pi.yaml
[0.481s] -- Up-to-date symlink: /home/jw/jw/dgtr_ws/install/turtlebot3_node/lib/turtlebot3_node/turtlebot3_ros
[0.481s] -- Up-to-date symlink: /home/jw/jw/dgtr_ws/install/turtlebot3_node/share/ament_index/resource_index/package_run_dependencies/turtlebot3_node
[0.481s] -- Up-to-date symlink: /home/jw/jw/dgtr_ws/install/turtlebot3_node/share/ament_index/resource_index/parent_prefix_path/turtlebot3_node
[0.481s] -- Up-to-date symlink: /home/jw/jw/dgtr_ws/install/turtlebot3_node/share/turtlebot3_node/environment/ament_prefix_path.sh
[0.481s] -- Up-to-date symlink: /home/jw/jw/dgtr_ws/install/turtlebot3_node/share/turtlebot3_node/environment/ament_prefix_path.dsv
[0.481s] -- Up-to-date symlink: /home/jw/jw/dgtr_ws/install/turtlebot3_node/share/turtlebot3_node/environment/path.sh
[0.482s] -- Up-to-date symlink: /home/jw/jw/dgtr_ws/install/turtlebot3_node/share/turtlebot3_node/environment/path.dsv
[0.482s] -- Up-to-date symlink: /home/jw/jw/dgtr_ws/install/turtlebot3_node/share/turtlebot3_node/local_setup.bash
[0.482s] -- Up-to-date symlink: /home/jw/jw/dgtr_ws/install/turtlebot3_node/share/turtlebot3_node/local_setup.sh
[0.482s] -- Up-to-date symlink: /home/jw/jw/dgtr_ws/install/turtlebot3_node/share/turtlebot3_node/local_setup.zsh
[0.483s] -- Up-to-date symlink: /home/jw/jw/dgtr_ws/install/turtlebot3_node/share/turtlebot3_node/local_setup.dsv
[0.484s] -- Symlinking: /home/jw/jw/dgtr_ws/install/turtlebot3_node/share/turtlebot3_node/package.dsv
[0.489s] -- Up-to-date symlink: /home/jw/jw/dgtr_ws/install/turtlebot3_node/share/ament_index/resource_index/packages/turtlebot3_node
[0.489s] -- Up-to-date symlink: /home/jw/jw/dgtr_ws/install/turtlebot3_node/share/turtlebot3_node/cmake/ament_cmake_export_include_directories-extras.cmake
[0.490s] -- Up-to-date symlink: /home/jw/jw/dgtr_ws/install/turtlebot3_node/share/turtlebot3_node/cmake/turtlebot3_nodeConfig.cmake
[0.490s] -- Up-to-date symlink: /home/jw/jw/dgtr_ws/install/turtlebot3_node/share/turtlebot3_node/cmake/turtlebot3_nodeConfig-version.cmake
[0.492s] -- Up-to-date symlink: /home/jw/jw/dgtr_ws/install/turtlebot3_node/share/turtlebot3_node/package.xml
[0.539s] Invoked command in '/home/jw/jw/dgtr_ws/build/turtlebot3_node' returned '0': CMAKE_PREFIX_PATH=${CMAKE_PREFIX_PATH}:/home/jw/jw/dgtr_ws/install/turtlebot3_teleop:/home/jw/jw/dgtr_ws/install/turtlebot3_example:/opt/ros/humble /usr/bin/cmake --install /home/jw/jw/dgtr_ws/build/turtlebot3_node
