[0.009s] Invoking command in '/home/jw/jw/dgtr_ws/build/turtlebot3': AMENT_PREFIX_PATH=/home/jw/jw/dgtr_ws/install/turtlebot3_bringup:/home/jw/jw/dgtr_ws/install/turtlebot3_teleop:/home/jw/jw/dgtr_ws/install/turtlebot3_node:/home/jw/jw/dgtr_ws/install/turtlebot3_navigation2:/home/jw/jw/dgtr_ws/install/turtlebot3_example:/home/jw/jw/dgtr_ws/install/turtlebot3_description:/home/jw/jw/dgtr_ws/install/turtlebot3_cartographer:${AMENT_PREFIX_PATH} CMAKE_PREFIX_PATH=/home/jw/jw/dgtr_ws/install/turtlebot3_bringup:/home/jw/jw/dgtr_ws/install/turtlebot3_node:/home/jw/jw/dgtr_ws/install/turtlebot3_navigation2:/home/jw/jw/dgtr_ws/install/turtlebot3_description:/home/jw/jw/dgtr_ws/install/turtlebot3_cartographer:/opt/ros/humble PYTHONPATH=/home/jw/jw/dgtr_ws/build/turtlebot3_teleop:/home/jw/jw/dgtr_ws/install/turtlebot3_teleop/lib/python3.10/site-packages:/home/jw/jw/dgtr_ws/build/turtlebot3_example:/home/jw/jw/dgtr_ws/install/turtlebot3_example/lib/python3.10/site-packages:${PYTHONPATH} /usr/bin/cmake /home/jw/jw/dgtr_ws/src/turtlebot3/turtlebot3 -DAMENT_CMAKE_SYMLINK_INSTALL=1 -DCMAKE_INSTALL_PREFIX=/home/jw/jw/dgtr_ws/install/turtlebot3
[0.046s] -- The C compiler identification is GNU 11.3.0
[0.084s] -- The CXX compiler identification is GNU 11.3.0
[0.088s] -- Detecting C compiler ABI info
[0.140s] -- Detecting C compiler ABI info - done
[0.146s] -- Check for working C compiler: /usr/bin/cc - skipped
[0.146s] -- Detecting C compile features
[0.146s] -- Detecting C compile features - done
[0.149s] -- Detecting CXX compiler ABI info
[0.204s] -- Detecting CXX compiler ABI info - done
[0.210s] -- Check for working CXX compiler: /usr/bin/c++ - skipped
[0.210s] -- Detecting CXX compile features
[0.210s] -- Detecting CXX compile features - done
[0.212s] -- Found ament_cmake: 1.3.3 (/opt/ros/humble/share/ament_cmake/cmake)
[0.325s] -- Found Python3: /usr/bin/python3.10 (found version "3.10.6") found components: Interpreter 
[0.365s] -- Override CMake install command with custom implementation using symlinks instead of copying resources
[0.424s] -- Configuring done
[0.426s] -- Generating done
[0.426s] -- Build files have been written to: /home/jw/jw/dgtr_ws/build/turtlebot3
[0.430s] Invoked command in '/home/jw/jw/dgtr_ws/build/turtlebot3' returned '0': AMENT_PREFIX_PATH=/home/jw/jw/dgtr_ws/install/turtlebot3_bringup:/home/jw/jw/dgtr_ws/install/turtlebot3_teleop:/home/jw/jw/dgtr_ws/install/turtlebot3_node:/home/jw/jw/dgtr_ws/install/turtlebot3_navigation2:/home/jw/jw/dgtr_ws/install/turtlebot3_example:/home/jw/jw/dgtr_ws/install/turtlebot3_description:/home/jw/jw/dgtr_ws/install/turtlebot3_cartographer:${AMENT_PREFIX_PATH} CMAKE_PREFIX_PATH=/home/jw/jw/dgtr_ws/install/turtlebot3_bringup:/home/jw/jw/dgtr_ws/install/turtlebot3_node:/home/jw/jw/dgtr_ws/install/turtlebot3_navigation2:/home/jw/jw/dgtr_ws/install/turtlebot3_description:/home/jw/jw/dgtr_ws/install/turtlebot3_cartographer:/opt/ros/humble PYTHONPATH=/home/jw/jw/dgtr_ws/build/turtlebot3_teleop:/home/jw/jw/dgtr_ws/install/turtlebot3_teleop/lib/python3.10/site-packages:/home/jw/jw/dgtr_ws/build/turtlebot3_example:/home/jw/jw/dgtr_ws/install/turtlebot3_example/lib/python3.10/site-packages:${PYTHONPATH} /usr/bin/cmake /home/jw/jw/dgtr_ws/src/turtlebot3/turtlebot3 -DAMENT_CMAKE_SYMLINK_INSTALL=1 -DCMAKE_INSTALL_PREFIX=/home/jw/jw/dgtr_ws/install/turtlebot3
[0.431s] Invoking command in '/home/jw/jw/dgtr_ws/build/turtlebot3': AMENT_PREFIX_PATH=/home/jw/jw/dgtr_ws/install/turtlebot3_bringup:/home/jw/jw/dgtr_ws/install/turtlebot3_teleop:/home/jw/jw/dgtr_ws/install/turtlebot3_node:/home/jw/jw/dgtr_ws/install/turtlebot3_navigation2:/home/jw/jw/dgtr_ws/install/turtlebot3_example:/home/jw/jw/dgtr_ws/install/turtlebot3_description:/home/jw/jw/dgtr_ws/install/turtlebot3_cartographer:${AMENT_PREFIX_PATH} CMAKE_PREFIX_PATH=/home/jw/jw/dgtr_ws/install/turtlebot3_bringup:/home/jw/jw/dgtr_ws/install/turtlebot3_node:/home/jw/jw/dgtr_ws/install/turtlebot3_navigation2:/home/jw/jw/dgtr_ws/install/turtlebot3_description:/home/jw/jw/dgtr_ws/install/turtlebot3_cartographer:/opt/ros/humble PYTHONPATH=/home/jw/jw/dgtr_ws/build/turtlebot3_teleop:/home/jw/jw/dgtr_ws/install/turtlebot3_teleop/lib/python3.10/site-packages:/home/jw/jw/dgtr_ws/build/turtlebot3_example:/home/jw/jw/dgtr_ws/install/turtlebot3_example/lib/python3.10/site-packages:${PYTHONPATH} /usr/bin/cmake --build /home/jw/jw/dgtr_ws/build/turtlebot3 -- -j8 -l8
[0.455s] Invoked command in '/home/jw/jw/dgtr_ws/build/turtlebot3' returned '0': AMENT_PREFIX_PATH=/home/jw/jw/dgtr_ws/install/turtlebot3_bringup:/home/jw/jw/dgtr_ws/install/turtlebot3_teleop:/home/jw/jw/dgtr_ws/install/turtlebot3_node:/home/jw/jw/dgtr_ws/install/turtlebot3_navigation2:/home/jw/jw/dgtr_ws/install/turtlebot3_example:/home/jw/jw/dgtr_ws/install/turtlebot3_description:/home/jw/jw/dgtr_ws/install/turtlebot3_cartographer:${AMENT_PREFIX_PATH} CMAKE_PREFIX_PATH=/home/jw/jw/dgtr_ws/install/turtlebot3_bringup:/home/jw/jw/dgtr_ws/install/turtlebot3_node:/home/jw/jw/dgtr_ws/install/turtlebot3_navigation2:/home/jw/jw/dgtr_ws/install/turtlebot3_description:/home/jw/jw/dgtr_ws/install/turtlebot3_cartographer:/opt/ros/humble PYTHONPATH=/home/jw/jw/dgtr_ws/build/turtlebot3_teleop:/home/jw/jw/dgtr_ws/install/turtlebot3_teleop/lib/python3.10/site-packages:/home/jw/jw/dgtr_ws/build/turtlebot3_example:/home/jw/jw/dgtr_ws/install/turtlebot3_example/lib/python3.10/site-packages:${PYTHONPATH} /usr/bin/cmake --build /home/jw/jw/dgtr_ws/build/turtlebot3 -- -j8 -l8
[0.468s] Invoking command in '/home/jw/jw/dgtr_ws/build/turtlebot3': AMENT_PREFIX_PATH=/home/jw/jw/dgtr_ws/install/turtlebot3_bringup:/home/jw/jw/dgtr_ws/install/turtlebot3_teleop:/home/jw/jw/dgtr_ws/install/turtlebot3_node:/home/jw/jw/dgtr_ws/install/turtlebot3_navigation2:/home/jw/jw/dgtr_ws/install/turtlebot3_example:/home/jw/jw/dgtr_ws/install/turtlebot3_description:/home/jw/jw/dgtr_ws/install/turtlebot3_cartographer:${AMENT_PREFIX_PATH} CMAKE_PREFIX_PATH=/home/jw/jw/dgtr_ws/install/turtlebot3_bringup:/home/jw/jw/dgtr_ws/install/turtlebot3_node:/home/jw/jw/dgtr_ws/install/turtlebot3_navigation2:/home/jw/jw/dgtr_ws/install/turtlebot3_description:/home/jw/jw/dgtr_ws/install/turtlebot3_cartographer:/opt/ros/humble PYTHONPATH=/home/jw/jw/dgtr_ws/build/turtlebot3_teleop:/home/jw/jw/dgtr_ws/install/turtlebot3_teleop/lib/python3.10/site-packages:/home/jw/jw/dgtr_ws/build/turtlebot3_example:/home/jw/jw/dgtr_ws/install/turtlebot3_example/lib/python3.10/site-packages:${PYTHONPATH} /usr/bin/cmake --install /home/jw/jw/dgtr_ws/build/turtlebot3
[0.473s] -- Install configuration: ""
[0.473s] -- Execute custom install script
[0.474s] -- Symlinking: /home/jw/jw/dgtr_ws/install/turtlebot3/share/ament_index/resource_index/package_run_dependencies/turtlebot3
[0.480s] -- Symlinking: /home/jw/jw/dgtr_ws/install/turtlebot3/share/ament_index/resource_index/parent_prefix_path/turtlebot3
[0.486s] -- Symlinking: /home/jw/jw/dgtr_ws/install/turtlebot3/share/turtlebot3/environment/ament_prefix_path.sh
[0.493s] -- Symlinking: /home/jw/jw/dgtr_ws/install/turtlebot3/share/turtlebot3/environment/ament_prefix_path.dsv
[0.498s] -- Symlinking: /home/jw/jw/dgtr_ws/install/turtlebot3/share/turtlebot3/environment/path.sh
[0.503s] -- Symlinking: /home/jw/jw/dgtr_ws/install/turtlebot3/share/turtlebot3/environment/path.dsv
[0.509s] -- Symlinking: /home/jw/jw/dgtr_ws/install/turtlebot3/share/turtlebot3/local_setup.bash
[0.514s] -- Symlinking: /home/jw/jw/dgtr_ws/install/turtlebot3/share/turtlebot3/local_setup.sh
[0.519s] -- Symlinking: /home/jw/jw/dgtr_ws/install/turtlebot3/share/turtlebot3/local_setup.zsh
[0.524s] -- Symlinking: /home/jw/jw/dgtr_ws/install/turtlebot3/share/turtlebot3/local_setup.dsv
[0.530s] -- Symlinking: /home/jw/jw/dgtr_ws/install/turtlebot3/share/turtlebot3/package.dsv
[0.535s] -- Symlinking: /home/jw/jw/dgtr_ws/install/turtlebot3/share/ament_index/resource_index/packages/turtlebot3
[0.540s] -- Symlinking: /home/jw/jw/dgtr_ws/install/turtlebot3/share/turtlebot3/cmake/turtlebot3Config.cmake
[0.546s] -- Symlinking: /home/jw/jw/dgtr_ws/install/turtlebot3/share/turtlebot3/cmake/turtlebot3Config-version.cmake
[0.551s] -- Symlinking: /home/jw/jw/dgtr_ws/install/turtlebot3/share/turtlebot3/package.xml
[0.559s] Invoked command in '/home/jw/jw/dgtr_ws/build/turtlebot3' returned '0': AMENT_PREFIX_PATH=/home/jw/jw/dgtr_ws/install/turtlebot3_bringup:/home/jw/jw/dgtr_ws/install/turtlebot3_teleop:/home/jw/jw/dgtr_ws/install/turtlebot3_node:/home/jw/jw/dgtr_ws/install/turtlebot3_navigation2:/home/jw/jw/dgtr_ws/install/turtlebot3_example:/home/jw/jw/dgtr_ws/install/turtlebot3_description:/home/jw/jw/dgtr_ws/install/turtlebot3_cartographer:${AMENT_PREFIX_PATH} CMAKE_PREFIX_PATH=/home/jw/jw/dgtr_ws/install/turtlebot3_bringup:/home/jw/jw/dgtr_ws/install/turtlebot3_node:/home/jw/jw/dgtr_ws/install/turtlebot3_navigation2:/home/jw/jw/dgtr_ws/install/turtlebot3_description:/home/jw/jw/dgtr_ws/install/turtlebot3_cartographer:/opt/ros/humble PYTHONPATH=/home/jw/jw/dgtr_ws/build/turtlebot3_teleop:/home/jw/jw/dgtr_ws/install/turtlebot3_teleop/lib/python3.10/site-packages:/home/jw/jw/dgtr_ws/build/turtlebot3_example:/home/jw/jw/dgtr_ws/install/turtlebot3_example/lib/python3.10/site-packages:${PYTHONPATH} /usr/bin/cmake --install /home/jw/jw/dgtr_ws/build/turtlebot3
