[0.926s] Invoking command in '/home/jw/jw/dgtr_ws/build/turtlebot3_teleop': PYTHONPATH=/home/jw/jw/dgtr_ws/build/turtlebot3_teleop/prefix_override:/home/jw/jw/dgtr_ws/install/turtlebot3_teleop/lib/python3.10/site-packages:${PYTHONPATH} /usr/bin/python3 setup.py develop --editable --build-directory /home/jw/jw/dgtr_ws/build/turtlebot3_teleop/build --no-deps install_data
[1.189s] running develop
[1.190s] /usr/lib/python3/dist-packages/setuptools/command/easy_install.py:158: EasyInstallDeprecationWarning: easy_install command is deprecated. Use build and pip and other standards-based tools.
[1.190s]   warnings.warn(
[1.191s] /usr/lib/python3/dist-packages/setuptools/command/install.py:34: SetuptoolsDeprecationWarning: setup.py install is deprecated. Use build and pip and other standards-based tools.
[1.191s]   warnings.warn(
[1.234s] /usr/lib/python3/dist-packages/pkg_resources/__init__.py:116: PkgResourcesDeprecationWarning: 0.1.43ubuntu1 is an invalid version and will not be supported in a future release
[1.234s]   warnings.warn(
[1.234s] /usr/lib/python3/dist-packages/pkg_resources/__init__.py:116: PkgResourcesDeprecationWarning: 1.1build1 is an invalid version and will not be supported in a future release
[1.234s]   warnings.warn(
[1.310s] running egg_info
[1.310s] creating turtlebot3_teleop.egg-info
[1.310s] writing turtlebot3_teleop.egg-info/PKG-INFO
[1.310s] writing dependency_links to turtlebot3_teleop.egg-info/dependency_links.txt
[1.310s] writing entry points to turtlebot3_teleop.egg-info/entry_points.txt
[1.310s] writing requirements to turtlebot3_teleop.egg-info/requires.txt
[1.310s] writing top-level names to turtlebot3_teleop.egg-info/top_level.txt
[1.310s] writing manifest file 'turtlebot3_teleop.egg-info/SOURCES.txt'
[1.312s] reading manifest file 'turtlebot3_teleop.egg-info/SOURCES.txt'
[1.312s] writing manifest file 'turtlebot3_teleop.egg-info/SOURCES.txt'
[1.314s] running build_ext
[1.314s] Creating /home/jw/jw/dgtr_ws/install/turtlebot3_teleop/lib/python3.10/site-packages/turtlebot3-teleop.egg-link (link to .)
[1.314s] Installing teleop_keyboard script to /home/jw/jw/dgtr_ws/install/turtlebot3_teleop/lib/turtlebot3_teleop
[1.314s] 
[1.314s] Installed /home/jw/jw/dgtr_ws/build/turtlebot3_teleop
[1.314s] running install_data
[1.314s] creating /home/jw/jw/dgtr_ws/install/turtlebot3_teleop/share/ament_index
[1.315s] creating /home/jw/jw/dgtr_ws/install/turtlebot3_teleop/share/ament_index/resource_index
[1.315s] creating /home/jw/jw/dgtr_ws/install/turtlebot3_teleop/share/ament_index/resource_index/packages
[1.315s] copying resource/turtlebot3_teleop -> /home/jw/jw/dgtr_ws/install/turtlebot3_teleop/share/ament_index/resource_index/packages
[1.315s] copying package.xml -> /home/jw/jw/dgtr_ws/install/turtlebot3_teleop/share/turtlebot3_teleop
[1.337s] Invoked command in '/home/jw/jw/dgtr_ws/build/turtlebot3_teleop' returned '0': PYTHONPATH=/home/jw/jw/dgtr_ws/build/turtlebot3_teleop/prefix_override:/home/jw/jw/dgtr_ws/install/turtlebot3_teleop/lib/python3.10/site-packages:${PYTHONPATH} /usr/bin/python3 setup.py develop --editable --build-directory /home/jw/jw/dgtr_ws/build/turtlebot3_teleop/build --no-deps install_data
