[0.006s] Invoking command in '/home/jw/jw/dgtr_ws/build/turtlebot3_simulations': AMENT_PREFIX_PATH=/home/jw/jw/dgtr_ws/install/turtlebot3_gazebo:/home/jw/jw/dgtr_ws/install/turtlebot3_fake_node:${AMENT_PREFIX_PATH} CMAKE_PREFIX_PATH=/home/jw/jw/dgtr_ws/install/turtlebot3_gazebo:/home/jw/jw/dgtr_ws/install/turtlebot3_fake_node:/opt/ros/humble /usr/bin/cmake /home/jw/jw/dgtr_ws/src/turtlebot3_simulations/turtlebot3_simulations -DAMENT_CMAKE_SYMLINK_INSTALL=1 -DCMAKE_INSTALL_PREFIX=/home/jw/jw/dgtr_ws/install/turtlebot3_simulations
[0.067s] -- The C compiler identification is GNU 11.3.0
[0.113s] -- The CXX compiler identification is GNU 11.3.0
[0.118s] -- Detecting C compiler ABI info
[0.166s] -- Detecting C compiler ABI info - done
[0.174s] -- Check for working C compiler: /usr/bin/cc - skipped
[0.174s] -- Detecting C compile features
[0.175s] -- Detecting C compile features - done
[0.178s] -- Detecting CXX compiler ABI info
[0.234s] -- Detecting CXX compiler ABI info - done
[0.244s] -- Check for working CXX compiler: /usr/bin/c++ - skipped
[0.245s] -- Detecting CXX compile features
[0.245s] -- Detecting CXX compile features - done
[0.248s] -- Found ament_cmake: 1.3.3 (/opt/ros/humble/share/ament_cmake/cmake)
[0.368s] -- Found Python3: /usr/bin/python3.10 (found version "3.10.6") found components: Interpreter 
[0.412s] -- Override CMake install command with custom implementation using symlinks instead of copying resources
[0.481s] -- Configuring done
[0.483s] -- Generating done
[0.483s] -- Build files have been written to: /home/jw/jw/dgtr_ws/build/turtlebot3_simulations
[0.486s] Invoked command in '/home/jw/jw/dgtr_ws/build/turtlebot3_simulations' returned '0': AMENT_PREFIX_PATH=/home/jw/jw/dgtr_ws/install/turtlebot3_gazebo:/home/jw/jw/dgtr_ws/install/turtlebot3_fake_node:${AMENT_PREFIX_PATH} CMAKE_PREFIX_PATH=/home/jw/jw/dgtr_ws/install/turtlebot3_gazebo:/home/jw/jw/dgtr_ws/install/turtlebot3_fake_node:/opt/ros/humble /usr/bin/cmake /home/jw/jw/dgtr_ws/src/turtlebot3_simulations/turtlebot3_simulations -DAMENT_CMAKE_SYMLINK_INSTALL=1 -DCMAKE_INSTALL_PREFIX=/home/jw/jw/dgtr_ws/install/turtlebot3_simulations
[0.487s] Invoking command in '/home/jw/jw/dgtr_ws/build/turtlebot3_simulations': AMENT_PREFIX_PATH=/home/jw/jw/dgtr_ws/install/turtlebot3_gazebo:/home/jw/jw/dgtr_ws/install/turtlebot3_fake_node:${AMENT_PREFIX_PATH} CMAKE_PREFIX_PATH=/home/jw/jw/dgtr_ws/install/turtlebot3_gazebo:/home/jw/jw/dgtr_ws/install/turtlebot3_fake_node:/opt/ros/humble /usr/bin/cmake --build /home/jw/jw/dgtr_ws/build/turtlebot3_simulations -- -j8 -l8
[0.512s] Invoked command in '/home/jw/jw/dgtr_ws/build/turtlebot3_simulations' returned '0': AMENT_PREFIX_PATH=/home/jw/jw/dgtr_ws/install/turtlebot3_gazebo:/home/jw/jw/dgtr_ws/install/turtlebot3_fake_node:${AMENT_PREFIX_PATH} CMAKE_PREFIX_PATH=/home/jw/jw/dgtr_ws/install/turtlebot3_gazebo:/home/jw/jw/dgtr_ws/install/turtlebot3_fake_node:/opt/ros/humble /usr/bin/cmake --build /home/jw/jw/dgtr_ws/build/turtlebot3_simulations -- -j8 -l8
[0.527s] Invoking command in '/home/jw/jw/dgtr_ws/build/turtlebot3_simulations': AMENT_PREFIX_PATH=/home/jw/jw/dgtr_ws/install/turtlebot3_gazebo:/home/jw/jw/dgtr_ws/install/turtlebot3_fake_node:${AMENT_PREFIX_PATH} CMAKE_PREFIX_PATH=/home/jw/jw/dgtr_ws/install/turtlebot3_gazebo:/home/jw/jw/dgtr_ws/install/turtlebot3_fake_node:/opt/ros/humble /usr/bin/cmake --install /home/jw/jw/dgtr_ws/build/turtlebot3_simulations
[0.532s] -- Install configuration: ""
[0.532s] -- Execute custom install script
[0.532s] -- Symlinking: /home/jw/jw/dgtr_ws/install/turtlebot3_simulations/share/ament_index/resource_index/package_run_dependencies/turtlebot3_simulations
[0.538s] -- Symlinking: /home/jw/jw/dgtr_ws/install/turtlebot3_simulations/share/ament_index/resource_index/parent_prefix_path/turtlebot3_simulations
[0.543s] -- Symlinking: /home/jw/jw/dgtr_ws/install/turtlebot3_simulations/share/turtlebot3_simulations/environment/ament_prefix_path.sh
[0.549s] -- Symlinking: /home/jw/jw/dgtr_ws/install/turtlebot3_simulations/share/turtlebot3_simulations/environment/ament_prefix_path.dsv
[0.555s] -- Symlinking: /home/jw/jw/dgtr_ws/install/turtlebot3_simulations/share/turtlebot3_simulations/environment/path.sh
[0.560s] -- Symlinking: /home/jw/jw/dgtr_ws/install/turtlebot3_simulations/share/turtlebot3_simulations/environment/path.dsv
[0.566s] -- Symlinking: /home/jw/jw/dgtr_ws/install/turtlebot3_simulations/share/turtlebot3_simulations/local_setup.bash
[0.571s] -- Symlinking: /home/jw/jw/dgtr_ws/install/turtlebot3_simulations/share/turtlebot3_simulations/local_setup.sh
[0.577s] -- Symlinking: /home/jw/jw/dgtr_ws/install/turtlebot3_simulations/share/turtlebot3_simulations/local_setup.zsh
[0.582s] -- Symlinking: /home/jw/jw/dgtr_ws/install/turtlebot3_simulations/share/turtlebot3_simulations/local_setup.dsv
[0.587s] -- Symlinking: /home/jw/jw/dgtr_ws/install/turtlebot3_simulations/share/turtlebot3_simulations/package.dsv
[0.593s] -- Symlinking: /home/jw/jw/dgtr_ws/install/turtlebot3_simulations/share/ament_index/resource_index/packages/turtlebot3_simulations
[0.599s] -- Symlinking: /home/jw/jw/dgtr_ws/install/turtlebot3_simulations/share/turtlebot3_simulations/cmake/turtlebot3_simulationsConfig.cmake
[0.604s] -- Symlinking: /home/jw/jw/dgtr_ws/install/turtlebot3_simulations/share/turtlebot3_simulations/cmake/turtlebot3_simulationsConfig-version.cmake
[0.610s] -- Symlinking: /home/jw/jw/dgtr_ws/install/turtlebot3_simulations/share/turtlebot3_simulations/package.xml
[0.618s] Invoked command in '/home/jw/jw/dgtr_ws/build/turtlebot3_simulations' returned '0': AMENT_PREFIX_PATH=/home/jw/jw/dgtr_ws/install/turtlebot3_gazebo:/home/jw/jw/dgtr_ws/install/turtlebot3_fake_node:${AMENT_PREFIX_PATH} CMAKE_PREFIX_PATH=/home/jw/jw/dgtr_ws/install/turtlebot3_gazebo:/home/jw/jw/dgtr_ws/install/turtlebot3_fake_node:/opt/ros/humble /usr/bin/cmake --install /home/jw/jw/dgtr_ws/build/turtlebot3_simulations
