[0.018s] Invoking command in '/home/jw/jw/dgtr_ws/build/turtlebot3_simulations': AMENT_PREFIX_PATH=/home/jw/jw/dgtr_ws/install/turtlebot3_gazebo:/home/jw/jw/dgtr_ws/install/turtlebot3_fake_node:${AMENT_PREFIX_PATH} CMAKE_PREFIX_PATH=/home/jw/jw/dgtr_ws/install/turtlebot3_gazebo:/home/jw/jw/dgtr_ws/install/turtlebot3_fake_node:/opt/ros/humble /usr/bin/cmake --build /home/jw/jw/dgtr_ws/build/turtlebot3_simulations -- -j8 -l8
[0.085s] Invoked command in '/home/jw/jw/dgtr_ws/build/turtlebot3_simulations' returned '0': AMENT_PREFIX_PATH=/home/jw/jw/dgtr_ws/install/turtlebot3_gazebo:/home/jw/jw/dgtr_ws/install/turtlebot3_fake_node:${AMENT_PREFIX_PATH} CMAKE_PREFIX_PATH=/home/jw/jw/dgtr_ws/install/turtlebot3_gazebo:/home/jw/jw/dgtr_ws/install/turtlebot3_fake_node:/opt/ros/humble /usr/bin/cmake --build /home/jw/jw/dgtr_ws/build/turtlebot3_simulations -- -j8 -l8
[0.113s] Invoking command in '/home/jw/jw/dgtr_ws/build/turtlebot3_simulations': AMENT_PREFIX_PATH=/home/jw/jw/dgtr_ws/install/turtlebot3_gazebo:/home/jw/jw/dgtr_ws/install/turtlebot3_fake_node:${AMENT_PREFIX_PATH} CMAKE_PREFIX_PATH=/home/jw/jw/dgtr_ws/install/turtlebot3_gazebo:/home/jw/jw/dgtr_ws/install/turtlebot3_fake_node:/opt/ros/humble /usr/bin/cmake --install /home/jw/jw/dgtr_ws/build/turtlebot3_simulations
[0.120s] -- Install configuration: ""
[0.123s] -- Execute custom install script
[0.124s] -- Up-to-date symlink: /home/jw/jw/dgtr_ws/install/turtlebot3_simulations/share/ament_index/resource_index/package_run_dependencies/turtlebot3_simulations
[0.124s] -- Up-to-date symlink: /home/jw/jw/dgtr_ws/install/turtlebot3_simulations/share/ament_index/resource_index/parent_prefix_path/turtlebot3_simulations
[0.124s] -- Up-to-date symlink: /home/jw/jw/dgtr_ws/install/turtlebot3_simulations/share/turtlebot3_simulations/environment/ament_prefix_path.sh
[0.124s] -- Up-to-date symlink: /home/jw/jw/dgtr_ws/install/turtlebot3_simulations/share/turtlebot3_simulations/environment/ament_prefix_path.dsv
[0.125s] -- Up-to-date symlink: /home/jw/jw/dgtr_ws/install/turtlebot3_simulations/share/turtlebot3_simulations/environment/path.sh
[0.125s] -- Up-to-date symlink: /home/jw/jw/dgtr_ws/install/turtlebot3_simulations/share/turtlebot3_simulations/environment/path.dsv
[0.125s] -- Up-to-date symlink: /home/jw/jw/dgtr_ws/install/turtlebot3_simulations/share/turtlebot3_simulations/local_setup.bash
[0.125s] -- Up-to-date symlink: /home/jw/jw/dgtr_ws/install/turtlebot3_simulations/share/turtlebot3_simulations/local_setup.sh
[0.125s] -- Up-to-date symlink: /home/jw/jw/dgtr_ws/install/turtlebot3_simulations/share/turtlebot3_simulations/local_setup.zsh
[0.125s] -- Up-to-date symlink: /home/jw/jw/dgtr_ws/install/turtlebot3_simulations/share/turtlebot3_simulations/local_setup.dsv
[0.125s] -- Symlinking: /home/jw/jw/dgtr_ws/install/turtlebot3_simulations/share/turtlebot3_simulations/package.dsv
[0.140s] -- Up-to-date symlink: /home/jw/jw/dgtr_ws/install/turtlebot3_simulations/share/ament_index/resource_index/packages/turtlebot3_simulations
[0.140s] -- Up-to-date symlink: /home/jw/jw/dgtr_ws/install/turtlebot3_simulations/share/turtlebot3_simulations/cmake/turtlebot3_simulationsConfig.cmake
[0.140s] -- Up-to-date symlink: /home/jw/jw/dgtr_ws/install/turtlebot3_simulations/share/turtlebot3_simulations/cmake/turtlebot3_simulationsConfig-version.cmake
[0.141s] -- Up-to-date symlink: /home/jw/jw/dgtr_ws/install/turtlebot3_simulations/share/turtlebot3_simulations/package.xml
[0.147s] Invoked command in '/home/jw/jw/dgtr_ws/build/turtlebot3_simulations' returned '0': AMENT_PREFIX_PATH=/home/jw/jw/dgtr_ws/install/turtlebot3_gazebo:/home/jw/jw/dgtr_ws/install/turtlebot3_fake_node:${AMENT_PREFIX_PATH} CMAKE_PREFIX_PATH=/home/jw/jw/dgtr_ws/install/turtlebot3_gazebo:/home/jw/jw/dgtr_ws/install/turtlebot3_fake_node:/opt/ros/humble /usr/bin/cmake --install /home/jw/jw/dgtr_ws/build/turtlebot3_simulations
