[0.034s] Invoking command in '/home/jw/jw/dgtr_ws/build/turtlebot3_node': CMAKE_PREFIX_PATH=/opt/ros/humble /usr/bin/cmake --build /home/jw/jw/dgtr_ws/build/turtlebot3_node -- -j8 -l8
[0.221s] [ 85%] Built target turtlebot3_node_lib
[0.221s] [100%] Built target turtlebot3_ros
[0.402s] Invoked command in '/home/jw/jw/dgtr_ws/build/turtlebot3_node' returned '0': CMAKE_PREFIX_PATH=/opt/ros/humble /usr/bin/cmake --build /home/jw/jw/dgtr_ws/build/turtlebot3_node -- -j8 -l8
[0.449s] Invoking command in '/home/jw/jw/dgtr_ws/build/turtlebot3_node': CMAKE_PREFIX_PATH=/opt/ros/humble /usr/bin/cmake --install /home/jw/jw/dgtr_ws/build/turtlebot3_node
[0.457s] -- Install configuration: ""
[0.457s] -- Execute custom install script
[0.457s] -- Up-to-date symlink: /home/jw/jw/dgtr_ws/install/turtlebot3_node/share/turtlebot3_node/param/burger.yaml
[0.457s] -- Up-to-date symlink: /home/jw/jw/dgtr_ws/install/turtlebot3_node/share/turtlebot3_node/param/waffle.yaml
[0.457s] -- Up-to-date symlink: /home/jw/jw/dgtr_ws/install/turtlebot3_node/share/turtlebot3_node/param/waffle_pi.yaml
[0.459s] -- Up-to-date symlink: /home/jw/jw/dgtr_ws/install/turtlebot3_node/lib/turtlebot3_node/turtlebot3_ros
[0.459s] -- Up-to-date symlink: /home/jw/jw/dgtr_ws/install/turtlebot3_node/share/ament_index/resource_index/package_run_dependencies/turtlebot3_node
[0.459s] -- Up-to-date symlink: /home/jw/jw/dgtr_ws/install/turtlebot3_node/share/ament_index/resource_index/parent_prefix_path/turtlebot3_node
[0.459s] -- Up-to-date symlink: /home/jw/jw/dgtr_ws/install/turtlebot3_node/share/turtlebot3_node/environment/ament_prefix_path.sh
[0.459s] -- Up-to-date symlink: /home/jw/jw/dgtr_ws/install/turtlebot3_node/share/turtlebot3_node/environment/ament_prefix_path.dsv
[0.459s] -- Up-to-date symlink: /home/jw/jw/dgtr_ws/install/turtlebot3_node/share/turtlebot3_node/environment/path.sh
[0.461s] -- Up-to-date symlink: /home/jw/jw/dgtr_ws/install/turtlebot3_node/share/turtlebot3_node/environment/path.dsv
[0.462s] -- Up-to-date symlink: /home/jw/jw/dgtr_ws/install/turtlebot3_node/share/turtlebot3_node/local_setup.bash
[0.462s] -- Up-to-date symlink: /home/jw/jw/dgtr_ws/install/turtlebot3_node/share/turtlebot3_node/local_setup.sh
[0.462s] -- Up-to-date symlink: /home/jw/jw/dgtr_ws/install/turtlebot3_node/share/turtlebot3_node/local_setup.zsh
[0.462s] -- Up-to-date symlink: /home/jw/jw/dgtr_ws/install/turtlebot3_node/share/turtlebot3_node/local_setup.dsv
[0.462s] -- Symlinking: /home/jw/jw/dgtr_ws/install/turtlebot3_node/share/turtlebot3_node/package.dsv
[0.467s] -- Up-to-date symlink: /home/jw/jw/dgtr_ws/install/turtlebot3_node/share/ament_index/resource_index/packages/turtlebot3_node
[0.468s] -- Up-to-date symlink: /home/jw/jw/dgtr_ws/install/turtlebot3_node/share/turtlebot3_node/cmake/ament_cmake_export_include_directories-extras.cmake
[0.468s] -- Up-to-date symlink: /home/jw/jw/dgtr_ws/install/turtlebot3_node/share/turtlebot3_node/cmake/turtlebot3_nodeConfig.cmake
[0.469s] -- Up-to-date symlink: /home/jw/jw/dgtr_ws/install/turtlebot3_node/share/turtlebot3_node/cmake/turtlebot3_nodeConfig-version.cmake
[0.469s] -- Up-to-date symlink: /home/jw/jw/dgtr_ws/install/turtlebot3_node/share/turtlebot3_node/package.xml
[0.527s] Invoked command in '/home/jw/jw/dgtr_ws/build/turtlebot3_node' returned '0': CMAKE_PREFIX_PATH=/opt/ros/humble /usr/bin/cmake --install /home/jw/jw/dgtr_ws/build/turtlebot3_node
