[0.943s] Invoking command in '/home/jw/jw/dgtr_ws/build/turtlebot3_example': PYTHONPATH=/home/jw/jw/dgtr_ws/build/turtlebot3_example/prefix_override:/home/jw/jw/dgtr_ws/install/turtlebot3_example/lib/python3.10/site-packages:${PYTHONPATH} /usr/bin/python3 setup.py develop --editable --build-directory /home/jw/jw/dgtr_ws/build/turtlebot3_example/build --no-deps install_data
[1.253s] running develop
[1.253s] /usr/lib/python3/dist-packages/setuptools/command/easy_install.py:158: EasyInstallDeprecationWarning: easy_install command is deprecated. Use build and pip and other standards-based tools.
[1.253s]   warnings.warn(
[1.255s] /usr/lib/python3/dist-packages/setuptools/command/install.py:34: SetuptoolsDeprecationWarning: setup.py install is deprecated. Use build and pip and other standards-based tools.
[1.255s]   warnings.warn(
[1.320s] /usr/lib/python3/dist-packages/pkg_resources/__init__.py:116: PkgResourcesDeprecationWarning: 0.1.43ubuntu1 is an invalid version and will not be supported in a future release
[1.321s]   warnings.warn(
[1.321s] /usr/lib/python3/dist-packages/pkg_resources/__init__.py:116: PkgResourcesDeprecationWarning: 1.1build1 is an invalid version and will not be supported in a future release
[1.321s]   warnings.warn(
[1.407s] running egg_info
[1.408s] creating turtlebot3_example.egg-info
[1.408s] writing turtlebot3_example.egg-info/PKG-INFO
[1.408s] writing dependency_links to turtlebot3_example.egg-info/dependency_links.txt
[1.408s] writing entry points to turtlebot3_example.egg-info/entry_points.txt
[1.408s] writing requirements to turtlebot3_example.egg-info/requires.txt
[1.408s] writing top-level names to turtlebot3_example.egg-info/top_level.txt
[1.408s] writing manifest file 'turtlebot3_example.egg-info/SOURCES.txt'
[1.410s] reading manifest file 'turtlebot3_example.egg-info/SOURCES.txt'
[1.410s] writing manifest file 'turtlebot3_example.egg-info/SOURCES.txt'
[1.412s] running build_ext
[1.412s] Creating /home/jw/jw/dgtr_ws/install/turtlebot3_example/lib/python3.10/site-packages/turtlebot3-example.egg-link (link to .)
[1.413s] Installing turtlebot3_obstacle_detection script to /home/jw/jw/dgtr_ws/install/turtlebot3_example/lib/turtlebot3_example
[1.413s] Installing turtlebot3_patrol_client script to /home/jw/jw/dgtr_ws/install/turtlebot3_example/lib/turtlebot3_example
[1.413s] Installing turtlebot3_patrol_server script to /home/jw/jw/dgtr_ws/install/turtlebot3_example/lib/turtlebot3_example
[1.413s] Installing turtlebot3_position_control script to /home/jw/jw/dgtr_ws/install/turtlebot3_example/lib/turtlebot3_example
[1.413s] 
[1.413s] Installed /home/jw/jw/dgtr_ws/build/turtlebot3_example
[1.413s] running install_data
[1.413s] creating /home/jw/jw/dgtr_ws/install/turtlebot3_example/share/ament_index
[1.413s] creating /home/jw/jw/dgtr_ws/install/turtlebot3_example/share/ament_index/resource_index
[1.413s] creating /home/jw/jw/dgtr_ws/install/turtlebot3_example/share/ament_index/resource_index/packages
[1.413s] copying resource/turtlebot3_example -> /home/jw/jw/dgtr_ws/install/turtlebot3_example/share/ament_index/resource_index/packages
[1.413s] copying package.xml -> /home/jw/jw/dgtr_ws/install/turtlebot3_example/share/turtlebot3_example
[1.437s] Invoked command in '/home/jw/jw/dgtr_ws/build/turtlebot3_example' returned '0': PYTHONPATH=/home/jw/jw/dgtr_ws/build/turtlebot3_example/prefix_override:/home/jw/jw/dgtr_ws/install/turtlebot3_example/lib/python3.10/site-packages:${PYTHONPATH} /usr/bin/python3 setup.py develop --editable --build-directory /home/jw/jw/dgtr_ws/build/turtlebot3_example/build --no-deps install_data
