[0.676s] Invoking command in '/home/jw/jw/dgtr_ws/build/turtlebot3_teleop': PYTHONPATH=/home/jw/jw/dgtr_ws/build/turtlebot3_teleop/prefix_override:/home/jw/jw/dgtr_ws/install/turtlebot3_teleop/lib/python3.10/site-packages:${PYTHONPATH} /usr/bin/python3 setup.py develop --editable --build-directory /home/jw/jw/dgtr_ws/build/turtlebot3_teleop/build --no-deps install_data
[0.845s] running develop
[0.845s] /usr/lib/python3/dist-packages/setuptools/command/easy_install.py:158: EasyInstallDeprecationWarning: easy_install command is deprecated. Use build and pip and other standards-based tools.
[0.845s]   warnings.warn(
[0.846s] /usr/lib/python3/dist-packages/setuptools/command/install.py:34: SetuptoolsDeprecationWarning: setup.py install is deprecated. Use build and pip and other standards-based tools.
[0.846s]   warnings.warn(
[0.883s] /usr/lib/python3/dist-packages/pkg_resources/__init__.py:116: PkgResourcesDeprecationWarning: 0.1.43ubuntu1 is an invalid version and will not be supported in a future release
[0.883s]   warnings.warn(
[0.883s] /usr/lib/python3/dist-packages/pkg_resources/__init__.py:116: PkgResourcesDeprecationWarning: 1.1build1 is an invalid version and will not be supported in a future release
[0.883s]   warnings.warn(
[0.951s] running egg_info
[0.951s] writing turtlebot3_teleop.egg-info/PKG-INFO
[0.951s] writing dependency_links to turtlebot3_teleop.egg-info/dependency_links.txt
[0.951s] writing entry points to turtlebot3_teleop.egg-info/entry_points.txt
[0.951s] writing requirements to turtlebot3_teleop.egg-info/requires.txt
[0.951s] writing top-level names to turtlebot3_teleop.egg-info/top_level.txt
[0.952s] reading manifest file 'turtlebot3_teleop.egg-info/SOURCES.txt'
[0.953s] writing manifest file 'turtlebot3_teleop.egg-info/SOURCES.txt'
[0.954s] running build_ext
[0.954s] Creating /home/jw/jw/dgtr_ws/install/turtlebot3_teleop/lib/python3.10/site-packages/turtlebot3-teleop.egg-link (link to .)
[0.955s] Installing teleop_keyboard script to /home/jw/jw/dgtr_ws/install/turtlebot3_teleop/lib/turtlebot3_teleop
[0.955s] 
[0.955s] Installed /home/jw/jw/dgtr_ws/build/turtlebot3_teleop
[0.955s] running install_data
[0.976s] Invoked command in '/home/jw/jw/dgtr_ws/build/turtlebot3_teleop' returned '0': PYTHONPATH=/home/jw/jw/dgtr_ws/build/turtlebot3_teleop/prefix_override:/home/jw/jw/dgtr_ws/install/turtlebot3_teleop/lib/python3.10/site-packages:${PYTHONPATH} /usr/bin/python3 setup.py develop --editable --build-directory /home/jw/jw/dgtr_ws/build/turtlebot3_teleop/build --no-deps install_data
