[0.037s] Invoking command in '/home/jw/jw/dgtr_ws/build/turtlebot3_cartographer': CMAKE_PREFIX_PATH=${CMAKE_PREFIX_PATH}:/home/jw/jw/dgtr_ws/install/turtlebot3_teleop:/home/jw/jw/dgtr_ws/install/turtlebot3_example:/opt/ros/humble /usr/bin/cmake --build /home/jw/jw/dgtr_ws/build/turtlebot3_cartographer -- -j8 -l8
[0.935s] Invoked command in '/home/jw/jw/dgtr_ws/build/turtlebot3_cartographer' returned '0': CMAKE_PREFIX_PATH=${CMAKE_PREFIX_PATH}:/home/jw/jw/dgtr_ws/install/turtlebot3_teleop:/home/jw/jw/dgtr_ws/install/turtlebot3_example:/opt/ros/humble /usr/bin/cmake --build /home/jw/jw/dgtr_ws/build/turtlebot3_cartographer -- -j8 -l8
[1.236s] Invoking command in '/home/jw/jw/dgtr_ws/build/turtlebot3_cartographer': CMAKE_PREFIX_PATH=${CMAKE_PREFIX_PATH}:/home/jw/jw/dgtr_ws/install/turtlebot3_teleop:/home/jw/jw/dgtr_ws/install/turtlebot3_example:/opt/ros/humble /usr/bin/cmake --install /home/jw/jw/dgtr_ws/build/turtlebot3_cartographer
[1.263s] -- Install configuration: ""
[1.263s] -- Execute custom install script
[1.263s] -- Up-to-date symlink: /home/jw/jw/dgtr_ws/install/turtlebot3_cartographer/share/turtlebot3_cartographer/config/turtlebot3_lds_2d.lua
[1.275s] -- Up-to-date symlink: /home/jw/jw/dgtr_ws/install/turtlebot3_cartographer/share/turtlebot3_cartographer/launch/cartographer.launch.py
[1.276s] -- Up-to-date symlink: /home/jw/jw/dgtr_ws/install/turtlebot3_cartographer/share/turtlebot3_cartographer/launch/occupancy_grid.launch.py
[1.282s] -- Up-to-date symlink: /home/jw/jw/dgtr_ws/install/turtlebot3_cartographer/share/turtlebot3_cartographer/rviz/tb3_cartographer.rviz
[1.283s] -- Up-to-date symlink: /home/jw/jw/dgtr_ws/install/turtlebot3_cartographer/share/ament_index/resource_index/package_run_dependencies/turtlebot3_cartographer
[1.283s] -- Up-to-date symlink: /home/jw/jw/dgtr_ws/install/turtlebot3_cartographer/share/ament_index/resource_index/parent_prefix_path/turtlebot3_cartographer
[1.283s] -- Up-to-date symlink: /home/jw/jw/dgtr_ws/install/turtlebot3_cartographer/share/turtlebot3_cartographer/environment/ament_prefix_path.sh
[1.284s] -- Up-to-date symlink: /home/jw/jw/dgtr_ws/install/turtlebot3_cartographer/share/turtlebot3_cartographer/environment/ament_prefix_path.dsv
[1.284s] -- Up-to-date symlink: /home/jw/jw/dgtr_ws/install/turtlebot3_cartographer/share/turtlebot3_cartographer/environment/path.sh
[1.285s] -- Up-to-date symlink: /home/jw/jw/dgtr_ws/install/turtlebot3_cartographer/share/turtlebot3_cartographer/environment/path.dsv
[1.285s] -- Up-to-date symlink: /home/jw/jw/dgtr_ws/install/turtlebot3_cartographer/share/turtlebot3_cartographer/local_setup.bash
[1.285s] -- Up-to-date symlink: /home/jw/jw/dgtr_ws/install/turtlebot3_cartographer/share/turtlebot3_cartographer/local_setup.sh
[1.286s] -- Up-to-date symlink: /home/jw/jw/dgtr_ws/install/turtlebot3_cartographer/share/turtlebot3_cartographer/local_setup.zsh
[1.286s] -- Up-to-date symlink: /home/jw/jw/dgtr_ws/install/turtlebot3_cartographer/share/turtlebot3_cartographer/local_setup.dsv
[1.287s] -- Symlinking: /home/jw/jw/dgtr_ws/install/turtlebot3_cartographer/share/turtlebot3_cartographer/package.dsv
[1.323s] -- Up-to-date symlink: /home/jw/jw/dgtr_ws/install/turtlebot3_cartographer/share/ament_index/resource_index/packages/turtlebot3_cartographer
[1.323s] -- Up-to-date symlink: /home/jw/jw/dgtr_ws/install/turtlebot3_cartographer/share/turtlebot3_cartographer/cmake/turtlebot3_cartographerConfig.cmake
[1.323s] -- Up-to-date symlink: /home/jw/jw/dgtr_ws/install/turtlebot3_cartographer/share/turtlebot3_cartographer/cmake/turtlebot3_cartographerConfig-version.cmake
[1.324s] -- Up-to-date symlink: /home/jw/jw/dgtr_ws/install/turtlebot3_cartographer/share/turtlebot3_cartographer/package.xml
[1.364s] Invoked command in '/home/jw/jw/dgtr_ws/build/turtlebot3_cartographer' returned '0': CMAKE_PREFIX_PATH=${CMAKE_PREFIX_PATH}:/home/jw/jw/dgtr_ws/install/turtlebot3_teleop:/home/jw/jw/dgtr_ws/install/turtlebot3_example:/opt/ros/humble /usr/bin/cmake --install /home/jw/jw/dgtr_ws/build/turtlebot3_cartographer
