[0.033s] Invoking command in '/home/jw/jw/dgtr_ws/build/turtlebot3_cartographer': CMAKE_PREFIX_PATH=/opt/ros/humble /usr/bin/cmake --build /home/jw/jw/dgtr_ws/build/turtlebot3_cartographer -- -j8 -l8
[0.389s] Invoked command in '/home/jw/jw/dgtr_ws/build/turtlebot3_cartographer' returned '0': CMAKE_PREFIX_PATH=/opt/ros/humble /usr/bin/cmake --build /home/jw/jw/dgtr_ws/build/turtlebot3_cartographer -- -j8 -l8
[0.415s] Invoking command in '/home/jw/jw/dgtr_ws/build/turtlebot3_cartographer': CMAKE_PREFIX_PATH=/opt/ros/humble /usr/bin/cmake --install /home/jw/jw/dgtr_ws/build/turtlebot3_cartographer
[0.422s] -- Install configuration: ""
[0.422s] -- Execute custom install script
[0.424s] -- Up-to-date symlink: /home/jw/jw/dgtr_ws/install/turtlebot3_cartographer/share/turtlebot3_cartographer/config/turtlebot3_lds_2d.lua
[0.424s] -- Up-to-date symlink: /home/jw/jw/dgtr_ws/install/turtlebot3_cartographer/share/turtlebot3_cartographer/launch/cartographer.launch.py
[0.424s] -- Up-to-date symlink: /home/jw/jw/dgtr_ws/install/turtlebot3_cartographer/share/turtlebot3_cartographer/launch/occupancy_grid.launch.py
[0.424s] -- Up-to-date symlink: /home/jw/jw/dgtr_ws/install/turtlebot3_cartographer/share/turtlebot3_cartographer/rviz/tb3_cartographer.rviz
[0.424s] -- Up-to-date symlink: /home/jw/jw/dgtr_ws/install/turtlebot3_cartographer/share/ament_index/resource_index/package_run_dependencies/turtlebot3_cartographer
[0.424s] -- Up-to-date symlink: /home/jw/jw/dgtr_ws/install/turtlebot3_cartographer/share/ament_index/resource_index/parent_prefix_path/turtlebot3_cartographer
[0.424s] -- Up-to-date symlink: /home/jw/jw/dgtr_ws/install/turtlebot3_cartographer/share/turtlebot3_cartographer/environment/ament_prefix_path.sh
[0.425s] -- Up-to-date symlink: /home/jw/jw/dgtr_ws/install/turtlebot3_cartographer/share/turtlebot3_cartographer/environment/ament_prefix_path.dsv
[0.425s] -- Up-to-date symlink: /home/jw/jw/dgtr_ws/install/turtlebot3_cartographer/share/turtlebot3_cartographer/environment/path.sh
[0.425s] -- Up-to-date symlink: /home/jw/jw/dgtr_ws/install/turtlebot3_cartographer/share/turtlebot3_cartographer/environment/path.dsv
[0.425s] -- Up-to-date symlink: /home/jw/jw/dgtr_ws/install/turtlebot3_cartographer/share/turtlebot3_cartographer/local_setup.bash
[0.425s] -- Up-to-date symlink: /home/jw/jw/dgtr_ws/install/turtlebot3_cartographer/share/turtlebot3_cartographer/local_setup.sh
[0.425s] -- Up-to-date symlink: /home/jw/jw/dgtr_ws/install/turtlebot3_cartographer/share/turtlebot3_cartographer/local_setup.zsh
[0.426s] -- Up-to-date symlink: /home/jw/jw/dgtr_ws/install/turtlebot3_cartographer/share/turtlebot3_cartographer/local_setup.dsv
[0.426s] -- Symlinking: /home/jw/jw/dgtr_ws/install/turtlebot3_cartographer/share/turtlebot3_cartographer/package.dsv
[0.434s] -- Up-to-date symlink: /home/jw/jw/dgtr_ws/install/turtlebot3_cartographer/share/ament_index/resource_index/packages/turtlebot3_cartographer
[0.437s] -- Up-to-date symlink: /home/jw/jw/dgtr_ws/install/turtlebot3_cartographer/share/turtlebot3_cartographer/cmake/turtlebot3_cartographerConfig.cmake
[0.438s] -- Up-to-date symlink: /home/jw/jw/dgtr_ws/install/turtlebot3_cartographer/share/turtlebot3_cartographer/cmake/turtlebot3_cartographerConfig-version.cmake
[0.438s] -- Up-to-date symlink: /home/jw/jw/dgtr_ws/install/turtlebot3_cartographer/share/turtlebot3_cartographer/package.xml
[0.439s] Invoked command in '/home/jw/jw/dgtr_ws/build/turtlebot3_cartographer' returned '0': CMAKE_PREFIX_PATH=/opt/ros/humble /usr/bin/cmake --install /home/jw/jw/dgtr_ws/build/turtlebot3_cartographer
