[0.009s] Invoking command in '/home/jw/jw/dgtr_ws/build/turtlebot3': AMENT_PREFIX_PATH=/home/jw/jw/dgtr_ws/install/turtlebot3_bringup:/home/jw/jw/dgtr_ws/install/turtlebot3_teleop:/home/jw/jw/dgtr_ws/install/turtlebot3_node:/home/jw/jw/dgtr_ws/install/turtlebot3_navigation2:/home/jw/jw/dgtr_ws/install/turtlebot3_example:/home/jw/jw/dgtr_ws/install/turtlebot3_description:/home/jw/jw/dgtr_ws/install/turtlebot3_cartographer:${AMENT_PREFIX_PATH} CMAKE_PREFIX_PATH=/home/jw/jw/dgtr_ws/install/turtlebot3_bringup:/home/jw/jw/dgtr_ws/install/turtlebot3_node:/home/jw/jw/dgtr_ws/install/turtlebot3_navigation2:/home/jw/jw/dgtr_ws/install/turtlebot3_description:/home/jw/jw/dgtr_ws/install/turtlebot3_cartographer:/opt/ros/humble PYTHONPATH=/home/jw/jw/dgtr_ws/build/turtlebot3_teleop:/home/jw/jw/dgtr_ws/install/turtlebot3_teleop/lib/python3.10/site-packages:/home/jw/jw/dgtr_ws/build/turtlebot3_example:/home/jw/jw/dgtr_ws/install/turtlebot3_example/lib/python3.10/site-packages:${PYTHONPATH} /usr/bin/cmake --build /home/jw/jw/dgtr_ws/build/turtlebot3 -- -j8 -l8
[0.032s] Invoked command in '/home/jw/jw/dgtr_ws/build/turtlebot3' returned '0': AMENT_PREFIX_PATH=/home/jw/jw/dgtr_ws/install/turtlebot3_bringup:/home/jw/jw/dgtr_ws/install/turtlebot3_teleop:/home/jw/jw/dgtr_ws/install/turtlebot3_node:/home/jw/jw/dgtr_ws/install/turtlebot3_navigation2:/home/jw/jw/dgtr_ws/install/turtlebot3_example:/home/jw/jw/dgtr_ws/install/turtlebot3_description:/home/jw/jw/dgtr_ws/install/turtlebot3_cartographer:${AMENT_PREFIX_PATH} CMAKE_PREFIX_PATH=/home/jw/jw/dgtr_ws/install/turtlebot3_bringup:/home/jw/jw/dgtr_ws/install/turtlebot3_node:/home/jw/jw/dgtr_ws/install/turtlebot3_navigation2:/home/jw/jw/dgtr_ws/install/turtlebot3_description:/home/jw/jw/dgtr_ws/install/turtlebot3_cartographer:/opt/ros/humble PYTHONPATH=/home/jw/jw/dgtr_ws/build/turtlebot3_teleop:/home/jw/jw/dgtr_ws/install/turtlebot3_teleop/lib/python3.10/site-packages:/home/jw/jw/dgtr_ws/build/turtlebot3_example:/home/jw/jw/dgtr_ws/install/turtlebot3_example/lib/python3.10/site-packages:${PYTHONPATH} /usr/bin/cmake --build /home/jw/jw/dgtr_ws/build/turtlebot3 -- -j8 -l8
[0.047s] Invoking command in '/home/jw/jw/dgtr_ws/build/turtlebot3': AMENT_PREFIX_PATH=/home/jw/jw/dgtr_ws/install/turtlebot3_bringup:/home/jw/jw/dgtr_ws/install/turtlebot3_teleop:/home/jw/jw/dgtr_ws/install/turtlebot3_node:/home/jw/jw/dgtr_ws/install/turtlebot3_navigation2:/home/jw/jw/dgtr_ws/install/turtlebot3_example:/home/jw/jw/dgtr_ws/install/turtlebot3_description:/home/jw/jw/dgtr_ws/install/turtlebot3_cartographer:${AMENT_PREFIX_PATH} CMAKE_PREFIX_PATH=/home/jw/jw/dgtr_ws/install/turtlebot3_bringup:/home/jw/jw/dgtr_ws/install/turtlebot3_node:/home/jw/jw/dgtr_ws/install/turtlebot3_navigation2:/home/jw/jw/dgtr_ws/install/turtlebot3_description:/home/jw/jw/dgtr_ws/install/turtlebot3_cartographer:/opt/ros/humble PYTHONPATH=/home/jw/jw/dgtr_ws/build/turtlebot3_teleop:/home/jw/jw/dgtr_ws/install/turtlebot3_teleop/lib/python3.10/site-packages:/home/jw/jw/dgtr_ws/build/turtlebot3_example:/home/jw/jw/dgtr_ws/install/turtlebot3_example/lib/python3.10/site-packages:${PYTHONPATH} /usr/bin/cmake --install /home/jw/jw/dgtr_ws/build/turtlebot3
[0.054s] -- Install configuration: ""
[0.054s] -- Execute custom install script
[0.054s] -- Up-to-date symlink: /home/jw/jw/dgtr_ws/install/turtlebot3/share/ament_index/resource_index/package_run_dependencies/turtlebot3
[0.054s] -- Up-to-date symlink: /home/jw/jw/dgtr_ws/install/turtlebot3/share/ament_index/resource_index/parent_prefix_path/turtlebot3
[0.054s] -- Up-to-date symlink: /home/jw/jw/dgtr_ws/install/turtlebot3/share/turtlebot3/environment/ament_prefix_path.sh
[0.054s] -- Up-to-date symlink: /home/jw/jw/dgtr_ws/install/turtlebot3/share/turtlebot3/environment/ament_prefix_path.dsv
[0.054s] -- Up-to-date symlink: /home/jw/jw/dgtr_ws/install/turtlebot3/share/turtlebot3/environment/path.sh
[0.054s] -- Up-to-date symlink: /home/jw/jw/dgtr_ws/install/turtlebot3/share/turtlebot3/environment/path.dsv
[0.055s] -- Up-to-date symlink: /home/jw/jw/dgtr_ws/install/turtlebot3/share/turtlebot3/local_setup.bash
[0.055s] -- Up-to-date symlink: /home/jw/jw/dgtr_ws/install/turtlebot3/share/turtlebot3/local_setup.sh
[0.055s] -- Up-to-date symlink: /home/jw/jw/dgtr_ws/install/turtlebot3/share/turtlebot3/local_setup.zsh
[0.055s] -- Up-to-date symlink: /home/jw/jw/dgtr_ws/install/turtlebot3/share/turtlebot3/local_setup.dsv
[0.055s] -- Symlinking: /home/jw/jw/dgtr_ws/install/turtlebot3/share/turtlebot3/package.dsv
[0.061s] -- Up-to-date symlink: /home/jw/jw/dgtr_ws/install/turtlebot3/share/ament_index/resource_index/packages/turtlebot3
[0.061s] -- Up-to-date symlink: /home/jw/jw/dgtr_ws/install/turtlebot3/share/turtlebot3/cmake/turtlebot3Config.cmake
[0.061s] -- Up-to-date symlink: /home/jw/jw/dgtr_ws/install/turtlebot3/share/turtlebot3/cmake/turtlebot3Config-version.cmake
[0.062s] -- Up-to-date symlink: /home/jw/jw/dgtr_ws/install/turtlebot3/share/turtlebot3/package.xml
[0.066s] Invoked command in '/home/jw/jw/dgtr_ws/build/turtlebot3' returned '0': AMENT_PREFIX_PATH=/home/jw/jw/dgtr_ws/install/turtlebot3_bringup:/home/jw/jw/dgtr_ws/install/turtlebot3_teleop:/home/jw/jw/dgtr_ws/install/turtlebot3_node:/home/jw/jw/dgtr_ws/install/turtlebot3_navigation2:/home/jw/jw/dgtr_ws/install/turtlebot3_example:/home/jw/jw/dgtr_ws/install/turtlebot3_description:/home/jw/jw/dgtr_ws/install/turtlebot3_cartographer:${AMENT_PREFIX_PATH} CMAKE_PREFIX_PATH=/home/jw/jw/dgtr_ws/install/turtlebot3_bringup:/home/jw/jw/dgtr_ws/install/turtlebot3_node:/home/jw/jw/dgtr_ws/install/turtlebot3_navigation2:/home/jw/jw/dgtr_ws/install/turtlebot3_description:/home/jw/jw/dgtr_ws/install/turtlebot3_cartographer:/opt/ros/humble PYTHONPATH=/home/jw/jw/dgtr_ws/build/turtlebot3_teleop:/home/jw/jw/dgtr_ws/install/turtlebot3_teleop/lib/python3.10/site-packages:/home/jw/jw/dgtr_ws/build/turtlebot3_example:/home/jw/jw/dgtr_ws/install/turtlebot3_example/lib/python3.10/site-packages:${PYTHONPATH} /usr/bin/cmake --install /home/jw/jw/dgtr_ws/build/turtlebot3
