[0.975s] Invoking command in '/home/jw/jw/dgtr_ws/build/turtlebot3_example': PYTHONPATH=/home/jw/jw/dgtr_ws/build/turtlebot3_example/prefix_override:/home/jw/jw/dgtr_ws/install/turtlebot3_example/lib/python3.10/site-packages:${PYTHONPATH} /usr/bin/python3 setup.py develop --editable --build-directory /home/jw/jw/dgtr_ws/build/turtlebot3_example/build --no-deps install_data
[1.225s] running develop
[1.375s] running egg_info
[1.375s] writing turtlebot3_example.egg-info/PKG-INFO
[1.376s] writing dependency_links to turtlebot3_example.egg-info/dependency_links.txt
[1.376s] writing entry points to turtlebot3_example.egg-info/entry_points.txt
[1.376s] writing requirements to turtlebot3_example.egg-info/requires.txt
[1.376s] writing top-level names to turtlebot3_example.egg-info/top_level.txt
[1.379s] reading manifest file 'turtlebot3_example.egg-info/SOURCES.txt'
[1.380s] writing manifest file 'turtlebot3_example.egg-info/SOURCES.txt'
[1.381s] running build_ext
[1.382s] Creating /home/jw/jw/dgtr_ws/install/turtlebot3_example/lib/python3.10/site-packages/turtlebot3-example.egg-link (link to .)
[1.382s] Installing turtlebot3_obstacle_detection script to /home/jw/jw/dgtr_ws/install/turtlebot3_example/lib/turtlebot3_example
[1.383s] Installing turtlebot3_patrol_client script to /home/jw/jw/dgtr_ws/install/turtlebot3_example/lib/turtlebot3_example
[1.383s] Installing turtlebot3_patrol_server script to /home/jw/jw/dgtr_ws/install/turtlebot3_example/lib/turtlebot3_example
[1.383s] Installing turtlebot3_position_control script to /home/jw/jw/dgtr_ws/install/turtlebot3_example/lib/turtlebot3_example
[1.383s] 
[1.383s] Installed /home/jw/jw/dgtr_ws/build/turtlebot3_example
[1.383s] running install_data
[1.419s] Invoked command in '/home/jw/jw/dgtr_ws/build/turtlebot3_example' returned '0': PYTHONPATH=/home/jw/jw/dgtr_ws/build/turtlebot3_example/prefix_override:/home/jw/jw/dgtr_ws/install/turtlebot3_example/lib/python3.10/site-packages:${PYTHONPATH} /usr/bin/python3 setup.py develop --editable --build-directory /home/jw/jw/dgtr_ws/build/turtlebot3_example/build --no-deps install_data
