[0.013s] Invoking command in '/home/jw/jw/dgtr_ws/build/turtlebot3_bringup': CMAKE_PREFIX_PATH=/home/jw/jw/dgtr_ws/install/turtlebot3_node:/home/jw/jw/dgtr_ws/install/turtlebot3_description:/home/jw/jw/dgtr_ws/install/turtlebot3:/home/jw/jw/dgtr_ws/install/turtlebot3_simulations:/home/jw/jw/dgtr_ws/install/turtlebot3_bringup:/home/jw/jw/dgtr_ws/install/turtlebot3_navigation2:/home/jw/jw/dgtr_ws/install/turtlebot3_gazebo:/home/jw/jw/dgtr_ws/install/turtlebot3_fake_node:/home/jw/jw/dgtr_ws/install/turtlebot3_cartographer:/home/jw/jw/dgtr_ws/install/turtlebot3_teleop:/home/jw/jw/dgtr_ws/install/turtlebot3_example:/opt/ros/humble /usr/bin/cmake --build /home/jw/jw/dgtr_ws/build/turtlebot3_bringup -- -j8 -l8
[0.042s] Invoked command in '/home/jw/jw/dgtr_ws/build/turtlebot3_bringup' returned '0': CMAKE_PREFIX_PATH=/home/jw/jw/dgtr_ws/install/turtlebot3_node:/home/jw/jw/dgtr_ws/install/turtlebot3_description:/home/jw/jw/dgtr_ws/install/turtlebot3:/home/jw/jw/dgtr_ws/install/turtlebot3_simulations:/home/jw/jw/dgtr_ws/install/turtlebot3_bringup:/home/jw/jw/dgtr_ws/install/turtlebot3_navigation2:/home/jw/jw/dgtr_ws/install/turtlebot3_gazebo:/home/jw/jw/dgtr_ws/install/turtlebot3_fake_node:/home/jw/jw/dgtr_ws/install/turtlebot3_cartographer:/home/jw/jw/dgtr_ws/install/turtlebot3_teleop:/home/jw/jw/dgtr_ws/install/turtlebot3_example:/opt/ros/humble /usr/bin/cmake --build /home/jw/jw/dgtr_ws/build/turtlebot3_bringup -- -j8 -l8
[0.059s] Invoking command in '/home/jw/jw/dgtr_ws/build/turtlebot3_bringup': CMAKE_PREFIX_PATH=/home/jw/jw/dgtr_ws/install/turtlebot3_node:/home/jw/jw/dgtr_ws/install/turtlebot3_description:/home/jw/jw/dgtr_ws/install/turtlebot3:/home/jw/jw/dgtr_ws/install/turtlebot3_simulations:/home/jw/jw/dgtr_ws/install/turtlebot3_bringup:/home/jw/jw/dgtr_ws/install/turtlebot3_navigation2:/home/jw/jw/dgtr_ws/install/turtlebot3_gazebo:/home/jw/jw/dgtr_ws/install/turtlebot3_fake_node:/home/jw/jw/dgtr_ws/install/turtlebot3_cartographer:/home/jw/jw/dgtr_ws/install/turtlebot3_teleop:/home/jw/jw/dgtr_ws/install/turtlebot3_example:/opt/ros/humble /usr/bin/cmake --install /home/jw/jw/dgtr_ws/build/turtlebot3_bringup
[0.065s] -- Install configuration: ""
[0.065s] -- Execute custom install script
[0.066s] -- Up-to-date symlink: /home/jw/jw/dgtr_ws/install/turtlebot3_bringup/share/turtlebot3_bringup/launch/robot.launch.py
[0.066s] -- Up-to-date symlink: /home/jw/jw/dgtr_ws/install/turtlebot3_bringup/share/turtlebot3_bringup/launch/rviz2.launch.py
[0.066s] -- Up-to-date symlink: /home/jw/jw/dgtr_ws/install/turtlebot3_bringup/share/turtlebot3_bringup/launch/turtlebot3_state_publisher.launch.py
[0.066s] -- Up-to-date symlink: /home/jw/jw/dgtr_ws/install/turtlebot3_bringup/share/turtlebot3_bringup/param/burger.yaml
[0.066s] -- Up-to-date symlink: /home/jw/jw/dgtr_ws/install/turtlebot3_bringup/share/turtlebot3_bringup/param/waffle.yaml
[0.067s] -- Up-to-date symlink: /home/jw/jw/dgtr_ws/install/turtlebot3_bringup/share/turtlebot3_bringup/param/waffle_pi.yaml
[0.067s] -- Up-to-date symlink: /home/jw/jw/dgtr_ws/install/turtlebot3_bringup/share/turtlebot3_bringup/script/99-turtlebot3-cdc.rules
[0.067s] -- Up-to-date symlink: /home/jw/jw/dgtr_ws/install/turtlebot3_bringup/share/turtlebot3_bringup/script/create_udev_rules
[0.067s] -- Up-to-date symlink: /home/jw/jw/dgtr_ws/install/turtlebot3_bringup/share/ament_index/resource_index/package_run_dependencies/turtlebot3_bringup
[0.067s] -- Up-to-date symlink: /home/jw/jw/dgtr_ws/install/turtlebot3_bringup/share/ament_index/resource_index/parent_prefix_path/turtlebot3_bringup
[0.067s] -- Up-to-date symlink: /home/jw/jw/dgtr_ws/install/turtlebot3_bringup/share/turtlebot3_bringup/environment/ament_prefix_path.sh
[0.068s] -- Up-to-date symlink: /home/jw/jw/dgtr_ws/install/turtlebot3_bringup/share/turtlebot3_bringup/environment/ament_prefix_path.dsv
[0.068s] -- Up-to-date symlink: /home/jw/jw/dgtr_ws/install/turtlebot3_bringup/share/turtlebot3_bringup/environment/path.sh
[0.068s] -- Up-to-date symlink: /home/jw/jw/dgtr_ws/install/turtlebot3_bringup/share/turtlebot3_bringup/environment/path.dsv
[0.068s] -- Up-to-date symlink: /home/jw/jw/dgtr_ws/install/turtlebot3_bringup/share/turtlebot3_bringup/local_setup.bash
[0.068s] -- Up-to-date symlink: /home/jw/jw/dgtr_ws/install/turtlebot3_bringup/share/turtlebot3_bringup/local_setup.sh
[0.069s] -- Up-to-date symlink: /home/jw/jw/dgtr_ws/install/turtlebot3_bringup/share/turtlebot3_bringup/local_setup.zsh
[0.069s] -- Up-to-date symlink: /home/jw/jw/dgtr_ws/install/turtlebot3_bringup/share/turtlebot3_bringup/local_setup.dsv
[0.069s] -- Symlinking: /home/jw/jw/dgtr_ws/install/turtlebot3_bringup/share/turtlebot3_bringup/package.dsv
[0.078s] -- Up-to-date symlink: /home/jw/jw/dgtr_ws/install/turtlebot3_bringup/share/ament_index/resource_index/packages/turtlebot3_bringup
[0.078s] -- Up-to-date symlink: /home/jw/jw/dgtr_ws/install/turtlebot3_bringup/share/turtlebot3_bringup/cmake/turtlebot3_bringupConfig.cmake
[0.078s] -- Up-to-date symlink: /home/jw/jw/dgtr_ws/install/turtlebot3_bringup/share/turtlebot3_bringup/cmake/turtlebot3_bringupConfig-version.cmake
[0.078s] -- Up-to-date symlink: /home/jw/jw/dgtr_ws/install/turtlebot3_bringup/share/turtlebot3_bringup/package.xml
[0.087s] Invoked command in '/home/jw/jw/dgtr_ws/build/turtlebot3_bringup' returned '0': CMAKE_PREFIX_PATH=/home/jw/jw/dgtr_ws/install/turtlebot3_node:/home/jw/jw/dgtr_ws/install/turtlebot3_description:/home/jw/jw/dgtr_ws/install/turtlebot3:/home/jw/jw/dgtr_ws/install/turtlebot3_simulations:/home/jw/jw/dgtr_ws/install/turtlebot3_bringup:/home/jw/jw/dgtr_ws/install/turtlebot3_navigation2:/home/jw/jw/dgtr_ws/install/turtlebot3_gazebo:/home/jw/jw/dgtr_ws/install/turtlebot3_fake_node:/home/jw/jw/dgtr_ws/install/turtlebot3_cartographer:/home/jw/jw/dgtr_ws/install/turtlebot3_teleop:/home/jw/jw/dgtr_ws/install/turtlebot3_example:/opt/ros/humble /usr/bin/cmake --install /home/jw/jw/dgtr_ws/build/turtlebot3_bringup
