[0.678s] Invoking command in '/home/jw/jw/dgtr_ws/build/turtlebot3_teleop': PYTHONPATH=/home/jw/jw/dgtr_ws/build/turtlebot3_teleop/prefix_override:/home/jw/jw/dgtr_ws/install/turtlebot3_teleop/lib/python3.10/site-packages:${PYTHONPATH} /usr/bin/python3 setup.py develop --editable --build-directory /home/jw/jw/dgtr_ws/build/turtlebot3_teleop/build --no-deps install_data
[0.851s] running develop
[0.851s] /home/jw/.local/lib/python3.10/site-packages/setuptools/command/easy_install.py:156: EasyInstallDeprecationWarning: easy_install command is deprecated. Use build and pip and other standards-based tools.
[0.851s]   warnings.warn(
[0.852s] /home/jw/.local/lib/python3.10/site-packages/setuptools/command/install.py:34: SetuptoolsDeprecationWarning: setup.py install is deprecated. Use build and pip and other standards-based tools.
[0.852s]   warnings.warn(
[0.956s] running egg_info
[0.956s] writing turtlebot3_teleop.egg-info/PKG-INFO
[0.957s] writing dependency_links to turtlebot3_teleop.egg-info/dependency_links.txt
[0.957s] writing entry points to turtlebot3_teleop.egg-info/entry_points.txt
[0.957s] writing requirements to turtlebot3_teleop.egg-info/requires.txt
[0.957s] writing top-level names to turtlebot3_teleop.egg-info/top_level.txt
[0.958s] reading manifest file 'turtlebot3_teleop.egg-info/SOURCES.txt'
[0.958s] writing manifest file 'turtlebot3_teleop.egg-info/SOURCES.txt'
[0.959s] running build_ext
[0.959s] Creating /home/jw/jw/dgtr_ws/install/turtlebot3_teleop/lib/python3.10/site-packages/turtlebot3-teleop.egg-link (link to .)
[0.960s] Installing teleop_keyboard script to /home/jw/jw/dgtr_ws/install/turtlebot3_teleop/lib/turtlebot3_teleop
[0.960s] 
[0.960s] Installed /home/jw/jw/dgtr_ws/build/turtlebot3_teleop
[0.960s] running install_data
[0.995s] Invoked command in '/home/jw/jw/dgtr_ws/build/turtlebot3_teleop' returned '0': PYTHONPATH=/home/jw/jw/dgtr_ws/build/turtlebot3_teleop/prefix_override:/home/jw/jw/dgtr_ws/install/turtlebot3_teleop/lib/python3.10/site-packages:${PYTHONPATH} /usr/bin/python3 setup.py develop --editable --build-directory /home/jw/jw/dgtr_ws/build/turtlebot3_teleop/build --no-deps install_data
